Using pre-set license
Built from '2021.3/staging' branch; Version is '2021.3.6f1 (7da38d85baf6) revision 8233869'; Using compiler version '192829333'; Build Type 'Release'
OS: 'Windows 11  (10.0.22000) 64bit Core' Language: 'en' Physical Memory: 32681 MB
BatchMode: 1, IsHumanControllingUs: 0, StartBugReporterOnCrash: 0, Is64bit: 1, IsPro: 1

COMMAND LINE ARGUMENTS:
C:\UnityEditors\2021.3.6f1\Editor\Unity.exe
-adb2
-batchMode
-noUpm
-name
AssetImportWorker42
-projectPath
C:/MYWHOLEASSDESKTOP/RealmRush/RealmRush
-logFile
Logs/AssetImportWorker42.log
-srvPort
58047
Successfully changed project path to: C:/MYWHOLEASSDESKTOP/RealmRush/RealmRush
C:/MYWHOLEASSDESKTOP/RealmRush/RealmRush
[UnityMemory] Configuration Parameters - Can be set up in boot.config
    "memorysetup-bucket-allocator-granularity=16"
    "memorysetup-bucket-allocator-bucket-count=8"
    "memorysetup-bucket-allocator-block-size=33554432"
    "memorysetup-bucket-allocator-block-count=8"
    "memorysetup-main-allocator-block-size=16777216"
    "memorysetup-thread-allocator-block-size=16777216"
    "memorysetup-gfx-main-allocator-block-size=16777216"
    "memorysetup-gfx-thread-allocator-block-size=16777216"
    "memorysetup-cache-allocator-block-size=4194304"
    "memorysetup-typetree-allocator-block-size=2097152"
    "memorysetup-profiler-bucket-allocator-granularity=16"
    "memorysetup-profiler-bucket-allocator-bucket-count=8"
    "memorysetup-profiler-bucket-allocator-block-size=33554432"
    "memorysetup-profiler-bucket-allocator-block-count=8"
    "memorysetup-profiler-allocator-block-size=16777216"
    "memorysetup-profiler-editor-allocator-block-size=1048576"
    "memorysetup-temp-allocator-size-main=16777216"
    "memorysetup-job-temp-allocator-block-size=2097152"
    "memorysetup-job-temp-allocator-block-size-background=1048576"
    "memorysetup-job-temp-allocator-reduction-small-platforms=262144"
    "memorysetup-temp-allocator-size-background-worker=32768"
    "memorysetup-temp-allocator-size-job-worker=262144"
    "memorysetup-temp-allocator-size-preload-manager=33554432"
    "memorysetup-temp-allocator-size-nav-mesh-worker=65536"
    "memorysetup-temp-allocator-size-audio-worker=65536"
    "memorysetup-temp-allocator-size-cloud-worker=32768"
    "memorysetup-temp-allocator-size-gi-baking-worker=262144"
    "memorysetup-temp-allocator-size-gfx=262144"
Refreshing native plugins compatible for Editor in 428.12 ms, found 3 plugins.
Preloading 0 native plugins for Editor in 0.00 ms.
Initialize engine version: 2021.3.6f1 (7da38d85baf6)
[Subsystems] Discovering subsystems at path C:/UnityEditors/2021.3.6f1/Editor/Data/Resources/UnitySubsystems
[Subsystems] Discovering subsystems at path C:/MYWHOLEASSDESKTOP/RealmRush/RealmRush/Assets
GfxDevice: creating device client; threaded=0; jobified=0
Direct3D:
    Version:  Direct3D 11.0 [level 11.1]
    Renderer: NVIDIA GeForce RTX 2080 Ti (ID=0x1e07)
    Vendor:   NVIDIA
    VRAM:     11049 MB
    Driver:   31.0.15.1659
Initialize mono
Mono path[0] = 'C:/UnityEditors/2021.3.6f1/Editor/Data/Managed'
Mono path[1] = 'C:/UnityEditors/2021.3.6f1/Editor/Data/MonoBleedingEdge/lib/mono/unityjit-win32'
Mono config path = 'C:/UnityEditors/2021.3.6f1/Editor/Data/MonoBleedingEdge/etc'
Using monoOptions --debugger-agent=transport=dt_socket,embedding=1,server=y,suspend=n,address=127.0.0.1:56296
Begin MonoManager ReloadAssembly
Registering precompiled unity dll's ...
Register platform support module: C:/UnityEditors/2021.3.6f1/Editor/Data/PlaybackEngines/WebGLSupport/UnityEditor.WebGL.Extensions.dll
Register platform support module: C:/UnityEditors/2021.3.6f1/Editor/Data/PlaybackEngines/MacStandaloneSupport/UnityEditor.OSXStandalone.Extensions.dll
Register platform support module: C:/UnityEditors/2021.3.6f1/Editor/Data/PlaybackEngines/AndroidPlayer/UnityEditor.Android.Extensions.dll
Register platform support module: C:/UnityEditors/2021.3.6f1/Editor/Data/PlaybackEngines/iOSSupport/UnityEditor.iOS.Extensions.dll
Register platform support module: C:/UnityEditors/2021.3.6f1/Editor/Data/PlaybackEngines/AppleTVSupport/UnityEditor.AppleTV.Extensions.dll
Register platform support module: C:/UnityEditors/2021.3.6f1/Editor/Data/PlaybackEngines/WindowsStandaloneSupport/UnityEditor.WindowsStandalone.Extensions.dll
Register platform support module: C:/UnityEditors/2021.3.6f1/Editor/Data/PlaybackEngines/LinuxStandaloneSupport/UnityEditor.LinuxStandalone.Extensions.dll
Register platform support module: C:/UnityEditors/2021.3.6f1/Editor/Data/PlaybackEngines/MetroSupport/UnityEditor.UWP.Extensions.dll
Registered in 0.004569 seconds.
Native extension for UWP target not found
Native extension for LinuxStandalone target not found
Native extension for WindowsStandalone target not found
[usbmuxd] Start listen thread
[usbmuxd] Listen thread started
Native extension for AppleTV target not found
[usbmuxd] Start listen thread
[usbmuxd] Listen thread started
Native extension for iOS target not found
Native extension for Android target not found
Native extension for OSXStandalone target not found
Native extension for WebGL target not found
Refreshing native plugins compatible for Editor in 457.75 ms, found 3 plugins.
Preloading 0 native plugins for Editor in 0.00 ms.
Mono: successfully reloaded assembly
- Completed reload, in  0.939 seconds
Domain Reload Profiling:
	ReloadAssembly (940ms)
		BeginReloadAssembly (50ms)
			ExecutionOrderSort (0ms)
			DisableScriptedObjects (0ms)
			BackupInstance (0ms)
			ReleaseScriptingObjects (0ms)
			CreateAndSetChildDomain (1ms)
		EndReloadAssembly (803ms)
			LoadAssemblies (50ms)
			RebuildTransferFunctionScriptingTraits (0ms)
			SetupTypeCache (93ms)
			ReleaseScriptCaches (0ms)
			RebuildScriptCaches (23ms)
			SetupLoadedEditorAssemblies (638ms)
				LogAssemblyErrors (0ms)
				InitializePlatformSupportModulesInManaged (56ms)
				SetLoadedEditorAssemblies (0ms)
				RefreshPlugins (458ms)
				BeforeProcessingInitializeOnLoad (1ms)
				ProcessInitializeOnLoadAttributes (84ms)
				ProcessInitializeOnLoadMethodAttributes (39ms)
				AfterProcessingInitializeOnLoad (0ms)
				EditorAssembliesLoaded (0ms)
			ExecutionOrderSort2 (0ms)
			AwakeInstancesAfterBackupRestoration (0ms)
Platform modules already initialized, skipping
Registering precompiled user dll's ...
Registered in 0.004097 seconds.
Begin MonoManager ReloadAssembly
Symbol file LoadedFromMemory doesn't match image C:\MYWHOLEASSDESKTOP\RealmRush\RealmRush\Library\PackageCache\com.unity.visualscripting@1.7.8\Editor\VisualScripting.Core\Dependencies\YamlDotNet\Unity.VisualScripting.YamlDotNet.dll
Symbol file LoadedFromMemory doesn't match image C:\MYWHOLEASSDESKTOP\RealmRush\RealmRush\Library\PackageCache\com.unity.visualscripting@1.7.8\Editor\VisualScripting.Core\Dependencies\DotNetZip\Unity.VisualScripting.IonicZip.dll
Native extension for UWP target not found
Native extension for LinuxStandalone target not found
Native extension for WindowsStandalone target not found
Native extension for AppleTV target not found
Native extension for iOS target not found
Native extension for Android target not found
Native extension for OSXStandalone target not found
Native extension for WebGL target not found
Refreshing native plugins compatible for Editor in 445.17 ms, found 3 plugins.
Preloading 0 native plugins for Editor in 0.00 ms.
Mono: successfully reloaded assembly
- Completed reload, in  1.980 seconds
Domain Reload Profiling:
	ReloadAssembly (1980ms)
		BeginReloadAssembly (188ms)
			ExecutionOrderSort (0ms)
			DisableScriptedObjects (6ms)
			BackupInstance (0ms)
			ReleaseScriptingObjects (0ms)
			CreateAndSetChildDomain (117ms)
		EndReloadAssembly (1697ms)
			LoadAssemblies (66ms)
			RebuildTransferFunctionScriptingTraits (0ms)
			SetupTypeCache (264ms)
			ReleaseScriptCaches (1ms)
			RebuildScriptCaches (53ms)
			SetupLoadedEditorAssemblies (1258ms)
				LogAssemblyErrors (0ms)
				InitializePlatformSupportModulesInManaged (23ms)
				SetLoadedEditorAssemblies (0ms)
				RefreshPlugins (445ms)
				BeforeProcessingInitializeOnLoad (106ms)
				ProcessInitializeOnLoadAttributes (617ms)
				ProcessInitializeOnLoadMethodAttributes (62ms)
				AfterProcessingInitializeOnLoad (4ms)
				EditorAssembliesLoaded (0ms)
			ExecutionOrderSort2 (0ms)
			AwakeInstancesAfterBackupRestoration (4ms)
Platform modules already initialized, skipping
========================================================================
Worker process is ready to serve import requests
Launched and connected shader compiler UnityShaderCompiler.exe after 0.03 seconds
Refreshing native plugins compatible for Editor in 5.89 ms, found 3 plugins.
Preloading 0 native plugins for Editor in 0.00 ms.
Unloading 5171 Unused Serialized files (Serialized files now loaded: 0)
Unloading 58 unused Assets / (1.8 MB). Loaded Objects now: 5615.
Memory consumption went from 267.5 MB to 265.7 MB.
Total: 2.973700 ms (FindLiveObjects: 0.335900 ms CreateObjectMapping: 0.268200 ms MarkObjects: 2.102900 ms  DeleteObjects: 0.266000 ms)

AssetImportParameters requested are different than current active one (requested -> active):
  custom:video-decoder-ogg-theora: a1e56fd34408186e4bbccfd4996cb3dc -> 
  custom:container-muxer-webm: aa71ff27fc2769a1b78a27578f13a17b -> 
  custom:container-demuxer-webm: 4f35f7cbe854078d1ac9338744f61a02 -> 
  custom:video-encoder-webm-vp8: eb34c28f22e8b96e1ab97ce403110664 -> 
  custom:audio-encoder-webm-vorbis: bf7c407c2cedff20999df2af8eb42d56 -> 
  custom:framework-win-MediaFoundation: 216162199b28c13a410421893ffa2e32 -> 
  custom:container-demuxer-ogg: 62fdf1f143b41e24485cea50d1cbac27 -> 
  custom:video-decoder-webm-vp8: 9c59270c3fd7afecdb556c50c9e8de78 -> 
  custom:audio-decoder-ogg-vorbis: bf7c407c2cedff20999df2af8eb42d56 -> 
========================================================================
Received Import Request.
  Time since last request: 507760.197816 seconds.
  path: Assets/MyGame/Prefabs/Tile/Tile_Road_Vertical.prefab
  artifactKey: Guid(1f390fdcef5c99447ac0d471a9009733) Importer(815301076,1909f56bfc062723c751e8b465ee728b)
Start importing Assets/MyGame/Prefabs/Tile/Tile_Road_Vertical.prefab using Guid(1f390fdcef5c99447ac0d471a9009733) Importer(815301076,1909f56bfc062723c751e8b465ee728b)  -> (artifact id: '3584bdba48983de4622d3e2a2060d5eb') in 0.221597 seconds 
========================================================================
Received Import Request.
  Time since last request: 0.000026 seconds.
  path: Assets/MyGame/Prefabs/Tile/Tile_RoadTJunction_2.prefab
  artifactKey: Guid(a9c47756ef2971a42a50ca70547a040e) Importer(815301076,1909f56bfc062723c751e8b465ee728b)
Start importing Assets/MyGame/Prefabs/Tile/Tile_RoadTJunction_2.prefab using Guid(a9c47756ef2971a42a50ca70547a040e) Importer(815301076,1909f56bfc062723c751e8b465ee728b)  -> (artifact id: '7f69d786f0e59a24b45dd962e4fd6e91') in 0.069594 seconds 
========================================================================
Received Prepare
Registering precompiled user dll's ...
Registered in 0.003833 seconds.
Begin MonoManager ReloadAssembly
Symbol file LoadedFromMemory doesn't match image C:\MYWHOLEASSDESKTOP\RealmRush\RealmRush\Library\PackageCache\com.unity.visualscripting@1.7.8\Editor\VisualScripting.Core\Dependencies\YamlDotNet\Unity.VisualScripting.YamlDotNet.dll
Symbol file LoadedFromMemory doesn't match image C:\MYWHOLEASSDESKTOP\RealmRush\RealmRush\Library\PackageCache\com.unity.visualscripting@1.7.8\Editor\VisualScripting.Core\Dependencies\DotNetZip\Unity.VisualScripting.IonicZip.dll
Native extension for UWP target not found
Native extension for LinuxStandalone target not found
Native extension for WindowsStandalone target not found
Native extension for AppleTV target not found
Native extension for iOS target not found
Native extension for Android target not found
Native extension for OSXStandalone target not found
Native extension for WebGL target not found
Refreshing native plugins compatible for Editor in 5.51 ms, found 3 plugins.
Preloading 0 native plugins for Editor in 0.00 ms.
Mono: successfully reloaded assembly
- Completed reload, in  1.309 seconds
Domain Reload Profiling:
	ReloadAssembly (1309ms)
		BeginReloadAssembly (122ms)
			ExecutionOrderSort (0ms)
			DisableScriptedObjects (4ms)
			BackupInstance (0ms)
			ReleaseScriptingObjects (0ms)
			CreateAndSetChildDomain (39ms)
		EndReloadAssembly (1107ms)
			LoadAssemblies (68ms)
			RebuildTransferFunctionScriptingTraits (0ms)
			SetupTypeCache (258ms)
			ReleaseScriptCaches (2ms)
			RebuildScriptCaches (44ms)
			SetupLoadedEditorAssemblies (700ms)
				LogAssemblyErrors (0ms)
				InitializePlatformSupportModulesInManaged (28ms)
				SetLoadedEditorAssemblies (0ms)
				RefreshPlugins (6ms)
				BeforeProcessingInitializeOnLoad (81ms)
				ProcessInitializeOnLoadAttributes (519ms)
				ProcessInitializeOnLoadMethodAttributes (60ms)
				AfterProcessingInitializeOnLoad (6ms)
				EditorAssembliesLoaded (0ms)
			ExecutionOrderSort2 (0ms)
			AwakeInstancesAfterBackupRestoration (4ms)
Platform modules already initialized, skipping
Refreshing native plugins compatible for Editor in 13.67 ms, found 3 plugins.
Preloading 0 native plugins for Editor in 0.00 ms.
Unloading 5051 Unused Serialized files (Serialized files now loaded: 0)
Unloading 39 unused Assets / (1.8 MB). Loaded Objects now: 5637.
Memory consumption went from 276.1 MB to 274.4 MB.
Total: 3.294700 ms (FindLiveObjects: 0.401400 ms CreateObjectMapping: 0.328400 ms MarkObjects: 2.217900 ms  DeleteObjects: 0.346000 ms)

AssetImportParameters requested are different than current active one (requested -> active):
  custom:video-decoder-ogg-theora: a1e56fd34408186e4bbccfd4996cb3dc -> 
  custom:container-muxer-webm: aa71ff27fc2769a1b78a27578f13a17b -> 
  custom:container-demuxer-webm: 4f35f7cbe854078d1ac9338744f61a02 -> 
  custom:video-encoder-webm-vp8: eb34c28f22e8b96e1ab97ce403110664 -> 
  custom:audio-encoder-webm-vorbis: bf7c407c2cedff20999df2af8eb42d56 -> 
  custom:framework-win-MediaFoundation: 216162199b28c13a410421893ffa2e32 -> 
  custom:container-demuxer-ogg: 62fdf1f143b41e24485cea50d1cbac27 -> 
  custom:video-decoder-webm-vp8: 9c59270c3fd7afecdb556c50c9e8de78 -> 
  custom:audio-decoder-ogg-vorbis: bf7c407c2cedff20999df2af8eb42d56 -> 
========================================================================
Received Import Request.
  Time since last request: 531.975860 seconds.
  path: Assets/StoreAssets/Polygon Packs/PolygonFantasyKingdom/Prefabs/FX_Prefabs/FX_Arrow_Barrage_Small_01.prefab
  artifactKey: Guid(9840b47138bfcc646b7c0cc6dec8b31d) Importer(815301076,1909f56bfc062723c751e8b465ee728b)
Start importing Assets/StoreAssets/Polygon Packs/PolygonFantasyKingdom/Prefabs/FX_Prefabs/FX_Arrow_Barrage_Small_01.prefab using Guid(9840b47138bfcc646b7c0cc6dec8b31d) Importer(815301076,1909f56bfc062723c751e8b465ee728b)  -> (artifact id: 'd6a41519ae8d3468cd792a935148f4a5') in 0.096618 seconds 
========================================================================
Received Import Request.
  Time since last request: 0.000019 seconds.
  path: Assets/StoreAssets/Polygon Packs/PolygonFantasyKingdom/Prefabs/FX_Prefabs/FX_Catapult_Single_01.prefab
  artifactKey: Guid(6068794fe4ebb9f4aa22ef6c9d7c0f7a) Importer(815301076,1909f56bfc062723c751e8b465ee728b)
Start importing Assets/StoreAssets/Polygon Packs/PolygonFantasyKingdom/Prefabs/FX_Prefabs/FX_Catapult_Single_01.prefab using Guid(6068794fe4ebb9f4aa22ef6c9d7c0f7a) Importer(815301076,1909f56bfc062723c751e8b465ee728b)  -> (artifact id: '2641acfe81caec1e88396bbafeb5df21') in 0.190461 seconds 
========================================================================
Received Import Request.
  Time since last request: 0.000016 seconds.
  path: Assets/StoreAssets/Polygon Packs/PolygonFantasyKingdom/Prefabs/FX_Prefabs/FX_Fire_01.prefab
  artifactKey: Guid(94f55021adc743447972e33009b6eda2) Importer(815301076,1909f56bfc062723c751e8b465ee728b)
Start importing Assets/StoreAssets/Polygon Packs/PolygonFantasyKingdom/Prefabs/FX_Prefabs/FX_Fire_01.prefab using Guid(94f55021adc743447972e33009b6eda2) Importer(815301076,1909f56bfc062723c751e8b465ee728b)  -> (artifact id: 'e5d5bee14d253b0267d55962cfd860ce') in 0.018848 seconds 
========================================================================
Received Import Request.
  Time since last request: 0.000021 seconds.
  path: Assets/StoreAssets/Polygon Packs/PolygonFantasyKingdom/Prefabs/FX_Prefabs/FX_Magic_Lights_02.prefab
  artifactKey: Guid(ab407c5ee2fcbab428d8cb691ea3bd43) Importer(815301076,1909f56bfc062723c751e8b465ee728b)
Start importing Assets/StoreAssets/Polygon Packs/PolygonFantasyKingdom/Prefabs/FX_Prefabs/FX_Magic_Lights_02.prefab using Guid(ab407c5ee2fcbab428d8cb691ea3bd43) Importer(815301076,1909f56bfc062723c751e8b465ee728b)  -> (artifact id: '0b248c83654d10bae08579b625bc9369') in 0.025961 seconds 
========================================================================
Received Import Request.
  Time since last request: 0.000016 seconds.
  path: Assets/StoreAssets/Polygon Packs/PolygonFantasyKingdom/Prefabs/FX_Prefabs/FX_Fog_Small_01.prefab
  artifactKey: Guid(0251ffe8d14a3ab42b7e74d9265ca3c7) Importer(815301076,1909f56bfc062723c751e8b465ee728b)
Start importing Assets/StoreAssets/Polygon Packs/PolygonFantasyKingdom/Prefabs/FX_Prefabs/FX_Fog_Small_01.prefab using Guid(0251ffe8d14a3ab42b7e74d9265ca3c7) Importer(815301076,1909f56bfc062723c751e8b465ee728b)  -> (artifact id: '63b391852f7c8c757cb83fef0abeaba6') in 0.016228 seconds 
========================================================================
Received Import Request.
  Time since last request: 0.000021 seconds.
  path: Assets/StoreAssets/Polygon Packs/PolygonFantasyKingdom/Prefabs/FX_Prefabs/FX_Catapult_Fire_Single_01.prefab
  artifactKey: Guid(2cc9496200237444e9e832a3a99ba60d) Importer(815301076,1909f56bfc062723c751e8b465ee728b)
Start importing Assets/StoreAssets/Polygon Packs/PolygonFantasyKingdom/Prefabs/FX_Prefabs/FX_Catapult_Fire_Single_01.prefab using Guid(2cc9496200237444e9e832a3a99ba60d) Importer(815301076,1909f56bfc062723c751e8b465ee728b)  -> (artifact id: '4d62c8d779fe99d8f493706959cc0fbb') in 0.208792 seconds 
========================================================================
Received Import Request.
  Time since last request: 0.000019 seconds.
  path: Assets/StoreAssets/Polygon Packs/PolygonFantasyKingdom/Prefabs/FX_Prefabs/FX_Smoke_Chimney_01.prefab
  artifactKey: Guid(87d947a024774e04ca6ad63ba3d92a98) Importer(815301076,1909f56bfc062723c751e8b465ee728b)
Start importing Assets/StoreAssets/Polygon Packs/PolygonFantasyKingdom/Prefabs/FX_Prefabs/FX_Smoke_Chimney_01.prefab using Guid(87d947a024774e04ca6ad63ba3d92a98) Importer(815301076,1909f56bfc062723c751e8b465ee728b)  -> (artifact id: 'ae85d2509318c594589f1815bb6bbae9') in 0.040418 seconds 
========================================================================
Received Import Request.
  Time since last request: 0.000020 seconds.
  path: Assets/StoreAssets/Polygon Packs/PolygonFantasyKingdom/Prefabs/FX_Prefabs/FX_Fog_Big_01.prefab
  artifactKey: Guid(b833df0b5acd5ad40ab93c6c0187d4fc) Importer(815301076,1909f56bfc062723c751e8b465ee728b)
Start importing Assets/StoreAssets/Polygon Packs/PolygonFantasyKingdom/Prefabs/FX_Prefabs/FX_Fog_Big_01.prefab using Guid(b833df0b5acd5ad40ab93c6c0187d4fc) Importer(815301076,1909f56bfc062723c751e8b465ee728b)  -> (artifact id: '942c39054146c086d957d0234026735b') in 0.027762 seconds 
========================================================================
Received Prepare
Registering precompiled user dll's ...
Registered in 0.003769 seconds.
Begin MonoManager ReloadAssembly
Symbol file LoadedFromMemory doesn't match image C:\MYWHOLEASSDESKTOP\RealmRush\RealmRush\Library\PackageCache\com.unity.visualscripting@1.7.8\Editor\VisualScripting.Core\Dependencies\YamlDotNet\Unity.VisualScripting.YamlDotNet.dll
Symbol file LoadedFromMemory doesn't match image C:\MYWHOLEASSDESKTOP\RealmRush\RealmRush\Library\PackageCache\com.unity.visualscripting@1.7.8\Editor\VisualScripting.Core\Dependencies\DotNetZip\Unity.VisualScripting.IonicZip.dll
Native extension for UWP target not found
Native extension for LinuxStandalone target not found
Native extension for WindowsStandalone target not found
Native extension for AppleTV target not found
Native extension for iOS target not found
Native extension for Android target not found
Native extension for OSXStandalone target not found
Native extension for WebGL target not found
Refreshing native plugins compatible for Editor in 5.74 ms, found 3 plugins.
Preloading 0 native plugins for Editor in 0.00 ms.
Mono: successfully reloaded assembly
- Completed reload, in  1.539 seconds
Domain Reload Profiling:
	ReloadAssembly (1540ms)
		BeginReloadAssembly (108ms)
			ExecutionOrderSort (0ms)
			DisableScriptedObjects (4ms)
			BackupInstance (0ms)
			ReleaseScriptingObjects (0ms)
			CreateAndSetChildDomain (36ms)
		EndReloadAssembly (1339ms)
			LoadAssemblies (71ms)
			RebuildTransferFunctionScriptingTraits (0ms)
			SetupTypeCache (402ms)
			ReleaseScriptCaches (2ms)
			RebuildScriptCaches (84ms)
			SetupLoadedEditorAssemblies (683ms)
				LogAssemblyErrors (0ms)
				InitializePlatformSupportModulesInManaged (30ms)
				SetLoadedEditorAssemblies (0ms)
				RefreshPlugins (6ms)
				BeforeProcessingInitializeOnLoad (79ms)
				ProcessInitializeOnLoadAttributes (488ms)
				ProcessInitializeOnLoadMethodAttributes (75ms)
				AfterProcessingInitializeOnLoad (4ms)
				EditorAssembliesLoaded (0ms)
			ExecutionOrderSort2 (0ms)
			AwakeInstancesAfterBackupRestoration (4ms)
Platform modules already initialized, skipping
Refreshing native plugins compatible for Editor in 7.58 ms, found 3 plugins.
Preloading 0 native plugins for Editor in 0.00 ms.
Unloading 5051 Unused Serialized files (Serialized files now loaded: 0)
Unloading 40 unused Assets / (1.8 MB). Loaded Objects now: 5656.
Memory consumption went from 276.6 MB to 274.8 MB.
Total: 3.129300 ms (FindLiveObjects: 0.330700 ms CreateObjectMapping: 0.262800 ms MarkObjects: 2.259000 ms  DeleteObjects: 0.276200 ms)

AssetImportParameters requested are different than current active one (requested -> active):
  custom:video-decoder-ogg-theora: a1e56fd34408186e4bbccfd4996cb3dc -> 
  custom:container-muxer-webm: aa71ff27fc2769a1b78a27578f13a17b -> 
  custom:container-demuxer-webm: 4f35f7cbe854078d1ac9338744f61a02 -> 
  custom:video-encoder-webm-vp8: eb34c28f22e8b96e1ab97ce403110664 -> 
  custom:audio-encoder-webm-vorbis: bf7c407c2cedff20999df2af8eb42d56 -> 
  custom:framework-win-MediaFoundation: 216162199b28c13a410421893ffa2e32 -> 
  custom:container-demuxer-ogg: 62fdf1f143b41e24485cea50d1cbac27 -> 
  custom:video-decoder-webm-vp8: 9c59270c3fd7afecdb556c50c9e8de78 -> 
  custom:audio-decoder-ogg-vorbis: bf7c407c2cedff20999df2af8eb42d56 -> 
========================================================================
Received Import Request.
  Time since last request: 40.171377 seconds.
  path: Assets/StoreAssets/Polygon Packs/PolygonFantasyKingdom/Prefabs/FX_Prefabs/FX_SunBeams.prefab
  artifactKey: Guid(a68b38e690bea184cbb5ac31912f57d7) Importer(815301076,1909f56bfc062723c751e8b465ee728b)
Start importing Assets/StoreAssets/Polygon Packs/PolygonFantasyKingdom/Prefabs/FX_Prefabs/FX_SunBeams.prefab using Guid(a68b38e690bea184cbb5ac31912f57d7) Importer(815301076,1909f56bfc062723c751e8b465ee728b)  -> (artifact id: '385045a7b468d176f020c11c0dc21a48') in 0.062677 seconds 
========================================================================
Received Import Request.
  Time since last request: 24.950284 seconds.
  path: Assets/StoreAssets/Polygon Packs/PolygonFantasyKingdom/Models/SM_Env_Ground_Farm_Row_05.fbx
  artifactKey: Guid(5a0f26725811c7e4eb54be416b224154) Importer(815301076,1909f56bfc062723c751e8b465ee728b)
Start importing Assets/StoreAssets/Polygon Packs/PolygonFantasyKingdom/Models/SM_Env_Ground_Farm_Row_05.fbx using Guid(5a0f26725811c7e4eb54be416b224154) Importer(815301076,1909f56bfc062723c751e8b465ee728b)  -> (artifact id: 'de419ef8a333b7d681b087eb37005304') in 0.042430 seconds 
========================================================================
Received Import Request.
  Time since last request: 0.000019 seconds.
  path: Assets/StoreAssets/Polygon Packs/PolygonFantasyKingdom/Models/SM_Env_Ground_Flat_Dirt_02.fbx
  artifactKey: Guid(66a8b5a718b3afd4da05b49545f62dec) Importer(815301076,1909f56bfc062723c751e8b465ee728b)
Start importing Assets/StoreAssets/Polygon Packs/PolygonFantasyKingdom/Models/SM_Env_Ground_Flat_Dirt_02.fbx using Guid(66a8b5a718b3afd4da05b49545f62dec) Importer(815301076,1909f56bfc062723c751e8b465ee728b)  -> (artifact id: 'afb2f7e92d8df569b052af7d3ac51b06') in 0.022119 seconds 
========================================================================
Received Import Request.
  Time since last request: 0.000015 seconds.
  path: Assets/StoreAssets/Polygon Packs/PolygonFantasyKingdom/Models/SM_Env_Ground_Raised_01.fbx
  artifactKey: Guid(af129cd26490daa48953d89fa9be3aba) Importer(815301076,1909f56bfc062723c751e8b465ee728b)
Start importing Assets/StoreAssets/Polygon Packs/PolygonFantasyKingdom/Models/SM_Env_Ground_Raised_01.fbx using Guid(af129cd26490daa48953d89fa9be3aba) Importer(815301076,1909f56bfc062723c751e8b465ee728b)  -> (artifact id: '2f2f85ca2b491334041511005b74ed25') in 0.021947 seconds 
========================================================================
Received Import Request.
  Time since last request: 0.000023 seconds.
  path: Assets/StoreAssets/Polygon Packs/PolygonFantasyKingdom/Models/SM_Env_Hedge_04.fbx
  artifactKey: Guid(eaa45d9745f7a454790568e74f3f8786) Importer(815301076,1909f56bfc062723c751e8b465ee728b)
Start importing Assets/StoreAssets/Polygon Packs/PolygonFantasyKingdom/Models/SM_Env_Hedge_04.fbx using Guid(eaa45d9745f7a454790568e74f3f8786) Importer(815301076,1909f56bfc062723c751e8b465ee728b)  -> (artifact id: '2c43374aa8e9846bc7aea36515a95caf') in 0.023470 seconds 
========================================================================
Received Import Request.
  Time since last request: 35.775547 seconds.
  path: Assets/StoreAssets/Polygon Packs/PolygonFantasyKingdom/Materials/Ground_Mat/PolygonFantasyKingdom_Mat_Ground_Grass_03.mat
  artifactKey: Guid(a957f9d897c68df408c57a657d783fa1) Importer(815301076,1909f56bfc062723c751e8b465ee728b)
Start importing Assets/StoreAssets/Polygon Packs/PolygonFantasyKingdom/Materials/Ground_Mat/PolygonFantasyKingdom_Mat_Ground_Grass_03.mat using Guid(a957f9d897c68df408c57a657d783fa1) Importer(815301076,1909f56bfc062723c751e8b465ee728b)  -> (artifact id: '6f9020e69a99703369e6833808845e75') in 0.087312 seconds 
========================================================================
Received Import Request.
  Time since last request: 0.000025 seconds.
  path: Assets/StoreAssets/Polygon Packs/PolygonFantasyKingdom/Materials/Ground_Mat/PolygonFantasyKingdom_Mat_Ground_Sand_03.mat
  artifactKey: Guid(65402eaff1d65be4ca51f80701f37d0b) Importer(815301076,1909f56bfc062723c751e8b465ee728b)
Start importing Assets/StoreAssets/Polygon Packs/PolygonFantasyKingdom/Materials/Ground_Mat/PolygonFantasyKingdom_Mat_Ground_Sand_03.mat using Guid(65402eaff1d65be4ca51f80701f37d0b) Importer(815301076,1909f56bfc062723c751e8b465ee728b)  -> (artifact id: '4bfc2773e6de9699772cc5bab06c658d') in 0.066689 seconds 
========================================================================
Received Import Request.
  Time since last request: 124.703404 seconds.
  path: Assets/StoreAssets/Polygon Packs/PolygonFantasyKingdom/Prefabs/Castle/SM_Bld_Bridge_Pillars_01.prefab
  artifactKey: Guid(2a70b5473e2e3394da62b94507333f12) Importer(815301076,1909f56bfc062723c751e8b465ee728b)
Start importing Assets/StoreAssets/Polygon Packs/PolygonFantasyKingdom/Prefabs/Castle/SM_Bld_Bridge_Pillars_01.prefab using Guid(2a70b5473e2e3394da62b94507333f12) Importer(815301076,1909f56bfc062723c751e8b465ee728b)  -> (artifact id: '29b6da24f56fb0f4dc882170a062208e') in 0.040570 seconds 
========================================================================
Received Import Request.
  Time since last request: 0.000015 seconds.
  path: Assets/StoreAssets/Polygon Packs/PolygonFantasyKingdom/Prefabs/Castle/SM_Bld_Bridge_Railing_01.prefab
  artifactKey: Guid(1e99866fc4043f645a165bf26230ebb6) Importer(815301076,1909f56bfc062723c751e8b465ee728b)
Start importing Assets/StoreAssets/Polygon Packs/PolygonFantasyKingdom/Prefabs/Castle/SM_Bld_Bridge_Railing_01.prefab using Guid(1e99866fc4043f645a165bf26230ebb6) Importer(815301076,1909f56bfc062723c751e8b465ee728b)  -> (artifact id: '13c2a3e171ecb4794e23a3a6d1660a2c') in 0.045727 seconds 
========================================================================
Received Import Request.
  Time since last request: 0.000015 seconds.
  path: Assets/StoreAssets/Polygon Packs/PolygonFantasyKingdom/Prefabs/Castle/SM_Bld_Castle_Battlements_03_Half.prefab
  artifactKey: Guid(39baae6a17a6fd247a1c414fdb7c30be) Importer(815301076,1909f56bfc062723c751e8b465ee728b)
Start importing Assets/StoreAssets/Polygon Packs/PolygonFantasyKingdom/Prefabs/Castle/SM_Bld_Castle_Battlements_03_Half.prefab using Guid(39baae6a17a6fd247a1c414fdb7c30be) Importer(815301076,1909f56bfc062723c751e8b465ee728b)  -> (artifact id: 'f7d55c1b89e8266c36b93572ae9f0093') in 0.025266 seconds 
========================================================================
Received Import Request.
  Time since last request: 0.000023 seconds.
  path: Assets/StoreAssets/Polygon Packs/PolygonFantasyKingdom/Prefabs/Castle/SM_Bld_Bridge_Roof_01.prefab
  artifactKey: Guid(1d91541947a527e4795c321391437e24) Importer(815301076,1909f56bfc062723c751e8b465ee728b)
Start importing Assets/StoreAssets/Polygon Packs/PolygonFantasyKingdom/Prefabs/Castle/SM_Bld_Bridge_Roof_01.prefab using Guid(1d91541947a527e4795c321391437e24) Importer(815301076,1909f56bfc062723c751e8b465ee728b)  -> (artifact id: '9c31bec65d42e2a87916d752e3a1c5a0') in 0.070338 seconds 
========================================================================
Received Import Request.
  Time since last request: 0.000021 seconds.
  path: Assets/StoreAssets/Polygon Packs/PolygonFantasyKingdom/Prefabs/Castle/SM_Bld_Castle_Battlements_03.prefab
  artifactKey: Guid(58ce8b64175382344b1426e547b30fc9) Importer(815301076,1909f56bfc062723c751e8b465ee728b)
Start importing Assets/StoreAssets/Polygon Packs/PolygonFantasyKingdom/Prefabs/Castle/SM_Bld_Castle_Battlements_03.prefab using Guid(58ce8b64175382344b1426e547b30fc9) Importer(815301076,1909f56bfc062723c751e8b465ee728b)  -> (artifact id: '122e0b3f34f906b7eaf451d83ffb7eec') in 0.028308 seconds 
========================================================================
Received Import Request.
  Time since last request: 0.000021 seconds.
  path: Assets/StoreAssets/Polygon Packs/PolygonFantasyKingdom/Prefabs/Castle/SM_Bld_Castle_Battlements_01_Shorter.prefab
  artifactKey: Guid(609ca75e122e9c04880cd3cae02818be) Importer(815301076,1909f56bfc062723c751e8b465ee728b)
Start importing Assets/StoreAssets/Polygon Packs/PolygonFantasyKingdom/Prefabs/Castle/SM_Bld_Castle_Battlements_01_Shorter.prefab using Guid(609ca75e122e9c04880cd3cae02818be) Importer(815301076,1909f56bfc062723c751e8b465ee728b)  -> (artifact id: 'efa4e3dc63d5285b127f4b7bcfcbef25') in 0.023391 seconds 
========================================================================
Received Import Request.
  Time since last request: 0.000020 seconds.
  path: Assets/StoreAssets/Polygon Packs/PolygonFantasyKingdom/Prefabs/Castle/SM_Bld_Castle_Battlements_04_Half.prefab
  artifactKey: Guid(ef1d800f3589d94458a8d87e2b8a5240) Importer(815301076,1909f56bfc062723c751e8b465ee728b)
Start importing Assets/StoreAssets/Polygon Packs/PolygonFantasyKingdom/Prefabs/Castle/SM_Bld_Castle_Battlements_04_Half.prefab using Guid(ef1d800f3589d94458a8d87e2b8a5240) Importer(815301076,1909f56bfc062723c751e8b465ee728b)  -> (artifact id: 'd5041fa89c53acd3670fec8317e3cd86') in 0.038490 seconds 
========================================================================
Received Import Request.
  Time since last request: 0.000018 seconds.
  path: Assets/StoreAssets/Polygon Packs/PolygonFantasyKingdom/Prefabs/Castle/SM_Bld_Castle_Battlements_01_Half.prefab
  artifactKey: Guid(9e8fe3b1e42204b48ad8924533d8933c) Importer(815301076,1909f56bfc062723c751e8b465ee728b)
Start importing Assets/StoreAssets/Polygon Packs/PolygonFantasyKingdom/Prefabs/Castle/SM_Bld_Castle_Battlements_01_Half.prefab using Guid(9e8fe3b1e42204b48ad8924533d8933c) Importer(815301076,1909f56bfc062723c751e8b465ee728b)  -> (artifact id: 'd5b62ad6878b618621f2d9491bd58e71') in 0.022979 seconds 
========================================================================
Received Import Request.
  Time since last request: 0.026961 seconds.
  path: Assets/StoreAssets/Polygon Packs/PolygonFantasyKingdom/Prefabs/Characters/SM_Chr_Bartender_01.prefab
  artifactKey: Guid(624582b3b65da9a45bc1d204b8a69122) Importer(815301076,1909f56bfc062723c751e8b465ee728b)
Start importing Assets/StoreAssets/Polygon Packs/PolygonFantasyKingdom/Prefabs/Characters/SM_Chr_Bartender_01.prefab using Guid(624582b3b65da9a45bc1d204b8a69122) Importer(815301076,1909f56bfc062723c751e8b465ee728b)  -> (artifact id: '10c10065023a65fbcdccb20e23c8acbe') in 0.083619 seconds 
========================================================================
Received Import Request.
  Time since last request: 0.000021 seconds.
  path: Assets/StoreAssets/Polygon Packs/PolygonFantasyKingdom/Prefabs/Characters/SM_Chr_Peasant_Male_01.prefab
  artifactKey: Guid(b3a21033f5e25ef47a403070d1d96983) Importer(815301076,1909f56bfc062723c751e8b465ee728b)
Start importing Assets/StoreAssets/Polygon Packs/PolygonFantasyKingdom/Prefabs/Characters/SM_Chr_Peasant_Male_01.prefab using Guid(b3a21033f5e25ef47a403070d1d96983) Importer(815301076,1909f56bfc062723c751e8b465ee728b)  -> (artifact id: '52e23fe1eb9a37438aceef0300ec8d47') in 0.045327 seconds 
========================================================================
Received Import Request.
  Time since last request: 0.000022 seconds.
  path: Assets/StoreAssets/Polygon Packs/PolygonFantasyKingdom/Prefabs/Characters/SM_Chr_Monk_01.prefab
  artifactKey: Guid(989e70245d7d4924d8758338bd26804a) Importer(815301076,1909f56bfc062723c751e8b465ee728b)
Start importing Assets/StoreAssets/Polygon Packs/PolygonFantasyKingdom/Prefabs/Characters/SM_Chr_Monk_01.prefab using Guid(989e70245d7d4924d8758338bd26804a) Importer(815301076,1909f56bfc062723c751e8b465ee728b)  -> (artifact id: '683b506395fea794a25c0239245a32a1') in 0.040666 seconds 
========================================================================
Received Import Request.
  Time since last request: 0.000019 seconds.
  path: Assets/StoreAssets/Polygon Packs/PolygonFantasyKingdom/Prefabs/Characters/SM_Chr_Headsman_01.prefab
  artifactKey: Guid(dc6170fded71bf944b115160ab2cae64) Importer(815301076,1909f56bfc062723c751e8b465ee728b)
Start importing Assets/StoreAssets/Polygon Packs/PolygonFantasyKingdom/Prefabs/Characters/SM_Chr_Headsman_01.prefab using Guid(dc6170fded71bf944b115160ab2cae64) Importer(815301076,1909f56bfc062723c751e8b465ee728b)  -> (artifact id: '35f1d7e9b14c19127b2b39b8ce75c935') in 0.038816 seconds 
========================================================================
Received Import Request.
  Time since last request: 0.000037 seconds.
  path: Assets/StoreAssets/Polygon Packs/PolygonFantasyKingdom/Prefabs/Characters/SM_Chr_Nun_01.prefab
  artifactKey: Guid(2154df2b1029fce44a5ed87edcaa0546) Importer(815301076,1909f56bfc062723c751e8b465ee728b)
Start importing Assets/StoreAssets/Polygon Packs/PolygonFantasyKingdom/Prefabs/Characters/SM_Chr_Nun_01.prefab using Guid(2154df2b1029fce44a5ed87edcaa0546) Importer(815301076,1909f56bfc062723c751e8b465ee728b)  -> (artifact id: '95498618bdaac17dc480def66a68db78') in 0.043680 seconds 
========================================================================
Received Import Request.
  Time since last request: 0.000023 seconds.
  path: Assets/StoreAssets/Polygon Packs/PolygonFantasyKingdom/Prefabs/Characters/SM_Chr_Peasant_Female_01.prefab
  artifactKey: Guid(8d458e1bc503f3b4d89e72e841681909) Importer(815301076,1909f56bfc062723c751e8b465ee728b)
Start importing Assets/StoreAssets/Polygon Packs/PolygonFantasyKingdom/Prefabs/Characters/SM_Chr_Peasant_Female_01.prefab using Guid(8d458e1bc503f3b4d89e72e841681909) Importer(815301076,1909f56bfc062723c751e8b465ee728b)  -> (artifact id: '637aed3d3375eebba3d0c54c30ad2372') in 0.041411 seconds 
========================================================================
Received Import Request.
  Time since last request: 0.000028 seconds.
  path: Assets/StoreAssets/Polygon Packs/PolygonFantasyKingdom/Prefabs/Characters/SM_Chr_FortuneTeller_01.prefab
  artifactKey: Guid(8549abe3859269745a95380e270df83e) Importer(815301076,1909f56bfc062723c751e8b465ee728b)
Start importing Assets/StoreAssets/Polygon Packs/PolygonFantasyKingdom/Prefabs/Characters/SM_Chr_FortuneTeller_01.prefab using Guid(8549abe3859269745a95380e270df83e) Importer(815301076,1909f56bfc062723c751e8b465ee728b)  -> (artifact id: '6664cf2a8ced3852b06377538220f31f') in 0.040026 seconds 
========================================================================
Received Import Request.
  Time since last request: 0.000028 seconds.
  path: Assets/StoreAssets/Polygon Packs/PolygonFantasyKingdom/Prefabs/Characters/SM_Chr_Fairy_01.prefab
  artifactKey: Guid(978a5cdcbd88a2b46903dec8fab90da9) Importer(815301076,1909f56bfc062723c751e8b465ee728b)
Start importing Assets/StoreAssets/Polygon Packs/PolygonFantasyKingdom/Prefabs/Characters/SM_Chr_Fairy_01.prefab using Guid(978a5cdcbd88a2b46903dec8fab90da9) Importer(815301076,1909f56bfc062723c751e8b465ee728b)  -> (artifact id: 'a6e42011ad66a49f1ae06b4d2a6c2f52') in 0.047663 seconds 
Editor requested this worker to shutdown with reason: Scaling down because of idle timeout
AssetImportWorker is now disconnected from the server
Process exiting
Exiting without the bug reporter. Application will terminate with return code 0