Using pre-set license
Built from '2021.3/staging' branch; Version is '2021.3.6f1 (7da38d85baf6) revision 8233869'; Using compiler version '192829333'; Build Type 'Release'
OS: 'Windows 11  (10.0.22000) 64bit Core' Language: 'en' Physical Memory: 32681 MB
BatchMode: 1, IsHumanControllingUs: 0, StartBugReporterOnCrash: 0, Is64bit: 1, IsPro: 1

COMMAND LINE ARGUMENTS:
C:\UnityEditors\2021.3.6f1\Editor\Unity.exe
-adb2
-batchMode
-noUpm
-name
AssetImportWorker43
-projectPath
C:/MYWHOLEASSDESKTOP/RealmRush/RealmRush
-logFile
Logs/AssetImportWorker43.log
-srvPort
58047
Successfully changed project path to: C:/MYWHOLEASSDESKTOP/RealmRush/RealmRush
C:/MYWHOLEASSDESKTOP/RealmRush/RealmRush
[UnityMemory] Configuration Parameters - Can be set up in boot.config
    "memorysetup-bucket-allocator-granularity=16"
    "memorysetup-bucket-allocator-bucket-count=8"
    "memorysetup-bucket-allocator-block-size=33554432"
    "memorysetup-bucket-allocator-block-count=8"
    "memorysetup-main-allocator-block-size=16777216"
    "memorysetup-thread-allocator-block-size=16777216"
    "memorysetup-gfx-main-allocator-block-size=16777216"
    "memorysetup-gfx-thread-allocator-block-size=16777216"
    "memorysetup-cache-allocator-block-size=4194304"
    "memorysetup-typetree-allocator-block-size=2097152"
    "memorysetup-profiler-bucket-allocator-granularity=16"
    "memorysetup-profiler-bucket-allocator-bucket-count=8"
    "memorysetup-profiler-bucket-allocator-block-size=33554432"
    "memorysetup-profiler-bucket-allocator-block-count=8"
    "memorysetup-profiler-allocator-block-size=16777216"
    "memorysetup-profiler-editor-allocator-block-size=1048576"
    "memorysetup-temp-allocator-size-main=16777216"
    "memorysetup-job-temp-allocator-block-size=2097152"
    "memorysetup-job-temp-allocator-block-size-background=1048576"
    "memorysetup-job-temp-allocator-reduction-small-platforms=262144"
    "memorysetup-temp-allocator-size-background-worker=32768"
    "memorysetup-temp-allocator-size-job-worker=262144"
    "memorysetup-temp-allocator-size-preload-manager=33554432"
    "memorysetup-temp-allocator-size-nav-mesh-worker=65536"
    "memorysetup-temp-allocator-size-audio-worker=65536"
    "memorysetup-temp-allocator-size-cloud-worker=32768"
    "memorysetup-temp-allocator-size-gi-baking-worker=262144"
    "memorysetup-temp-allocator-size-gfx=262144"
Refreshing native plugins compatible for Editor in 466.34 ms, found 3 plugins.
Preloading 0 native plugins for Editor in 0.00 ms.
Initialize engine version: 2021.3.6f1 (7da38d85baf6)
[Subsystems] Discovering subsystems at path C:/UnityEditors/2021.3.6f1/Editor/Data/Resources/UnitySubsystems
[Subsystems] Discovering subsystems at path C:/MYWHOLEASSDESKTOP/RealmRush/RealmRush/Assets
GfxDevice: creating device client; threaded=0; jobified=0
Direct3D:
    Version:  Direct3D 11.0 [level 11.1]
    Renderer: NVIDIA GeForce RTX 2080 Ti (ID=0x1e07)
    Vendor:   NVIDIA
    VRAM:     11049 MB
    Driver:   31.0.15.1659
Initialize mono
Mono path[0] = 'C:/UnityEditors/2021.3.6f1/Editor/Data/Managed'
Mono path[1] = 'C:/UnityEditors/2021.3.6f1/Editor/Data/MonoBleedingEdge/lib/mono/unityjit-win32'
Mono config path = 'C:/UnityEditors/2021.3.6f1/Editor/Data/MonoBleedingEdge/etc'
Using monoOptions --debugger-agent=transport=dt_socket,embedding=1,server=y,suspend=n,address=127.0.0.1:56120
Begin MonoManager ReloadAssembly
Registering precompiled unity dll's ...
Register platform support module: C:/UnityEditors/2021.3.6f1/Editor/Data/PlaybackEngines/WebGLSupport/UnityEditor.WebGL.Extensions.dll
Register platform support module: C:/UnityEditors/2021.3.6f1/Editor/Data/PlaybackEngines/MacStandaloneSupport/UnityEditor.OSXStandalone.Extensions.dll
Register platform support module: C:/UnityEditors/2021.3.6f1/Editor/Data/PlaybackEngines/AndroidPlayer/UnityEditor.Android.Extensions.dll
Register platform support module: C:/UnityEditors/2021.3.6f1/Editor/Data/PlaybackEngines/iOSSupport/UnityEditor.iOS.Extensions.dll
Register platform support module: C:/UnityEditors/2021.3.6f1/Editor/Data/PlaybackEngines/AppleTVSupport/UnityEditor.AppleTV.Extensions.dll
Register platform support module: C:/UnityEditors/2021.3.6f1/Editor/Data/PlaybackEngines/WindowsStandaloneSupport/UnityEditor.WindowsStandalone.Extensions.dll
Register platform support module: C:/UnityEditors/2021.3.6f1/Editor/Data/PlaybackEngines/LinuxStandaloneSupport/UnityEditor.LinuxStandalone.Extensions.dll
Register platform support module: C:/UnityEditors/2021.3.6f1/Editor/Data/PlaybackEngines/MetroSupport/UnityEditor.UWP.Extensions.dll
Registered in 0.004637 seconds.
Native extension for UWP target not found
Native extension for LinuxStandalone target not found
Native extension for WindowsStandalone target not found
[usbmuxd] Start listen thread
[usbmuxd] Listen thread started
Native extension for AppleTV target not found
[usbmuxd] Start listen thread
[usbmuxd] Listen thread started
Native extension for iOS target not found
Native extension for Android target not found
Native extension for OSXStandalone target not found
Native extension for WebGL target not found
Refreshing native plugins compatible for Editor in 469.40 ms, found 3 plugins.
Preloading 0 native plugins for Editor in 0.00 ms.
Mono: successfully reloaded assembly
- Completed reload, in  0.954 seconds
Domain Reload Profiling:
	ReloadAssembly (954ms)
		BeginReloadAssembly (56ms)
			ExecutionOrderSort (0ms)
			DisableScriptedObjects (0ms)
			BackupInstance (0ms)
			ReleaseScriptingObjects (0ms)
			CreateAndSetChildDomain (1ms)
		EndReloadAssembly (812ms)
			LoadAssemblies (56ms)
			RebuildTransferFunctionScriptingTraits (0ms)
			SetupTypeCache (93ms)
			ReleaseScriptCaches (0ms)
			RebuildScriptCaches (25ms)
			SetupLoadedEditorAssemblies (645ms)
				LogAssemblyErrors (0ms)
				InitializePlatformSupportModulesInManaged (57ms)
				SetLoadedEditorAssemblies (0ms)
				RefreshPlugins (469ms)
				BeforeProcessingInitializeOnLoad (1ms)
				ProcessInitializeOnLoadAttributes (78ms)
				ProcessInitializeOnLoadMethodAttributes (39ms)
				AfterProcessingInitializeOnLoad (0ms)
				EditorAssembliesLoaded (0ms)
			ExecutionOrderSort2 (0ms)
			AwakeInstancesAfterBackupRestoration (0ms)
Platform modules already initialized, skipping
Registering precompiled user dll's ...
Registered in 0.004141 seconds.
Begin MonoManager ReloadAssembly
Symbol file LoadedFromMemory doesn't match image C:\MYWHOLEASSDESKTOP\RealmRush\RealmRush\Library\PackageCache\com.unity.visualscripting@1.7.8\Editor\VisualScripting.Core\Dependencies\YamlDotNet\Unity.VisualScripting.YamlDotNet.dll
Symbol file LoadedFromMemory doesn't match image C:\MYWHOLEASSDESKTOP\RealmRush\RealmRush\Library\PackageCache\com.unity.visualscripting@1.7.8\Editor\VisualScripting.Core\Dependencies\DotNetZip\Unity.VisualScripting.IonicZip.dll
Native extension for UWP target not found
Native extension for LinuxStandalone target not found
Native extension for WindowsStandalone target not found
Native extension for AppleTV target not found
Native extension for iOS target not found
Native extension for Android target not found
Native extension for OSXStandalone target not found
Native extension for WebGL target not found
Refreshing native plugins compatible for Editor in 439.57 ms, found 3 plugins.
Preloading 0 native plugins for Editor in 0.00 ms.
Mono: successfully reloaded assembly
- Completed reload, in  1.926 seconds
Domain Reload Profiling:
	ReloadAssembly (1927ms)
		BeginReloadAssembly (193ms)
			ExecutionOrderSort (0ms)
			DisableScriptedObjects (7ms)
			BackupInstance (0ms)
			ReleaseScriptingObjects (0ms)
			CreateAndSetChildDomain (123ms)
		EndReloadAssembly (1640ms)
			LoadAssemblies (69ms)
			RebuildTransferFunctionScriptingTraits (0ms)
			SetupTypeCache (248ms)
			ReleaseScriptCaches (1ms)
			RebuildScriptCaches (58ms)
			SetupLoadedEditorAssemblies (1216ms)
				LogAssemblyErrors (0ms)
				InitializePlatformSupportModulesInManaged (22ms)
				SetLoadedEditorAssemblies (0ms)
				RefreshPlugins (440ms)
				BeforeProcessingInitializeOnLoad (106ms)
				ProcessInitializeOnLoadAttributes (589ms)
				ProcessInitializeOnLoadMethodAttributes (56ms)
				AfterProcessingInitializeOnLoad (4ms)
				EditorAssembliesLoaded (0ms)
			ExecutionOrderSort2 (0ms)
			AwakeInstancesAfterBackupRestoration (4ms)
Platform modules already initialized, skipping
========================================================================
Worker process is ready to serve import requests
Launched and connected shader compiler UnityShaderCompiler.exe after 0.04 seconds
Refreshing native plugins compatible for Editor in 5.76 ms, found 3 plugins.
Preloading 0 native plugins for Editor in 0.00 ms.
Unloading 5171 Unused Serialized files (Serialized files now loaded: 0)
Unloading 58 unused Assets / (1.8 MB). Loaded Objects now: 5615.
Memory consumption went from 267.5 MB to 265.7 MB.
Total: 3.328400 ms (FindLiveObjects: 0.379800 ms CreateObjectMapping: 0.335900 ms MarkObjects: 2.308200 ms  DeleteObjects: 0.304000 ms)

AssetImportParameters requested are different than current active one (requested -> active):
  custom:video-decoder-ogg-theora: a1e56fd34408186e4bbccfd4996cb3dc -> 
  custom:container-muxer-webm: aa71ff27fc2769a1b78a27578f13a17b -> 
  custom:container-demuxer-webm: 4f35f7cbe854078d1ac9338744f61a02 -> 
  custom:video-encoder-webm-vp8: eb34c28f22e8b96e1ab97ce403110664 -> 
  custom:audio-encoder-webm-vorbis: bf7c407c2cedff20999df2af8eb42d56 -> 
  custom:framework-win-MediaFoundation: 216162199b28c13a410421893ffa2e32 -> 
  custom:container-demuxer-ogg: 62fdf1f143b41e24485cea50d1cbac27 -> 
  custom:video-decoder-webm-vp8: 9c59270c3fd7afecdb556c50c9e8de78 -> 
  custom:audio-decoder-ogg-vorbis: bf7c407c2cedff20999df2af8eb42d56 -> 
========================================================================
Received Prepare
Registering precompiled user dll's ...
Registered in 0.003874 seconds.
Begin MonoManager ReloadAssembly
Symbol file LoadedFromMemory doesn't match image C:\MYWHOLEASSDESKTOP\RealmRush\RealmRush\Library\PackageCache\com.unity.visualscripting@1.7.8\Editor\VisualScripting.Core\Dependencies\YamlDotNet\Unity.VisualScripting.YamlDotNet.dll
Symbol file LoadedFromMemory doesn't match image C:\MYWHOLEASSDESKTOP\RealmRush\RealmRush\Library\PackageCache\com.unity.visualscripting@1.7.8\Editor\VisualScripting.Core\Dependencies\DotNetZip\Unity.VisualScripting.IonicZip.dll
Native extension for UWP target not found
Native extension for LinuxStandalone target not found
Native extension for WindowsStandalone target not found
Native extension for AppleTV target not found
Native extension for iOS target not found
Native extension for Android target not found
Native extension for OSXStandalone target not found
Native extension for WebGL target not found
Refreshing native plugins compatible for Editor in 5.73 ms, found 3 plugins.
Preloading 0 native plugins for Editor in 0.00 ms.
Mono: successfully reloaded assembly
- Completed reload, in  1.502 seconds
Domain Reload Profiling:
	ReloadAssembly (1503ms)
		BeginReloadAssembly (109ms)
			ExecutionOrderSort (0ms)
			DisableScriptedObjects (4ms)
			BackupInstance (0ms)
			ReleaseScriptingObjects (0ms)
			CreateAndSetChildDomain (36ms)
		EndReloadAssembly (1310ms)
			LoadAssemblies (68ms)
			RebuildTransferFunctionScriptingTraits (0ms)
			SetupTypeCache (327ms)
			ReleaseScriptCaches (3ms)
			RebuildScriptCaches (167ms)
			SetupLoadedEditorAssemblies (678ms)
				LogAssemblyErrors (0ms)
				InitializePlatformSupportModulesInManaged (33ms)
				SetLoadedEditorAssemblies (0ms)
				RefreshPlugins (6ms)
				BeforeProcessingInitializeOnLoad (78ms)
				ProcessInitializeOnLoadAttributes (489ms)
				ProcessInitializeOnLoadMethodAttributes (64ms)
				AfterProcessingInitializeOnLoad (7ms)
				EditorAssembliesLoaded (0ms)
			ExecutionOrderSort2 (0ms)
			AwakeInstancesAfterBackupRestoration (6ms)
Platform modules already initialized, skipping
Refreshing native plugins compatible for Editor in 10.90 ms, found 3 plugins.
Preloading 0 native plugins for Editor in 0.00 ms.
Unloading 5051 Unused Serialized files (Serialized files now loaded: 0)
Unloading 39 unused Assets / (1.8 MB). Loaded Objects now: 5630.
Memory consumption went from 271.9 MB to 270.2 MB.
Total: 3.781500 ms (FindLiveObjects: 0.339100 ms CreateObjectMapping: 0.265000 ms MarkObjects: 2.809600 ms  DeleteObjects: 0.367200 ms)

AssetImportParameters requested are different than current active one (requested -> active):
  custom:video-decoder-ogg-theora: a1e56fd34408186e4bbccfd4996cb3dc -> 
  custom:container-muxer-webm: aa71ff27fc2769a1b78a27578f13a17b -> 
  custom:container-demuxer-webm: 4f35f7cbe854078d1ac9338744f61a02 -> 
  custom:video-encoder-webm-vp8: eb34c28f22e8b96e1ab97ce403110664 -> 
  custom:audio-encoder-webm-vorbis: bf7c407c2cedff20999df2af8eb42d56 -> 
  custom:framework-win-MediaFoundation: 216162199b28c13a410421893ffa2e32 -> 
  custom:container-demuxer-ogg: 62fdf1f143b41e24485cea50d1cbac27 -> 
  custom:video-decoder-webm-vp8: 9c59270c3fd7afecdb556c50c9e8de78 -> 
  custom:audio-decoder-ogg-vorbis: bf7c407c2cedff20999df2af8eb42d56 -> 
========================================================================
Received Import Request.
  Time since last request: 508333.401910 seconds.
  path: Assets/StoreAssets/Polygon Packs/PolygonFantasyKingdom/Prefabs/FX_Prefabs/FX_Smoke_Light_01.prefab
  artifactKey: Guid(4cbee084c386e7e4b8e3919f92246d08) Importer(815301076,1909f56bfc062723c751e8b465ee728b)
Start importing Assets/StoreAssets/Polygon Packs/PolygonFantasyKingdom/Prefabs/FX_Prefabs/FX_Smoke_Light_01.prefab using Guid(4cbee084c386e7e4b8e3919f92246d08) Importer(815301076,1909f56bfc062723c751e8b465ee728b)  -> (artifact id: 'ccb59ea079f26327b854fb0f84c5382d') in 0.089885 seconds 
========================================================================
Received Import Request.
  Time since last request: 24.928415 seconds.
  path: Assets/StoreAssets/Polygon Packs/PolygonFantasyKingdom/Models/SM_Env_Ground_Farm_Row_04.fbx
  artifactKey: Guid(d7f753a5c82a7bc4cab987f38c55d95d) Importer(815301076,1909f56bfc062723c751e8b465ee728b)
Start importing Assets/StoreAssets/Polygon Packs/PolygonFantasyKingdom/Models/SM_Env_Ground_Farm_Row_04.fbx using Guid(d7f753a5c82a7bc4cab987f38c55d95d) Importer(815301076,1909f56bfc062723c751e8b465ee728b)  -> (artifact id: '927e5cd090d80a4574deb172a5a8cba9') in 0.046992 seconds 
========================================================================
Received Import Request.
  Time since last request: 0.000031 seconds.
  path: Assets/StoreAssets/Polygon Packs/PolygonFantasyKingdom/Models/SM_Env_Ground_Flat_Dirt_01.fbx
  artifactKey: Guid(a29e92b07d587db458db19ce35a0006e) Importer(815301076,1909f56bfc062723c751e8b465ee728b)
Start importing Assets/StoreAssets/Polygon Packs/PolygonFantasyKingdom/Models/SM_Env_Ground_Flat_Dirt_01.fbx using Guid(a29e92b07d587db458db19ce35a0006e) Importer(815301076,1909f56bfc062723c751e8b465ee728b)  -> (artifact id: '434430fecf370a77cc74b3aca49d40d4') in 0.020658 seconds 
========================================================================
Received Import Request.
  Time since last request: 0.000031 seconds.
  path: Assets/StoreAssets/Polygon Packs/PolygonFantasyKingdom/Models/SM_Env_Hedge_01.fbx
  artifactKey: Guid(f8e2da351a1cab3419ad82a6c199b29c) Importer(815301076,1909f56bfc062723c751e8b465ee728b)
Start importing Assets/StoreAssets/Polygon Packs/PolygonFantasyKingdom/Models/SM_Env_Hedge_01.fbx using Guid(f8e2da351a1cab3419ad82a6c199b29c) Importer(815301076,1909f56bfc062723c751e8b465ee728b)  -> (artifact id: 'a85243f9e0f224538f5ba5672d2c9a58') in 0.020758 seconds 
========================================================================
Received Import Request.
  Time since last request: 0.000022 seconds.
  path: Assets/StoreAssets/Polygon Packs/PolygonFantasyKingdom/Models/SM_Env_Ground_Flat_02.fbx
  artifactKey: Guid(e7d941bef486c16429c97d335e971ef8) Importer(815301076,1909f56bfc062723c751e8b465ee728b)
Start importing Assets/StoreAssets/Polygon Packs/PolygonFantasyKingdom/Models/SM_Env_Ground_Flat_02.fbx using Guid(e7d941bef486c16429c97d335e971ef8) Importer(815301076,1909f56bfc062723c751e8b465ee728b)  -> (artifact id: '2dc7d5517c537989c2262feb9dcd79bc') in 0.017524 seconds 
========================================================================
Received Import Request.
  Time since last request: 35.776324 seconds.
  path: Assets/StoreAssets/Polygon Packs/PolygonFantasyKingdom/Materials/Ground_Mat/PolygonFantasyKingdom_Mat_Ground_Grass_02.mat
  artifactKey: Guid(7cf6c4ed2f5823b4495e4486033a3d02) Importer(815301076,1909f56bfc062723c751e8b465ee728b)
Start importing Assets/StoreAssets/Polygon Packs/PolygonFantasyKingdom/Materials/Ground_Mat/PolygonFantasyKingdom_Mat_Ground_Grass_02.mat using Guid(7cf6c4ed2f5823b4495e4486033a3d02) Importer(815301076,1909f56bfc062723c751e8b465ee728b)  -> (artifact id: '8f59db36ef633e14818d16494c496887') in 0.090825 seconds 
========================================================================
Received Import Request.
  Time since last request: 0.000037 seconds.
  path: Assets/StoreAssets/Polygon Packs/PolygonFantasyKingdom/Materials/Ground_Mat/PolygonFantasyKingdom_Mat_Ground_Mud_03.mat
  artifactKey: Guid(77b6688a607025d4fbfe615382643a26) Importer(815301076,1909f56bfc062723c751e8b465ee728b)
Start importing Assets/StoreAssets/Polygon Packs/PolygonFantasyKingdom/Materials/Ground_Mat/PolygonFantasyKingdom_Mat_Ground_Mud_03.mat using Guid(77b6688a607025d4fbfe615382643a26) Importer(815301076,1909f56bfc062723c751e8b465ee728b)  -> (artifact id: '53b35a1f3da98fa1b74d3dced5b41f2c') in 0.059108 seconds 
========================================================================
Received Import Request.
  Time since last request: 124.698373 seconds.
  path: Assets/StoreAssets/Polygon Packs/PolygonFantasyKingdom/Prefabs/Castle/SM_Bld_Bridge_01.prefab
  artifactKey: Guid(3c3791d604bc6104fa09b77432654cb6) Importer(815301076,1909f56bfc062723c751e8b465ee728b)
Start importing Assets/StoreAssets/Polygon Packs/PolygonFantasyKingdom/Prefabs/Castle/SM_Bld_Bridge_01.prefab using Guid(3c3791d604bc6104fa09b77432654cb6) Importer(815301076,1909f56bfc062723c751e8b465ee728b)  -> (artifact id: '2b8af81e4d6f8117bff9b518a9178893') in 0.047777 seconds 
========================================================================
Received Import Request.
  Time since last request: 0.000026 seconds.
  path: Assets/StoreAssets/Polygon Packs/PolygonFantasyKingdom/Prefabs/Castle/SM_Bld_Castle_Archway_Small_01.prefab
  artifactKey: Guid(d9ba1f85bdfc2e748957cfb19567bee5) Importer(815301076,1909f56bfc062723c751e8b465ee728b)
Start importing Assets/StoreAssets/Polygon Packs/PolygonFantasyKingdom/Prefabs/Castle/SM_Bld_Castle_Archway_Small_01.prefab using Guid(d9ba1f85bdfc2e748957cfb19567bee5) Importer(815301076,1909f56bfc062723c751e8b465ee728b)  -> (artifact id: '7ab8961b078d347f1fe66927ac73e423') in 0.049955 seconds 
========================================================================
Received Import Request.
  Time since last request: 0.000029 seconds.
  path: Assets/StoreAssets/Polygon Packs/PolygonFantasyKingdom/Prefabs/Castle/SM_Bld_Castle_Battlements_04.prefab
  artifactKey: Guid(0622fec806c22d3459d9fa9e541e21ce) Importer(815301076,1909f56bfc062723c751e8b465ee728b)
Start importing Assets/StoreAssets/Polygon Packs/PolygonFantasyKingdom/Prefabs/Castle/SM_Bld_Castle_Battlements_04.prefab using Guid(0622fec806c22d3459d9fa9e541e21ce) Importer(815301076,1909f56bfc062723c751e8b465ee728b)  -> (artifact id: '90b25715244e4a6106f49904cf66e633') in 0.052135 seconds 
========================================================================
Received Import Request.
  Time since last request: 0.000018 seconds.
  path: Assets/StoreAssets/Polygon Packs/PolygonFantasyKingdom/Prefabs/Castle/SM_Bld_Castle_Battlements_01.prefab
  artifactKey: Guid(696d556a80bf28e46aa3eab92f05424f) Importer(815301076,1909f56bfc062723c751e8b465ee728b)
Start importing Assets/StoreAssets/Polygon Packs/PolygonFantasyKingdom/Prefabs/Castle/SM_Bld_Castle_Battlements_01.prefab using Guid(696d556a80bf28e46aa3eab92f05424f) Importer(815301076,1909f56bfc062723c751e8b465ee728b)  -> (artifact id: '12197e4e544067d97e0b25f512418996') in 0.030514 seconds 
========================================================================
Received Import Request.
  Time since last request: 0.000014 seconds.
  path: Assets/StoreAssets/Polygon Packs/PolygonFantasyKingdom/Prefabs/Castle/SM_Bld_Bridge_Railing_02.prefab
  artifactKey: Guid(c75638300651d354b8a0ff826f7c351b) Importer(815301076,1909f56bfc062723c751e8b465ee728b)
Start importing Assets/StoreAssets/Polygon Packs/PolygonFantasyKingdom/Prefabs/Castle/SM_Bld_Bridge_Railing_02.prefab using Guid(c75638300651d354b8a0ff826f7c351b) Importer(815301076,1909f56bfc062723c751e8b465ee728b)  -> (artifact id: '707c24702906508277bd87807896b947') in 0.041096 seconds 
========================================================================
Received Import Request.
  Time since last request: 0.000020 seconds.
  path: Assets/StoreAssets/Polygon Packs/PolygonFantasyKingdom/Prefabs/Castle/SM_Bld_Castle_Battlements_02_Half.prefab
  artifactKey: Guid(078e9dd5b0d8d1a4f874921a3ea3c974) Importer(815301076,1909f56bfc062723c751e8b465ee728b)
Start importing Assets/StoreAssets/Polygon Packs/PolygonFantasyKingdom/Prefabs/Castle/SM_Bld_Castle_Battlements_02_Half.prefab using Guid(078e9dd5b0d8d1a4f874921a3ea3c974) Importer(815301076,1909f56bfc062723c751e8b465ee728b)  -> (artifact id: 'da0fe127b40dd8748bfa56698b5086c3') in 0.023514 seconds 
========================================================================
Received Import Request.
  Time since last request: 0.000022 seconds.
  path: Assets/StoreAssets/Polygon Packs/PolygonFantasyKingdom/Prefabs/Castle/SM_Bld_Castle_Battlements_01_Short.prefab
  artifactKey: Guid(474ffebfdc0d4de4a80b94a72391b860) Importer(815301076,1909f56bfc062723c751e8b465ee728b)
Start importing Assets/StoreAssets/Polygon Packs/PolygonFantasyKingdom/Prefabs/Castle/SM_Bld_Castle_Battlements_01_Short.prefab using Guid(474ffebfdc0d4de4a80b94a72391b860) Importer(815301076,1909f56bfc062723c751e8b465ee728b)  -> (artifact id: 'e0f54ee05598f595efe88927fc295145') in 0.023312 seconds 
========================================================================
Received Import Request.
  Time since last request: 0.000025 seconds.
  path: Assets/StoreAssets/Polygon Packs/PolygonFantasyKingdom/Prefabs/Castle/SM_Bld_Castle_Battlements_02.prefab
  artifactKey: Guid(23da3f238cff34542b4de8cb4c469497) Importer(815301076,1909f56bfc062723c751e8b465ee728b)
Start importing Assets/StoreAssets/Polygon Packs/PolygonFantasyKingdom/Prefabs/Castle/SM_Bld_Castle_Battlements_02.prefab using Guid(23da3f238cff34542b4de8cb4c469497) Importer(815301076,1909f56bfc062723c751e8b465ee728b)  -> (artifact id: 'fa907f4b9e4ff7485311f20885cc5e80') in 0.024050 seconds 
========================================================================
Received Import Request.
  Time since last request: 0.000025 seconds.
  path: Assets/StoreAssets/Polygon Packs/PolygonFantasyKingdom/Prefabs/Castle/SM_Bld_Castle_Balcony_01.prefab
  artifactKey: Guid(3f302375f666061408e54ca7a5cff8bc) Importer(815301076,1909f56bfc062723c751e8b465ee728b)
Start importing Assets/StoreAssets/Polygon Packs/PolygonFantasyKingdom/Prefabs/Castle/SM_Bld_Castle_Balcony_01.prefab using Guid(3f302375f666061408e54ca7a5cff8bc) Importer(815301076,1909f56bfc062723c751e8b465ee728b)  -> (artifact id: '921827ad812c9e7bd72ac79dc0abe1ad') in 0.037861 seconds 
========================================================================
Received Import Request.
  Time since last request: 0.000014 seconds.
  path: Assets/StoreAssets/Polygon Packs/PolygonFantasyKingdom/Prefabs/Characters/SM_Chr_Blacksmith_Female_01.prefab
  artifactKey: Guid(a129c7755e4c7d843b98bfa2af4b3fb2) Importer(815301076,1909f56bfc062723c751e8b465ee728b)
Start importing Assets/StoreAssets/Polygon Packs/PolygonFantasyKingdom/Prefabs/Characters/SM_Chr_Blacksmith_Female_01.prefab using Guid(a129c7755e4c7d843b98bfa2af4b3fb2) Importer(815301076,1909f56bfc062723c751e8b465ee728b)  -> (artifact id: '2d2e78092c600828467e3c03781b5e05') in 0.071059 seconds 
========================================================================
Received Import Request.
  Time since last request: 0.000015 seconds.
  path: Assets/StoreAssets/Polygon Packs/PolygonFantasyKingdom/Prefabs/Characters/SM_Chr_Jester_01.prefab
  artifactKey: Guid(24e2f7a008fde164698a13a05b6918f5) Importer(815301076,1909f56bfc062723c751e8b465ee728b)
Start importing Assets/StoreAssets/Polygon Packs/PolygonFantasyKingdom/Prefabs/Characters/SM_Chr_Jester_01.prefab using Guid(24e2f7a008fde164698a13a05b6918f5) Importer(815301076,1909f56bfc062723c751e8b465ee728b)  -> (artifact id: '65a88e3844eb8cc231501e4d89351f97') in 0.053201 seconds 
========================================================================
Received Import Request.
  Time since last request: 0.000032 seconds.
  path: Assets/StoreAssets/Polygon Packs/PolygonFantasyKingdom/Prefabs/Characters/SM_Chr_Mage_01.prefab
  artifactKey: Guid(e0331453113676149a9c0b2bc03e60de) Importer(815301076,1909f56bfc062723c751e8b465ee728b)
Start importing Assets/StoreAssets/Polygon Packs/PolygonFantasyKingdom/Prefabs/Characters/SM_Chr_Mage_01.prefab using Guid(e0331453113676149a9c0b2bc03e60de) Importer(815301076,1909f56bfc062723c751e8b465ee728b)  -> (artifact id: '275ead2da2a6d22e728b00f67db072d0') in 0.047365 seconds 
========================================================================
Received Import Request.
  Time since last request: 0.000018 seconds.
  path: Assets/StoreAssets/Polygon Packs/PolygonFantasyKingdom/Prefabs/Characters/SM_Chr_Priest_01.prefab
  artifactKey: Guid(f30534c3df593c848ab209d140941eb4) Importer(815301076,1909f56bfc062723c751e8b465ee728b)
Start importing Assets/StoreAssets/Polygon Packs/PolygonFantasyKingdom/Prefabs/Characters/SM_Chr_Priest_01.prefab using Guid(f30534c3df593c848ab209d140941eb4) Importer(815301076,1909f56bfc062723c751e8b465ee728b)  -> (artifact id: '8bea77cc3c7e0fdabc09fd5e661924a1') in 0.043709 seconds 
========================================================================
Received Import Request.
  Time since last request: 0.000026 seconds.
  path: Assets/StoreAssets/Polygon Packs/PolygonFantasyKingdom/Prefabs/Characters/SM_Chr_King_01.prefab
  artifactKey: Guid(78bc42a4ceca0424ca04f3b7e68989ef) Importer(815301076,1909f56bfc062723c751e8b465ee728b)
Start importing Assets/StoreAssets/Polygon Packs/PolygonFantasyKingdom/Prefabs/Characters/SM_Chr_King_01.prefab using Guid(78bc42a4ceca0424ca04f3b7e68989ef) Importer(815301076,1909f56bfc062723c751e8b465ee728b)  -> (artifact id: 'bc65eaeb2b56b3d4283ea95983bc7129') in 0.048766 seconds 
========================================================================
Received Import Request.
  Time since last request: 0.000023 seconds.
  path: Assets/StoreAssets/Polygon Packs/PolygonFantasyKingdom/Prefabs/Characters/SM_Chr_Merchant_01.prefab
  artifactKey: Guid(4f671f96ada2b43438b517dbc501e523) Importer(815301076,1909f56bfc062723c751e8b465ee728b)
Start importing Assets/StoreAssets/Polygon Packs/PolygonFantasyKingdom/Prefabs/Characters/SM_Chr_Merchant_01.prefab using Guid(4f671f96ada2b43438b517dbc501e523) Importer(815301076,1909f56bfc062723c751e8b465ee728b)  -> (artifact id: '224833dd289adc62cadddc6ab6ef3e3d') in 0.042367 seconds 
========================================================================
Received Import Request.
  Time since last request: 0.000021 seconds.
  path: Assets/StoreAssets/Polygon Packs/PolygonFantasyKingdom/Prefabs/Characters/SM_Chr_Blacksmith_Male_01.prefab
  artifactKey: Guid(f9d0bec09311bef48aa1fb044570e5de) Importer(815301076,1909f56bfc062723c751e8b465ee728b)
Start importing Assets/StoreAssets/Polygon Packs/PolygonFantasyKingdom/Prefabs/Characters/SM_Chr_Blacksmith_Male_01.prefab using Guid(f9d0bec09311bef48aa1fb044570e5de) Importer(815301076,1909f56bfc062723c751e8b465ee728b)  -> (artifact id: 'd35962d80530343685c9bfbdd25689e9') in 0.045559 seconds 
========================================================================
Received Import Request.
  Time since last request: 0.000016 seconds.
  path: Assets/StoreAssets/Polygon Packs/PolygonFantasyKingdom/Prefabs/Characters/SM_Chr_Hermit_01.prefab
  artifactKey: Guid(d5a148a3575c47145a45da3ec571473c) Importer(815301076,1909f56bfc062723c751e8b465ee728b)
Start importing Assets/StoreAssets/Polygon Packs/PolygonFantasyKingdom/Prefabs/Characters/SM_Chr_Hermit_01.prefab using Guid(d5a148a3575c47145a45da3ec571473c) Importer(815301076,1909f56bfc062723c751e8b465ee728b)  -> (artifact id: '29be788563ee07a2f7a1d283c6d5c578') in 0.037158 seconds 
========================================================================
Received Import Request.
  Time since last request: 61.513590 seconds.
  path: Assets/StoreAssets/Polygon Packs/PolygonFantasyKingdom/Prefabs/Castle/SM_Bld_Castle_Roof_S_Corner_Inner_Half_01.prefab
  artifactKey: Guid(941145b0852488840998876eb7312214) Importer(815301076,1909f56bfc062723c751e8b465ee728b)
Start importing Assets/StoreAssets/Polygon Packs/PolygonFantasyKingdom/Prefabs/Castle/SM_Bld_Castle_Roof_S_Corner_Inner_Half_01.prefab using Guid(941145b0852488840998876eb7312214) Importer(815301076,1909f56bfc062723c751e8b465ee728b)  -> (artifact id: '37bbb76f51f7ed2e883e0c7046900a11') in 0.040872 seconds 
========================================================================
Received Import Request.
  Time since last request: 0.000018 seconds.
  path: Assets/StoreAssets/Polygon Packs/PolygonFantasyKingdom/Prefabs/Castle/SM_Bld_Castle_Roof_S_End_Beam_01.prefab
  artifactKey: Guid(c0fc7fb30bf0f0f4d96f0cbad08e87f8) Importer(815301076,1909f56bfc062723c751e8b465ee728b)
Start importing Assets/StoreAssets/Polygon Packs/PolygonFantasyKingdom/Prefabs/Castle/SM_Bld_Castle_Roof_S_End_Beam_01.prefab using Guid(c0fc7fb30bf0f0f4d96f0cbad08e87f8) Importer(815301076,1909f56bfc062723c751e8b465ee728b)  -> (artifact id: 'a39c3cf872c61f1cfe0232cb6f1e3e80') in 0.030416 seconds 
========================================================================
Received Import Request.
  Time since last request: 0.000021 seconds.
  path: Assets/StoreAssets/Polygon Packs/PolygonFantasyKingdom/Prefabs/Castle/SM_Bld_Castle_Roof_S_Curved_Window_01.prefab
  artifactKey: Guid(741baf3fb84ab9e409906aa44437bc2f) Importer(815301076,1909f56bfc062723c751e8b465ee728b)
Start importing Assets/StoreAssets/Polygon Packs/PolygonFantasyKingdom/Prefabs/Castle/SM_Bld_Castle_Roof_S_Curved_Window_01.prefab using Guid(741baf3fb84ab9e409906aa44437bc2f) Importer(815301076,1909f56bfc062723c751e8b465ee728b)  -> (artifact id: 'f80dfbcdbabe9f5483b2b1ec4692ea8d') in 0.043046 seconds 
========================================================================
Received Import Request.
  Time since last request: 0.000019 seconds.
  path: Assets/StoreAssets/Polygon Packs/PolygonFantasyKingdom/Prefabs/Castle/SM_Bld_Castle_Roof_S_Curved_Corner_Inner_01.prefab
  artifactKey: Guid(b835486e861df704cb308fb352001a3e) Importer(815301076,1909f56bfc062723c751e8b465ee728b)
Start importing Assets/StoreAssets/Polygon Packs/PolygonFantasyKingdom/Prefabs/Castle/SM_Bld_Castle_Roof_S_Curved_Corner_Inner_01.prefab using Guid(b835486e861df704cb308fb352001a3e) Importer(815301076,1909f56bfc062723c751e8b465ee728b)  -> (artifact id: '775e5c657ee93238096082a51c1aa86a') in 0.048077 seconds 
========================================================================
Received Import Request.
  Time since last request: 0.000133 seconds.
  path: Assets/StoreAssets/Polygon Packs/PolygonFantasyKingdom/Prefabs/Castle/SM_Bld_Castle_Roof_S_Half_End_01.prefab
  artifactKey: Guid(23de43cf7c7c7164592b0d016e138fac) Importer(815301076,1909f56bfc062723c751e8b465ee728b)
Start importing Assets/StoreAssets/Polygon Packs/PolygonFantasyKingdom/Prefabs/Castle/SM_Bld_Castle_Roof_S_Half_End_01.prefab using Guid(23de43cf7c7c7164592b0d016e138fac) Importer(815301076,1909f56bfc062723c751e8b465ee728b)  -> (artifact id: 'e64bb74a99e6696c761650510b0cfbed') in 0.052359 seconds 
========================================================================
Received Import Request.
  Time since last request: 0.000044 seconds.
  path: Assets/StoreAssets/Polygon Packs/PolygonFantasyKingdom/Prefabs/Castle/SM_Bld_Castle_Roof_S_Curved_End_01.prefab
  artifactKey: Guid(3aa2f1ec964eaf347b2fda071f58785c) Importer(815301076,1909f56bfc062723c751e8b465ee728b)
Start importing Assets/StoreAssets/Polygon Packs/PolygonFantasyKingdom/Prefabs/Castle/SM_Bld_Castle_Roof_S_Curved_End_01.prefab using Guid(3aa2f1ec964eaf347b2fda071f58785c) Importer(815301076,1909f56bfc062723c751e8b465ee728b)  -> (artifact id: '024b6d3308ca9ffe8e2db04eb4cab9ab') in 0.029248 seconds 
========================================================================
Received Import Request.
  Time since last request: 0.000016 seconds.
  path: Assets/StoreAssets/Polygon Packs/PolygonFantasyKingdom/Prefabs/Castle/SM_Bld_Castle_Roof_S_Curved_End_Beam_01.prefab
  artifactKey: Guid(2e9d3cd01495e764d8523fae35bddbd8) Importer(815301076,1909f56bfc062723c751e8b465ee728b)
Start importing Assets/StoreAssets/Polygon Packs/PolygonFantasyKingdom/Prefabs/Castle/SM_Bld_Castle_Roof_S_Curved_End_Beam_01.prefab using Guid(2e9d3cd01495e764d8523fae35bddbd8) Importer(815301076,1909f56bfc062723c751e8b465ee728b)  -> (artifact id: '532445c55756e67199c08b296507e363') in 0.047533 seconds 
========================================================================
Received Import Request.
  Time since last request: 0.239851 seconds.
  path: Assets/StoreAssets/Polygon Packs/PolygonFantasyKingdom/Prefabs/Characters/SM_Chr_Princess_01.prefab
  artifactKey: Guid(119427e8efe54b54ea5b98536358014a) Importer(815301076,1909f56bfc062723c751e8b465ee728b)
Start importing Assets/StoreAssets/Polygon Packs/PolygonFantasyKingdom/Prefabs/Characters/SM_Chr_Princess_01.prefab using Guid(119427e8efe54b54ea5b98536358014a) Importer(815301076,1909f56bfc062723c751e8b465ee728b)  -> (artifact id: '6142130d44b5e6933dbcb9e6ecf2c11e') in 0.048813 seconds 
========================================================================
Received Import Request.
  Time since last request: 0.000023 seconds.
  path: Assets/StoreAssets/Polygon Packs/PolygonFantasyKingdom/Prefabs/Characters/SM_Chr_Rider_01.prefab
  artifactKey: Guid(e11051163540ebf4884417f50c226d1c) Importer(815301076,1909f56bfc062723c751e8b465ee728b)
Start importing Assets/StoreAssets/Polygon Packs/PolygonFantasyKingdom/Prefabs/Characters/SM_Chr_Rider_01.prefab using Guid(e11051163540ebf4884417f50c226d1c) Importer(815301076,1909f56bfc062723c751e8b465ee728b)  -> (artifact id: '073ce39aef4fadf8e16af123de426592') in 0.045066 seconds 
========================================================================
Received Import Request.
  Time since last request: 0.183163 seconds.
  path: Assets/StoreAssets/Polygon Packs/PolygonFantasyKingdom/Prefabs/Buildings/SM_Bld_Tent_Open_02.prefab
  artifactKey: Guid(b84465eb327fc2846be0a740399c9962) Importer(815301076,1909f56bfc062723c751e8b465ee728b)
Start importing Assets/StoreAssets/Polygon Packs/PolygonFantasyKingdom/Prefabs/Buildings/SM_Bld_Tent_Open_02.prefab using Guid(b84465eb327fc2846be0a740399c9962) Importer(815301076,1909f56bfc062723c751e8b465ee728b)  -> (artifact id: 'b5e413ecde7176f88f1c10e6aa60bd00') in 0.037697 seconds 
========================================================================
Received Import Request.
  Time since last request: 0.000019 seconds.
  path: Assets/StoreAssets/Polygon Packs/PolygonFantasyKingdom/Prefabs/Buildings/SM_Bld_Tent_Square_01.prefab
  artifactKey: Guid(169dd305c6848c246ab712725813f963) Importer(815301076,1909f56bfc062723c751e8b465ee728b)
Start importing Assets/StoreAssets/Polygon Packs/PolygonFantasyKingdom/Prefabs/Buildings/SM_Bld_Tent_Square_01.prefab using Guid(169dd305c6848c246ab712725813f963) Importer(815301076,1909f56bfc062723c751e8b465ee728b)  -> (artifact id: 'f16551665401b2d2782e9967aeac3440') in 0.044193 seconds 
========================================================================
Received Import Request.
  Time since last request: 0.000024 seconds.
  path: Assets/StoreAssets/Polygon Packs/PolygonFantasyKingdom/Prefabs/Buildings/SM_Prop_Destroyed_House_Piece_02.prefab
  artifactKey: Guid(47b97fe4042df564f82e2bf5c804a69c) Importer(815301076,1909f56bfc062723c751e8b465ee728b)
Start importing Assets/StoreAssets/Polygon Packs/PolygonFantasyKingdom/Prefabs/Buildings/SM_Prop_Destroyed_House_Piece_02.prefab using Guid(47b97fe4042df564f82e2bf5c804a69c) Importer(815301076,1909f56bfc062723c751e8b465ee728b)  -> (artifact id: '3838cfc2634ef12f2463ae5820c3e3db') in 0.040648 seconds 
========================================================================
Received Import Request.
  Time since last request: 0.000018 seconds.
  path: Assets/StoreAssets/Polygon Packs/PolygonFantasyKingdom/Prefabs/Buildings/SM_Prop_Destroyed_House_Debris_01.prefab
  artifactKey: Guid(03ef2ead86f2b06469d4e7b5482d6e77) Importer(815301076,1909f56bfc062723c751e8b465ee728b)
Start importing Assets/StoreAssets/Polygon Packs/PolygonFantasyKingdom/Prefabs/Buildings/SM_Prop_Destroyed_House_Debris_01.prefab using Guid(03ef2ead86f2b06469d4e7b5482d6e77) Importer(815301076,1909f56bfc062723c751e8b465ee728b)  -> (artifact id: '02c20801ee08d0971836fd127a35efa5') in 0.076678 seconds 
========================================================================
Received Import Request.
  Time since last request: 0.000022 seconds.
  path: Assets/StoreAssets/Polygon Packs/PolygonFantasyKingdom/Prefabs/Buildings/SM_Prop_Destroyed_House_Piece_03.prefab
  artifactKey: Guid(d24716d57cb776f48ba0e64fc66d4ab6) Importer(815301076,1909f56bfc062723c751e8b465ee728b)
Start importing Assets/StoreAssets/Polygon Packs/PolygonFantasyKingdom/Prefabs/Buildings/SM_Prop_Destroyed_House_Piece_03.prefab using Guid(d24716d57cb776f48ba0e64fc66d4ab6) Importer(815301076,1909f56bfc062723c751e8b465ee728b)  -> (artifact id: '2d4efaf8c0dddb5ff29c49daf2dd4cbf') in 0.047770 seconds 
========================================================================
Received Import Request.
  Time since last request: 0.000024 seconds.
  path: Assets/StoreAssets/Polygon Packs/PolygonFantasyKingdom/Prefabs/Buildings/SM_Prop_Destroyed_House_Debris_02.prefab
  artifactKey: Guid(eabee8c9364b56f4fbde9fbc773f4fbf) Importer(815301076,1909f56bfc062723c751e8b465ee728b)
Start importing Assets/StoreAssets/Polygon Packs/PolygonFantasyKingdom/Prefabs/Buildings/SM_Prop_Destroyed_House_Debris_02.prefab using Guid(eabee8c9364b56f4fbde9fbc773f4fbf) Importer(815301076,1909f56bfc062723c751e8b465ee728b)  -> (artifact id: 'c9bcb672292d2576fedbd88b9a5a5632') in 0.061907 seconds 
Editor requested this worker to shutdown with reason: Scaling down because of idle timeout
AssetImportWorker is now disconnected from the server
Process exiting
Exiting without the bug reporter. Application will terminate with return code 0