Using pre-set license
Built from '2021.3/staging' branch; Version is '2021.3.6f1 (7da38d85baf6) revision 8233869'; Using compiler version '192829333'; Build Type 'Release'
OS: 'Windows 11  (10.0.22000) 64bit Core' Language: 'en' Physical Memory: 32681 MB
BatchMode: 1, IsHumanControllingUs: 0, StartBugReporterOnCrash: 0, Is64bit: 1, IsPro: 1

COMMAND LINE ARGUMENTS:
C:\UnityEditors\2021.3.6f1\Editor\Unity.exe
-adb2
-batchMode
-noUpm
-name
AssetImportWorker53
-projectPath
C:/MYWHOLEASSDESKTOP/RealmRush/RealmRush
-logFile
Logs/AssetImportWorker53.log
-srvPort
58047
Successfully changed project path to: C:/MYWHOLEASSDESKTOP/RealmRush/RealmRush
C:/MYWHOLEASSDESKTOP/RealmRush/RealmRush
[UnityMemory] Configuration Parameters - Can be set up in boot.config
    "memorysetup-bucket-allocator-granularity=16"
    "memorysetup-bucket-allocator-bucket-count=8"
    "memorysetup-bucket-allocator-block-size=33554432"
    "memorysetup-bucket-allocator-block-count=8"
    "memorysetup-main-allocator-block-size=16777216"
    "memorysetup-thread-allocator-block-size=16777216"
    "memorysetup-gfx-main-allocator-block-size=16777216"
    "memorysetup-gfx-thread-allocator-block-size=16777216"
    "memorysetup-cache-allocator-block-size=4194304"
    "memorysetup-typetree-allocator-block-size=2097152"
    "memorysetup-profiler-bucket-allocator-granularity=16"
    "memorysetup-profiler-bucket-allocator-bucket-count=8"
    "memorysetup-profiler-bucket-allocator-block-size=33554432"
    "memorysetup-profiler-bucket-allocator-block-count=8"
    "memorysetup-profiler-allocator-block-size=16777216"
    "memorysetup-profiler-editor-allocator-block-size=1048576"
    "memorysetup-temp-allocator-size-main=16777216"
    "memorysetup-job-temp-allocator-block-size=2097152"
    "memorysetup-job-temp-allocator-block-size-background=1048576"
    "memorysetup-job-temp-allocator-reduction-small-platforms=262144"
    "memorysetup-temp-allocator-size-background-worker=32768"
    "memorysetup-temp-allocator-size-job-worker=262144"
    "memorysetup-temp-allocator-size-preload-manager=33554432"
    "memorysetup-temp-allocator-size-nav-mesh-worker=65536"
    "memorysetup-temp-allocator-size-audio-worker=65536"
    "memorysetup-temp-allocator-size-cloud-worker=32768"
    "memorysetup-temp-allocator-size-gi-baking-worker=262144"
    "memorysetup-temp-allocator-size-gfx=262144"
Refreshing native plugins compatible for Editor in 424.78 ms, found 3 plugins.
Preloading 0 native plugins for Editor in 0.00 ms.
Initialize engine version: 2021.3.6f1 (7da38d85baf6)
[Subsystems] Discovering subsystems at path C:/UnityEditors/2021.3.6f1/Editor/Data/Resources/UnitySubsystems
[Subsystems] Discovering subsystems at path C:/MYWHOLEASSDESKTOP/RealmRush/RealmRush/Assets
GfxDevice: creating device client; threaded=0; jobified=0
Direct3D:
    Version:  Direct3D 11.0 [level 11.1]
    Renderer: NVIDIA GeForce RTX 2080 Ti (ID=0x1e07)
    Vendor:   NVIDIA
    VRAM:     11049 MB
    Driver:   31.0.15.1659
Initialize mono
Mono path[0] = 'C:/UnityEditors/2021.3.6f1/Editor/Data/Managed'
Mono path[1] = 'C:/UnityEditors/2021.3.6f1/Editor/Data/MonoBleedingEdge/lib/mono/unityjit-win32'
Mono config path = 'C:/UnityEditors/2021.3.6f1/Editor/Data/MonoBleedingEdge/etc'
Using monoOptions --debugger-agent=transport=dt_socket,embedding=1,server=y,suspend=n,address=127.0.0.1:56556
Begin MonoManager ReloadAssembly
Registering precompiled unity dll's ...
Register platform support module: C:/UnityEditors/2021.3.6f1/Editor/Data/PlaybackEngines/WebGLSupport/UnityEditor.WebGL.Extensions.dll
Register platform support module: C:/UnityEditors/2021.3.6f1/Editor/Data/PlaybackEngines/MacStandaloneSupport/UnityEditor.OSXStandalone.Extensions.dll
Register platform support module: C:/UnityEditors/2021.3.6f1/Editor/Data/PlaybackEngines/AndroidPlayer/UnityEditor.Android.Extensions.dll
Register platform support module: C:/UnityEditors/2021.3.6f1/Editor/Data/PlaybackEngines/iOSSupport/UnityEditor.iOS.Extensions.dll
Register platform support module: C:/UnityEditors/2021.3.6f1/Editor/Data/PlaybackEngines/AppleTVSupport/UnityEditor.AppleTV.Extensions.dll
Register platform support module: C:/UnityEditors/2021.3.6f1/Editor/Data/PlaybackEngines/WindowsStandaloneSupport/UnityEditor.WindowsStandalone.Extensions.dll
Register platform support module: C:/UnityEditors/2021.3.6f1/Editor/Data/PlaybackEngines/LinuxStandaloneSupport/UnityEditor.LinuxStandalone.Extensions.dll
Register platform support module: C:/UnityEditors/2021.3.6f1/Editor/Data/PlaybackEngines/MetroSupport/UnityEditor.UWP.Extensions.dll
Registered in 0.005533 seconds.
Native extension for UWP target not found
Native extension for LinuxStandalone target not found
Native extension for WindowsStandalone target not found
[usbmuxd] Start listen thread
[usbmuxd] Listen thread started
Native extension for AppleTV target not found
[usbmuxd] Start listen thread
[usbmuxd] Listen thread started
Native extension for iOS target not found
Native extension for Android target not found
Native extension for OSXStandalone target not found
Native extension for WebGL target not found
Refreshing native plugins compatible for Editor in 520.77 ms, found 3 plugins.
Preloading 0 native plugins for Editor in 0.00 ms.
Mono: successfully reloaded assembly
- Completed reload, in  1.003 seconds
Domain Reload Profiling:
	ReloadAssembly (1004ms)
		BeginReloadAssembly (55ms)
			ExecutionOrderSort (0ms)
			DisableScriptedObjects (0ms)
			BackupInstance (0ms)
			ReleaseScriptingObjects (0ms)
			CreateAndSetChildDomain (1ms)
		EndReloadAssembly (858ms)
			LoadAssemblies (55ms)
			RebuildTransferFunctionScriptingTraits (0ms)
			SetupTypeCache (90ms)
			ReleaseScriptCaches (0ms)
			RebuildScriptCaches (21ms)
			SetupLoadedEditorAssemblies (694ms)
				LogAssemblyErrors (0ms)
				InitializePlatformSupportModulesInManaged (54ms)
				SetLoadedEditorAssemblies (0ms)
				RefreshPlugins (521ms)
				BeforeProcessingInitializeOnLoad (1ms)
				ProcessInitializeOnLoadAttributes (79ms)
				ProcessInitializeOnLoadMethodAttributes (38ms)
				AfterProcessingInitializeOnLoad (0ms)
				EditorAssembliesLoaded (0ms)
			ExecutionOrderSort2 (0ms)
			AwakeInstancesAfterBackupRestoration (0ms)
Platform modules already initialized, skipping
Registering precompiled user dll's ...
Registered in 0.004617 seconds.
Begin MonoManager ReloadAssembly
Symbol file LoadedFromMemory doesn't match image C:\MYWHOLEASSDESKTOP\RealmRush\RealmRush\Library\PackageCache\com.unity.visualscripting@1.7.8\Editor\VisualScripting.Core\Dependencies\YamlDotNet\Unity.VisualScripting.YamlDotNet.dll
Symbol file LoadedFromMemory doesn't match image C:\MYWHOLEASSDESKTOP\RealmRush\RealmRush\Library\PackageCache\com.unity.visualscripting@1.7.8\Editor\VisualScripting.Core\Dependencies\DotNetZip\Unity.VisualScripting.IonicZip.dll
Native extension for UWP target not found
Native extension for LinuxStandalone target not found
Native extension for WindowsStandalone target not found
Native extension for AppleTV target not found
Native extension for iOS target not found
Native extension for Android target not found
Native extension for OSXStandalone target not found
Native extension for WebGL target not found
Refreshing native plugins compatible for Editor in 525.60 ms, found 3 plugins.
Preloading 0 native plugins for Editor in 0.00 ms.
Mono: successfully reloaded assembly
- Completed reload, in  2.134 seconds
Domain Reload Profiling:
	ReloadAssembly (2135ms)
		BeginReloadAssembly (200ms)
			ExecutionOrderSort (0ms)
			DisableScriptedObjects (5ms)
			BackupInstance (0ms)
			ReleaseScriptingObjects (0ms)
			CreateAndSetChildDomain (127ms)
		EndReloadAssembly (1825ms)
			LoadAssemblies (74ms)
			RebuildTransferFunctionScriptingTraits (0ms)
			SetupTypeCache (265ms)
			ReleaseScriptCaches (1ms)
			RebuildScriptCaches (66ms)
			SetupLoadedEditorAssemblies (1360ms)
				LogAssemblyErrors (0ms)
				InitializePlatformSupportModulesInManaged (27ms)
				SetLoadedEditorAssemblies (0ms)
				RefreshPlugins (526ms)
				BeforeProcessingInitializeOnLoad (107ms)
				ProcessInitializeOnLoadAttributes (636ms)
				ProcessInitializeOnLoadMethodAttributes (60ms)
				AfterProcessingInitializeOnLoad (4ms)
				EditorAssembliesLoaded (0ms)
			ExecutionOrderSort2 (0ms)
			AwakeInstancesAfterBackupRestoration (4ms)
Platform modules already initialized, skipping
========================================================================
Worker process is ready to serve import requests
Launched and connected shader compiler UnityShaderCompiler.exe after 0.04 seconds
Refreshing native plugins compatible for Editor in 5.54 ms, found 3 plugins.
Preloading 0 native plugins for Editor in 0.00 ms.
Unloading 5171 Unused Serialized files (Serialized files now loaded: 0)
Unloading 58 unused Assets / (1.8 MB). Loaded Objects now: 5615.
Memory consumption went from 267.5 MB to 265.8 MB.
Total: 3.250100 ms (FindLiveObjects: 0.399200 ms CreateObjectMapping: 0.350500 ms MarkObjects: 2.196900 ms  DeleteObjects: 0.302800 ms)

AssetImportParameters requested are different than current active one (requested -> active):
  custom:video-decoder-ogg-theora: a1e56fd34408186e4bbccfd4996cb3dc -> 
  custom:container-muxer-webm: aa71ff27fc2769a1b78a27578f13a17b -> 
  custom:container-demuxer-webm: 4f35f7cbe854078d1ac9338744f61a02 -> 
  custom:video-encoder-webm-vp8: eb34c28f22e8b96e1ab97ce403110664 -> 
  custom:audio-encoder-webm-vorbis: bf7c407c2cedff20999df2af8eb42d56 -> 
  custom:framework-win-MediaFoundation: 216162199b28c13a410421893ffa2e32 -> 
  custom:container-demuxer-ogg: 62fdf1f143b41e24485cea50d1cbac27 -> 
  custom:video-decoder-webm-vp8: 9c59270c3fd7afecdb556c50c9e8de78 -> 
  custom:audio-decoder-ogg-vorbis: bf7c407c2cedff20999df2af8eb42d56 -> 
========================================================================
Received Import Request.
  Time since last request: 509746.357671 seconds.
  path: Assets/StoreAssets/Polygon Packs/PolygonFantasyKingdom/Prefabs/Castle/SM_Bld_Castle_Roof_Short_Half_01.prefab
  artifactKey: Guid(e5b095e5b022b2e468e439fd0abfa223) Importer(815301076,1909f56bfc062723c751e8b465ee728b)
Start importing Assets/StoreAssets/Polygon Packs/PolygonFantasyKingdom/Prefabs/Castle/SM_Bld_Castle_Roof_Short_Half_01.prefab using Guid(e5b095e5b022b2e468e439fd0abfa223) Importer(815301076,1909f56bfc062723c751e8b465ee728b)  -> (artifact id: 'b43540d74634b2e79c19ad7b315e4d02') in 0.163222 seconds 
========================================================================
Received Import Request.
  Time since last request: 0.115415 seconds.
  path: Assets/StoreAssets/Polygon Packs/PolygonFantasyKingdom/Prefabs/Castle/SM_Bld_Castle_Wall_Archway_Legs_01.prefab
  artifactKey: Guid(71ea80968d8f5ef4db20a2d869615336) Importer(815301076,1909f56bfc062723c751e8b465ee728b)
Start importing Assets/StoreAssets/Polygon Packs/PolygonFantasyKingdom/Prefabs/Castle/SM_Bld_Castle_Wall_Archway_Legs_01.prefab using Guid(71ea80968d8f5ef4db20a2d869615336) Importer(815301076,1909f56bfc062723c751e8b465ee728b)  -> (artifact id: 'e3ecb2025fb9a00240b6da9614e162b9') in 0.023188 seconds 
========================================================================
Received Import Request.
  Time since last request: 0.000024 seconds.
  path: Assets/StoreAssets/Polygon Packs/PolygonFantasyKingdom/Prefabs/Castle/SM_Bld_Castle_Wall_Block_01.prefab
  artifactKey: Guid(5763b5c079fc82d4f9eba6bdb64be096) Importer(815301076,1909f56bfc062723c751e8b465ee728b)
Start importing Assets/StoreAssets/Polygon Packs/PolygonFantasyKingdom/Prefabs/Castle/SM_Bld_Castle_Wall_Block_01.prefab using Guid(5763b5c079fc82d4f9eba6bdb64be096) Importer(815301076,1909f56bfc062723c751e8b465ee728b)  -> (artifact id: '6dae826259b129b5326cfd7d32ba64f4') in 0.022064 seconds 
========================================================================
Received Import Request.
  Time since last request: 0.017879 seconds.
  path: Assets/StoreAssets/Polygon Packs/PolygonFantasyKingdom/Prefabs/Castle/SM_Bld_Castle_Wall_Block_05.prefab
  artifactKey: Guid(b97f4fc4776ca5b43bbcf11e72cc4ada) Importer(815301076,1909f56bfc062723c751e8b465ee728b)
Start importing Assets/StoreAssets/Polygon Packs/PolygonFantasyKingdom/Prefabs/Castle/SM_Bld_Castle_Wall_Block_05.prefab using Guid(b97f4fc4776ca5b43bbcf11e72cc4ada) Importer(815301076,1909f56bfc062723c751e8b465ee728b)  -> (artifact id: '307a11be2bcf2d0752f2ab20b152d324') in 0.022647 seconds 
========================================================================
Received Import Request.
  Time since last request: 0.175360 seconds.
  path: Assets/StoreAssets/Polygon Packs/PolygonFantasyKingdom/Prefabs/Castle/SM_Bld_Castle_Wall_Corbels_Corner_01.prefab
  artifactKey: Guid(8fe645f12aa69994fb64a119dd5c2ca2) Importer(815301076,1909f56bfc062723c751e8b465ee728b)
Start importing Assets/StoreAssets/Polygon Packs/PolygonFantasyKingdom/Prefabs/Castle/SM_Bld_Castle_Wall_Corbels_Corner_01.prefab using Guid(8fe645f12aa69994fb64a119dd5c2ca2) Importer(815301076,1909f56bfc062723c751e8b465ee728b)  -> (artifact id: 'dc0b240baf9c3bc8cd7b8f5a9b3bb40c') in 0.022722 seconds 
========================================================================
Received Import Request.
  Time since last request: 0.000021 seconds.
  path: Assets/StoreAssets/Polygon Packs/PolygonFantasyKingdom/Prefabs/Castle/SM_Bld_Castle_Wall_Corner_L_Base_01.prefab
  artifactKey: Guid(e84c215db43ba19458b41b14f16169b8) Importer(815301076,1909f56bfc062723c751e8b465ee728b)
Start importing Assets/StoreAssets/Polygon Packs/PolygonFantasyKingdom/Prefabs/Castle/SM_Bld_Castle_Wall_Corner_L_Base_01.prefab using Guid(e84c215db43ba19458b41b14f16169b8) Importer(815301076,1909f56bfc062723c751e8b465ee728b)  -> (artifact id: 'ac2c3c4b78cb8dd481f292f216c3bb97') in 0.023446 seconds 
========================================================================
Received Import Request.
  Time since last request: 0.000876 seconds.
  path: Assets/StoreAssets/Polygon Packs/PolygonFantasyKingdom/Prefabs/Castle/SM_Bld_Castle_Wall_Corner_L_Window_02.prefab
  artifactKey: Guid(c9361b5563183c049a93c8d3d989ecf1) Importer(815301076,1909f56bfc062723c751e8b465ee728b)
Start importing Assets/StoreAssets/Polygon Packs/PolygonFantasyKingdom/Prefabs/Castle/SM_Bld_Castle_Wall_Corner_L_Window_02.prefab using Guid(c9361b5563183c049a93c8d3d989ecf1) Importer(815301076,1909f56bfc062723c751e8b465ee728b)  -> (artifact id: '86637997382d9ac130f38c19e123db5a') in 0.024523 seconds 
========================================================================
Received Import Request.
  Time since last request: 0.183173 seconds.
  path: Assets/StoreAssets/Polygon Packs/PolygonFantasyKingdom/Prefabs/Castle/SM_Bld_Castle_Wall_Corner_M_Base_Slope_01.prefab
  artifactKey: Guid(508c80448eb4c974d920e731c9099ebd) Importer(815301076,1909f56bfc062723c751e8b465ee728b)
Start importing Assets/StoreAssets/Polygon Packs/PolygonFantasyKingdom/Prefabs/Castle/SM_Bld_Castle_Wall_Corner_M_Base_Slope_01.prefab using Guid(508c80448eb4c974d920e731c9099ebd) Importer(815301076,1909f56bfc062723c751e8b465ee728b)  -> (artifact id: '84bd113df80f59bd7f6fd728a55d8104') in 0.024536 seconds 
========================================================================
Received Import Request.
  Time since last request: 0.000013 seconds.
  path: Assets/StoreAssets/Polygon Packs/PolygonFantasyKingdom/Prefabs/Castle/SM_Bld_Castle_Wall_Corner_M_Window_01.prefab
  artifactKey: Guid(ee36346cbeac20f489540b1ad6e91b51) Importer(815301076,1909f56bfc062723c751e8b465ee728b)
Start importing Assets/StoreAssets/Polygon Packs/PolygonFantasyKingdom/Prefabs/Castle/SM_Bld_Castle_Wall_Corner_M_Window_01.prefab using Guid(ee36346cbeac20f489540b1ad6e91b51) Importer(815301076,1909f56bfc062723c751e8b465ee728b)  -> (artifact id: 'd0751290bb2a6da2171fdace706635a0') in 0.031076 seconds 
========================================================================
Received Import Request.
  Time since last request: 0.018184 seconds.
  path: Assets/StoreAssets/Polygon Packs/PolygonFantasyKingdom/Prefabs/Castle/SM_Bld_Castle_Wall_Corner_S_Door_01.prefab
  artifactKey: Guid(6c5e3a871a5d7d84d916981aff0c505c) Importer(815301076,1909f56bfc062723c751e8b465ee728b)
Start importing Assets/StoreAssets/Polygon Packs/PolygonFantasyKingdom/Prefabs/Castle/SM_Bld_Castle_Wall_Corner_S_Door_01.prefab using Guid(6c5e3a871a5d7d84d916981aff0c505c) Importer(815301076,1909f56bfc062723c751e8b465ee728b)  -> (artifact id: 'f11d49e27c326c8aa390f28c01e09c18') in 0.024693 seconds 
========================================================================
Received Import Request.
  Time since last request: 0.186948 seconds.
  path: Assets/StoreAssets/Polygon Packs/PolygonFantasyKingdom/Prefabs/Castle/SM_Bld_Castle_Wall_Corner_Slope_Straight_Cap_01.prefab
  artifactKey: Guid(477259948ce07e94a9c1fcb223ca0442) Importer(815301076,1909f56bfc062723c751e8b465ee728b)
Start importing Assets/StoreAssets/Polygon Packs/PolygonFantasyKingdom/Prefabs/Castle/SM_Bld_Castle_Wall_Corner_Slope_Straight_Cap_01.prefab using Guid(477259948ce07e94a9c1fcb223ca0442) Importer(815301076,1909f56bfc062723c751e8b465ee728b)  -> (artifact id: '05297c069ccf0360ddff0c2bf75db4e7') in 0.021619 seconds 
========================================================================
Received Import Request.
  Time since last request: 0.000027 seconds.
  path: Assets/StoreAssets/Polygon Packs/PolygonFantasyKingdom/Prefabs/Castle/SM_Bld_Castle_Wall_Cut_04.prefab
  artifactKey: Guid(e9206c45d7e720a44973fba18dc5dac2) Importer(815301076,1909f56bfc062723c751e8b465ee728b)
Start importing Assets/StoreAssets/Polygon Packs/PolygonFantasyKingdom/Prefabs/Castle/SM_Bld_Castle_Wall_Cut_04.prefab using Guid(e9206c45d7e720a44973fba18dc5dac2) Importer(815301076,1909f56bfc062723c751e8b465ee728b)  -> (artifact id: 'fba208e2b2aaa129ebfaabc09f0d4492') in 0.025605 seconds 
========================================================================
Received Import Request.
  Time since last request: 0.196329 seconds.
  path: Assets/StoreAssets/Polygon Packs/PolygonFantasyKingdom/Prefabs/Castle/SM_Bld_Castle_Wall_Door_01.prefab
  artifactKey: Guid(41ce1a831a1f83a4596a986fb3c31ea6) Importer(815301076,1909f56bfc062723c751e8b465ee728b)
Start importing Assets/StoreAssets/Polygon Packs/PolygonFantasyKingdom/Prefabs/Castle/SM_Bld_Castle_Wall_Door_01.prefab using Guid(41ce1a831a1f83a4596a986fb3c31ea6) Importer(815301076,1909f56bfc062723c751e8b465ee728b)  -> (artifact id: 'fc76fccbd23ed93d007c8fd2442b4cb0') in 0.019102 seconds 
========================================================================
Received Import Request.
  Time since last request: 0.000020 seconds.
  path: Assets/StoreAssets/Polygon Packs/PolygonFantasyKingdom/Prefabs/Castle/SM_Bld_Castle_Wall_Fireplace_01.prefab
  artifactKey: Guid(01f2b05d727853f41b70423fba2304a0) Importer(815301076,1909f56bfc062723c751e8b465ee728b)
Start importing Assets/StoreAssets/Polygon Packs/PolygonFantasyKingdom/Prefabs/Castle/SM_Bld_Castle_Wall_Fireplace_01.prefab using Guid(01f2b05d727853f41b70423fba2304a0) Importer(815301076,1909f56bfc062723c751e8b465ee728b)  -> (artifact id: 'ff109329afadc633bff1554f84c6fe10') in 0.051450 seconds 
========================================================================
Received Import Request.
  Time since last request: 0.000024 seconds.
  path: Assets/StoreAssets/Polygon Packs/PolygonFantasyKingdom/Prefabs/Castle/SM_Bld_Castle_Wall_Half_Corner_L_01.prefab
  artifactKey: Guid(edfd047280446914aa722821df7ee5f1) Importer(815301076,1909f56bfc062723c751e8b465ee728b)
Start importing Assets/StoreAssets/Polygon Packs/PolygonFantasyKingdom/Prefabs/Castle/SM_Bld_Castle_Wall_Half_Corner_L_01.prefab using Guid(edfd047280446914aa722821df7ee5f1) Importer(815301076,1909f56bfc062723c751e8b465ee728b)  -> (artifact id: 'c0a3bc2ff2b8ab58a8902269ec7c72a8') in 0.029806 seconds 
========================================================================
Received Import Request.
  Time since last request: 0.275135 seconds.
  path: Assets/StoreAssets/Polygon Packs/PolygonFantasyKingdom/Prefabs/Castle/SM_Bld_Castle_Wall_Panel_Wood_01.prefab
  artifactKey: Guid(90bd150b288b9ce459f067f295b37784) Importer(815301076,1909f56bfc062723c751e8b465ee728b)
Start importing Assets/StoreAssets/Polygon Packs/PolygonFantasyKingdom/Prefabs/Castle/SM_Bld_Castle_Wall_Panel_Wood_01.prefab using Guid(90bd150b288b9ce459f067f295b37784) Importer(815301076,1909f56bfc062723c751e8b465ee728b)  -> (artifact id: 'f5b7db5bfc2890b6d1702b1009a455aa') in 0.045489 seconds 
========================================================================
Received Import Request.
  Time since last request: 0.000021 seconds.
  path: Assets/StoreAssets/Polygon Packs/PolygonFantasyKingdom/Prefabs/Castle/SM_Bld_Castle_Wall_Pillars_Half_Corner_S_01.prefab
  artifactKey: Guid(0d7c030b8107eb3409151c6f44a00401) Importer(815301076,1909f56bfc062723c751e8b465ee728b)
Start importing Assets/StoreAssets/Polygon Packs/PolygonFantasyKingdom/Prefabs/Castle/SM_Bld_Castle_Wall_Pillars_Half_Corner_S_01.prefab using Guid(0d7c030b8107eb3409151c6f44a00401) Importer(815301076,1909f56bfc062723c751e8b465ee728b)  -> (artifact id: '5730eef2afc6e2bbbdc3f6811d5f489b') in 0.028795 seconds 
========================================================================
Received Import Request.
  Time since last request: 0.000030 seconds.
  path: Assets/StoreAssets/Polygon Packs/PolygonFantasyKingdom/Prefabs/Castle/SM_Bld_Castle_Wall_Pillars_Half_Corner_S_02.prefab
  artifactKey: Guid(5f1b0c46dd688fc4a8bca1c22ded4035) Importer(815301076,1909f56bfc062723c751e8b465ee728b)
Start importing Assets/StoreAssets/Polygon Packs/PolygonFantasyKingdom/Prefabs/Castle/SM_Bld_Castle_Wall_Pillars_Half_Corner_S_02.prefab using Guid(5f1b0c46dd688fc4a8bca1c22ded4035) Importer(815301076,1909f56bfc062723c751e8b465ee728b)  -> (artifact id: '866e52eb71e7bf0f694cb0793d810143') in 0.022819 seconds 
========================================================================
Received Import Request.
  Time since last request: 0.134289 seconds.
  path: Assets/StoreAssets/Polygon Packs/PolygonFantasyKingdom/Prefabs/Castle/SM_Bld_Castle_Wall_Window_01.prefab
  artifactKey: Guid(5512b573ac86ff54387cdc52c43662c7) Importer(815301076,1909f56bfc062723c751e8b465ee728b)
Start importing Assets/StoreAssets/Polygon Packs/PolygonFantasyKingdom/Prefabs/Castle/SM_Bld_Castle_Wall_Window_01.prefab using Guid(5512b573ac86ff54387cdc52c43662c7) Importer(815301076,1909f56bfc062723c751e8b465ee728b)  -> (artifact id: 'f1de3ae559fa46ccbbda3dfc74d6d247') in 0.017774 seconds 
========================================================================
Received Import Request.
  Time since last request: 0.033216 seconds.
  path: Assets/StoreAssets/Polygon Packs/PolygonFantasyKingdom/Prefabs/Castle/SM_Bld_Castle_Wall_Window_05.prefab
  artifactKey: Guid(a4680506efd0f6a4a92bd5a95406b46f) Importer(815301076,1909f56bfc062723c751e8b465ee728b)
Start importing Assets/StoreAssets/Polygon Packs/PolygonFantasyKingdom/Prefabs/Castle/SM_Bld_Castle_Wall_Window_05.prefab using Guid(a4680506efd0f6a4a92bd5a95406b46f) Importer(815301076,1909f56bfc062723c751e8b465ee728b)  -> (artifact id: '410431d2f40b8e8d30cdae2b73e1dc58') in 0.018085 seconds 
========================================================================
Received Import Request.
  Time since last request: 0.012067 seconds.
  path: Assets/StoreAssets/Polygon Packs/PolygonFantasyKingdom/Prefabs/Castle/SM_Bld_Castle_Wall_Window_Fancy_Tall_01.prefab
  artifactKey: Guid(7cf831b528bbe8240b66aa5ca5ed82a0) Importer(815301076,1909f56bfc062723c751e8b465ee728b)
Start importing Assets/StoreAssets/Polygon Packs/PolygonFantasyKingdom/Prefabs/Castle/SM_Bld_Castle_Wall_Window_Fancy_Tall_01.prefab using Guid(7cf831b528bbe8240b66aa5ca5ed82a0) Importer(815301076,1909f56bfc062723c751e8b465ee728b)  -> (artifact id: '98af16e97babfe42b52635ffe000f786') in 0.027866 seconds 
========================================================================
Received Import Request.
  Time since last request: 0.190346 seconds.
  path: Assets/StoreAssets/Polygon Packs/PolygonFantasyKingdom/Prefabs/Castle/SM_Bld_Keep_Pillar_02.prefab
  artifactKey: Guid(38350180c7aab2c409bbcfc4bd8b52f1) Importer(815301076,1909f56bfc062723c751e8b465ee728b)
Start importing Assets/StoreAssets/Polygon Packs/PolygonFantasyKingdom/Prefabs/Castle/SM_Bld_Keep_Pillar_02.prefab using Guid(38350180c7aab2c409bbcfc4bd8b52f1) Importer(815301076,1909f56bfc062723c751e8b465ee728b)  -> (artifact id: 'db6d381fa7dd7d56f8a1b57dec75deeb') in 0.024085 seconds 
========================================================================
Received Import Request.
  Time since last request: 0.000015 seconds.
  path: Assets/StoreAssets/Polygon Packs/PolygonFantasyKingdom/Prefabs/Castle/SM_Bld_Stairs_Corner_01.prefab
  artifactKey: Guid(075377222b441e840a4b1acf6251a8ad) Importer(815301076,1909f56bfc062723c751e8b465ee728b)
Start importing Assets/StoreAssets/Polygon Packs/PolygonFantasyKingdom/Prefabs/Castle/SM_Bld_Stairs_Corner_01.prefab using Guid(075377222b441e840a4b1acf6251a8ad) Importer(815301076,1909f56bfc062723c751e8b465ee728b)  -> (artifact id: '652226aef899e2f8003c4294559196a9') in 0.025243 seconds 
========================================================================
Received Import Request.
  Time since last request: 0.000024 seconds.
  path: Assets/StoreAssets/Polygon Packs/PolygonFantasyKingdom/Prefabs/Castle/SM_Bld_Stairs_Round_M_01.prefab
  artifactKey: Guid(ce389a60dad22af4d9c6a9e112da834f) Importer(815301076,1909f56bfc062723c751e8b465ee728b)
Start importing Assets/StoreAssets/Polygon Packs/PolygonFantasyKingdom/Prefabs/Castle/SM_Bld_Stairs_Round_M_01.prefab using Guid(ce389a60dad22af4d9c6a9e112da834f) Importer(815301076,1909f56bfc062723c751e8b465ee728b)  -> (artifact id: '2d66ed11a85f1b3170a33f991fd33384') in 0.028759 seconds 
========================================================================
Received Import Request.
  Time since last request: 0.000022 seconds.
  path: Assets/StoreAssets/Polygon Packs/PolygonFantasyKingdom/Prefabs/Castle/SM_Bld_Stairs_Corner_Edges_01.prefab
  artifactKey: Guid(f03f6035ddb796246b6f376eae6d0a14) Importer(815301076,1909f56bfc062723c751e8b465ee728b)
Start importing Assets/StoreAssets/Polygon Packs/PolygonFantasyKingdom/Prefabs/Castle/SM_Bld_Stairs_Corner_Edges_01.prefab using Guid(f03f6035ddb796246b6f376eae6d0a14) Importer(815301076,1909f56bfc062723c751e8b465ee728b)  -> (artifact id: 'd9e888a04d987864f52dfba9c4081734') in 0.027521 seconds 
========================================================================
Received Import Request.
  Time since last request: 0.121303 seconds.
  path: Assets/StoreAssets/Polygon Packs/PolygonFantasyKingdom/Prefabs/Castle/SM_Bld_Stairs_Round_M_Wood_Floor_01.prefab
  artifactKey: Guid(141f6db59f1ff4a4e8e9e1e270f39d67) Importer(815301076,1909f56bfc062723c751e8b465ee728b)
Start importing Assets/StoreAssets/Polygon Packs/PolygonFantasyKingdom/Prefabs/Castle/SM_Bld_Stairs_Round_M_Wood_Floor_01.prefab using Guid(141f6db59f1ff4a4e8e9e1e270f39d67) Importer(815301076,1909f56bfc062723c751e8b465ee728b)  -> (artifact id: 'd7f9508fb2e5f8b7fabd0e2aefc7ffce') in 0.040571 seconds 
========================================================================
Received Import Request.
  Time since last request: 0.000017 seconds.
  path: Assets/StoreAssets/Polygon Packs/PolygonFantasyKingdom/Prefabs/Castle/SM_Bld_Stairs_Round_S_Wood_01.prefab
  artifactKey: Guid(c905946f144caf44a9df1fe2633904dc) Importer(815301076,1909f56bfc062723c751e8b465ee728b)
Start importing Assets/StoreAssets/Polygon Packs/PolygonFantasyKingdom/Prefabs/Castle/SM_Bld_Stairs_Round_S_Wood_01.prefab using Guid(c905946f144caf44a9df1fe2633904dc) Importer(815301076,1909f56bfc062723c751e8b465ee728b)  -> (artifact id: '475b31b9c7ff7f5650a5d1e09c04ca09') in 0.049656 seconds 
========================================================================
Received Import Request.
  Time since last request: 0.000020 seconds.
  path: Assets/StoreAssets/Polygon Packs/PolygonFantasyKingdom/Prefabs/Castle/SM_Bld_Stairs_Round_S_Base_01.prefab
  artifactKey: Guid(a03ef55c8797db9429d0da53b814170f) Importer(815301076,1909f56bfc062723c751e8b465ee728b)
Start importing Assets/StoreAssets/Polygon Packs/PolygonFantasyKingdom/Prefabs/Castle/SM_Bld_Stairs_Round_S_Base_01.prefab using Guid(a03ef55c8797db9429d0da53b814170f) Importer(815301076,1909f56bfc062723c751e8b465ee728b)  -> (artifact id: '618010b6f82804d03e3bc9356a58816f') in 0.023615 seconds 
========================================================================
Received Import Request.
  Time since last request: 0.000022 seconds.
  path: Assets/StoreAssets/Polygon Packs/PolygonFantasyKingdom/Prefabs/Castle/SM_Bld_Stairs_Round_S_Wood_Floor_02.prefab
  artifactKey: Guid(ca1b9651b18c57245bb9fe3bad49ae6e) Importer(815301076,1909f56bfc062723c751e8b465ee728b)
Start importing Assets/StoreAssets/Polygon Packs/PolygonFantasyKingdom/Prefabs/Castle/SM_Bld_Stairs_Round_S_Wood_Floor_02.prefab using Guid(ca1b9651b18c57245bb9fe3bad49ae6e) Importer(815301076,1909f56bfc062723c751e8b465ee728b)  -> (artifact id: 'bc775c560d6b2e94cd5ea55f960c21f7') in 0.027826 seconds 
========================================================================
Received Import Request.
  Time since last request: 0.100000 seconds.
  path: Assets/StoreAssets/Polygon Packs/PolygonFantasyKingdom/Prefabs/Castle/SM_Bld_Stairs_Straight_Wide_Edges_03.prefab
  artifactKey: Guid(57b83c4886d29a34ea3777b253d560e4) Importer(815301076,1909f56bfc062723c751e8b465ee728b)
Start importing Assets/StoreAssets/Polygon Packs/PolygonFantasyKingdom/Prefabs/Castle/SM_Bld_Stairs_Straight_Wide_Edges_03.prefab using Guid(57b83c4886d29a34ea3777b253d560e4) Importer(815301076,1909f56bfc062723c751e8b465ee728b)  -> (artifact id: '7ab8a87f79b09147091edf243bcce020') in 0.022927 seconds 
========================================================================
Received Import Request.
  Time since last request: 0.000016 seconds.
  path: Assets/StoreAssets/Polygon Packs/PolygonFantasyKingdom/Prefabs/Castle/SM_Bld_Stairs_Wood_Straight_01.prefab
  artifactKey: Guid(63b6ff2c82a8a164fad982d04ab474da) Importer(815301076,1909f56bfc062723c751e8b465ee728b)
Start importing Assets/StoreAssets/Polygon Packs/PolygonFantasyKingdom/Prefabs/Castle/SM_Bld_Stairs_Wood_Straight_01.prefab using Guid(63b6ff2c82a8a164fad982d04ab474da) Importer(815301076,1909f56bfc062723c751e8b465ee728b)  -> (artifact id: '8550e64e5504f61e1cf34b6b8b79d65f') in 0.048383 seconds 
========================================================================
Received Import Request.
  Time since last request: 0.000027 seconds.
  path: Assets/StoreAssets/Polygon Packs/PolygonFantasyKingdom/Prefabs/Castle/SM_Bld_Walkway_Stone_01.prefab
  artifactKey: Guid(d3aa5b680a9fca74f8fe70a5c4fb5481) Importer(815301076,1909f56bfc062723c751e8b465ee728b)
Start importing Assets/StoreAssets/Polygon Packs/PolygonFantasyKingdom/Prefabs/Castle/SM_Bld_Walkway_Stone_01.prefab using Guid(d3aa5b680a9fca74f8fe70a5c4fb5481) Importer(815301076,1909f56bfc062723c751e8b465ee728b)  -> (artifact id: 'd44fd09221d905a2392cddc6ac710cc9') in 0.025181 seconds 
========================================================================
Received Import Request.
  Time since last request: 0.140145 seconds.
  path: Assets/StoreAssets/Polygon Packs/PolygonFantasyKingdom/Prefabs/Castle/SM_Bld_Walkway_Wood_01.prefab
  artifactKey: Guid(6985666288f36094fa1a722cf345a815) Importer(815301076,1909f56bfc062723c751e8b465ee728b)
Start importing Assets/StoreAssets/Polygon Packs/PolygonFantasyKingdom/Prefabs/Castle/SM_Bld_Walkway_Wood_01.prefab using Guid(6985666288f36094fa1a722cf345a815) Importer(815301076,1909f56bfc062723c751e8b465ee728b)  -> (artifact id: '7d5cc6949448be602bd109c75e3993d8') in 0.046955 seconds 
========================================================================
Received Import Request.
  Time since last request: 0.000063 seconds.
  path: Assets/StoreAssets/Polygon Packs/PolygonFantasyKingdom/Prefabs/Castle/SM_Bld_Walkway_Wood_02.prefab
  artifactKey: Guid(2282624d1e64a9d4b85d490fdab714fd) Importer(815301076,1909f56bfc062723c751e8b465ee728b)
Start importing Assets/StoreAssets/Polygon Packs/PolygonFantasyKingdom/Prefabs/Castle/SM_Bld_Walkway_Wood_02.prefab using Guid(2282624d1e64a9d4b85d490fdab714fd) Importer(815301076,1909f56bfc062723c751e8b465ee728b)  -> (artifact id: '3de0466982ea08709be31bfa60239823') in 0.047298 seconds 
========================================================================
Received Import Request.
  Time since last request: 0.000046 seconds.
  path: Assets/StoreAssets/Polygon Packs/PolygonFantasyKingdom/Prefabs/Castle/SM_Bld_Wall_Wood_Beams_01.prefab
  artifactKey: Guid(453ae832c3efbdb49aa626293f925525) Importer(815301076,1909f56bfc062723c751e8b465ee728b)
Start importing Assets/StoreAssets/Polygon Packs/PolygonFantasyKingdom/Prefabs/Castle/SM_Bld_Wall_Wood_Beams_01.prefab using Guid(453ae832c3efbdb49aa626293f925525) Importer(815301076,1909f56bfc062723c751e8b465ee728b)  -> (artifact id: '892df09823cce4867af2957dfd2bebb7') in 0.051101 seconds 
========================================================================
Received Import Request.
  Time since last request: 0.090839 seconds.
  path: Assets/StoreAssets/Polygon Packs/PolygonFantasyKingdom/Prefabs/Castle/SM_Bld_Waterwheel_Attach_01.prefab
  artifactKey: Guid(72d1707364af67a4798c0295f13d8826) Importer(815301076,1909f56bfc062723c751e8b465ee728b)
Start importing Assets/StoreAssets/Polygon Packs/PolygonFantasyKingdom/Prefabs/Castle/SM_Bld_Waterwheel_Attach_01.prefab using Guid(72d1707364af67a4798c0295f13d8826) Importer(815301076,1909f56bfc062723c751e8b465ee728b)  -> (artifact id: '3a699984bcf901840032f0742a0834a0') in 0.046224 seconds 
Editor requested this worker to shutdown with reason: Scaling down because of idle timeout
AssetImportWorker is now disconnected from the server
Process exiting
Exiting without the bug reporter. Application will terminate with return code 0