Using pre-set license
Built from '2021.3/staging' branch; Version is '2021.3.6f1 (7da38d85baf6) revision 8233869'; Using compiler version '192829333'; Build Type 'Release'
OS: 'Windows 11  (10.0.22000) 64bit Core' Language: 'en' Physical Memory: 32681 MB
BatchMode: 1, IsHumanControllingUs: 0, StartBugReporterOnCrash: 0, Is64bit: 1, IsPro: 1

COMMAND LINE ARGUMENTS:
C:\UnityEditors\2021.3.6f1\Editor\Unity.exe
-adb2
-batchMode
-noUpm
-name
AssetImportWorker44
-projectPath
C:/MYWHOLEASSDESKTOP/RealmRush/RealmRush
-logFile
Logs/AssetImportWorker44.log
-srvPort
58047
Successfully changed project path to: C:/MYWHOLEASSDESKTOP/RealmRush/RealmRush
C:/MYWHOLEASSDESKTOP/RealmRush/RealmRush
[UnityMemory] Configuration Parameters - Can be set up in boot.config
    "memorysetup-bucket-allocator-granularity=16"
    "memorysetup-bucket-allocator-bucket-count=8"
    "memorysetup-bucket-allocator-block-size=33554432"
    "memorysetup-bucket-allocator-block-count=8"
    "memorysetup-main-allocator-block-size=16777216"
    "memorysetup-thread-allocator-block-size=16777216"
    "memorysetup-gfx-main-allocator-block-size=16777216"
    "memorysetup-gfx-thread-allocator-block-size=16777216"
    "memorysetup-cache-allocator-block-size=4194304"
    "memorysetup-typetree-allocator-block-size=2097152"
    "memorysetup-profiler-bucket-allocator-granularity=16"
    "memorysetup-profiler-bucket-allocator-bucket-count=8"
    "memorysetup-profiler-bucket-allocator-block-size=33554432"
    "memorysetup-profiler-bucket-allocator-block-count=8"
    "memorysetup-profiler-allocator-block-size=16777216"
    "memorysetup-profiler-editor-allocator-block-size=1048576"
    "memorysetup-temp-allocator-size-main=16777216"
    "memorysetup-job-temp-allocator-block-size=2097152"
    "memorysetup-job-temp-allocator-block-size-background=1048576"
    "memorysetup-job-temp-allocator-reduction-small-platforms=262144"
    "memorysetup-temp-allocator-size-background-worker=32768"
    "memorysetup-temp-allocator-size-job-worker=262144"
    "memorysetup-temp-allocator-size-preload-manager=33554432"
    "memorysetup-temp-allocator-size-nav-mesh-worker=65536"
    "memorysetup-temp-allocator-size-audio-worker=65536"
    "memorysetup-temp-allocator-size-cloud-worker=32768"
    "memorysetup-temp-allocator-size-gi-baking-worker=262144"
    "memorysetup-temp-allocator-size-gfx=262144"
Refreshing native plugins compatible for Editor in 452.57 ms, found 3 plugins.
Preloading 0 native plugins for Editor in 0.00 ms.
Initialize engine version: 2021.3.6f1 (7da38d85baf6)
[Subsystems] Discovering subsystems at path C:/UnityEditors/2021.3.6f1/Editor/Data/Resources/UnitySubsystems
[Subsystems] Discovering subsystems at path C:/MYWHOLEASSDESKTOP/RealmRush/RealmRush/Assets
GfxDevice: creating device client; threaded=0; jobified=0
Direct3D:
    Version:  Direct3D 11.0 [level 11.1]
    Renderer: NVIDIA GeForce RTX 2080 Ti (ID=0x1e07)
    Vendor:   NVIDIA
    VRAM:     11049 MB
    Driver:   31.0.15.1659
Initialize mono
Mono path[0] = 'C:/UnityEditors/2021.3.6f1/Editor/Data/Managed'
Mono path[1] = 'C:/UnityEditors/2021.3.6f1/Editor/Data/MonoBleedingEdge/lib/mono/unityjit-win32'
Mono config path = 'C:/UnityEditors/2021.3.6f1/Editor/Data/MonoBleedingEdge/etc'
Using monoOptions --debugger-agent=transport=dt_socket,embedding=1,server=y,suspend=n,address=127.0.0.1:56928
Begin MonoManager ReloadAssembly
Registering precompiled unity dll's ...
Register platform support module: C:/UnityEditors/2021.3.6f1/Editor/Data/PlaybackEngines/WebGLSupport/UnityEditor.WebGL.Extensions.dll
Register platform support module: C:/UnityEditors/2021.3.6f1/Editor/Data/PlaybackEngines/MacStandaloneSupport/UnityEditor.OSXStandalone.Extensions.dll
Register platform support module: C:/UnityEditors/2021.3.6f1/Editor/Data/PlaybackEngines/AndroidPlayer/UnityEditor.Android.Extensions.dll
Register platform support module: C:/UnityEditors/2021.3.6f1/Editor/Data/PlaybackEngines/iOSSupport/UnityEditor.iOS.Extensions.dll
Register platform support module: C:/UnityEditors/2021.3.6f1/Editor/Data/PlaybackEngines/AppleTVSupport/UnityEditor.AppleTV.Extensions.dll
Register platform support module: C:/UnityEditors/2021.3.6f1/Editor/Data/PlaybackEngines/WindowsStandaloneSupport/UnityEditor.WindowsStandalone.Extensions.dll
Register platform support module: C:/UnityEditors/2021.3.6f1/Editor/Data/PlaybackEngines/LinuxStandaloneSupport/UnityEditor.LinuxStandalone.Extensions.dll
Register platform support module: C:/UnityEditors/2021.3.6f1/Editor/Data/PlaybackEngines/MetroSupport/UnityEditor.UWP.Extensions.dll
Registered in 0.004632 seconds.
Native extension for UWP target not found
Native extension for LinuxStandalone target not found
Native extension for WindowsStandalone target not found
[usbmuxd] Start listen thread
[usbmuxd] Listen thread started
Native extension for AppleTV target not found
[usbmuxd] Start listen thread
[usbmuxd] Listen thread started
Native extension for iOS target not found
Native extension for Android target not found
Native extension for OSXStandalone target not found
Native extension for WebGL target not found
Refreshing native plugins compatible for Editor in 468.70 ms, found 3 plugins.
Preloading 0 native plugins for Editor in 0.00 ms.
Mono: successfully reloaded assembly
- Completed reload, in  0.959 seconds
Domain Reload Profiling:
	ReloadAssembly (959ms)
		BeginReloadAssembly (53ms)
			ExecutionOrderSort (0ms)
			DisableScriptedObjects (0ms)
			BackupInstance (0ms)
			ReleaseScriptingObjects (0ms)
			CreateAndSetChildDomain (1ms)
		EndReloadAssembly (815ms)
			LoadAssemblies (53ms)
			RebuildTransferFunctionScriptingTraits (0ms)
			SetupTypeCache (95ms)
			ReleaseScriptCaches (0ms)
			RebuildScriptCaches (22ms)
			SetupLoadedEditorAssemblies (648ms)
				LogAssemblyErrors (0ms)
				InitializePlatformSupportModulesInManaged (58ms)
				SetLoadedEditorAssemblies (0ms)
				RefreshPlugins (469ms)
				BeforeProcessingInitializeOnLoad (1ms)
				ProcessInitializeOnLoadAttributes (80ms)
				ProcessInitializeOnLoadMethodAttributes (39ms)
				AfterProcessingInitializeOnLoad (0ms)
				EditorAssembliesLoaded (0ms)
			ExecutionOrderSort2 (0ms)
			AwakeInstancesAfterBackupRestoration (0ms)
Platform modules already initialized, skipping
Registering precompiled user dll's ...
Registered in 0.004343 seconds.
Begin MonoManager ReloadAssembly
Symbol file LoadedFromMemory doesn't match image C:\MYWHOLEASSDESKTOP\RealmRush\RealmRush\Library\PackageCache\com.unity.visualscripting@1.7.8\Editor\VisualScripting.Core\Dependencies\YamlDotNet\Unity.VisualScripting.YamlDotNet.dll
Symbol file LoadedFromMemory doesn't match image C:\MYWHOLEASSDESKTOP\RealmRush\RealmRush\Library\PackageCache\com.unity.visualscripting@1.7.8\Editor\VisualScripting.Core\Dependencies\DotNetZip\Unity.VisualScripting.IonicZip.dll
Native extension for UWP target not found
Native extension for LinuxStandalone target not found
Native extension for WindowsStandalone target not found
Native extension for AppleTV target not found
Native extension for iOS target not found
Native extension for Android target not found
Native extension for OSXStandalone target not found
Native extension for WebGL target not found
Refreshing native plugins compatible for Editor in 443.43 ms, found 3 plugins.
Preloading 0 native plugins for Editor in 0.00 ms.
Mono: successfully reloaded assembly
- Completed reload, in  1.934 seconds
Domain Reload Profiling:
	ReloadAssembly (1934ms)
		BeginReloadAssembly (194ms)
			ExecutionOrderSort (0ms)
			DisableScriptedObjects (5ms)
			BackupInstance (0ms)
			ReleaseScriptingObjects (0ms)
			CreateAndSetChildDomain (125ms)
		EndReloadAssembly (1647ms)
			LoadAssemblies (69ms)
			RebuildTransferFunctionScriptingTraits (0ms)
			SetupTypeCache (244ms)
			ReleaseScriptCaches (1ms)
			RebuildScriptCaches (58ms)
			SetupLoadedEditorAssemblies (1227ms)
				LogAssemblyErrors (0ms)
				InitializePlatformSupportModulesInManaged (22ms)
				SetLoadedEditorAssemblies (0ms)
				RefreshPlugins (443ms)
				BeforeProcessingInitializeOnLoad (106ms)
				ProcessInitializeOnLoadAttributes (593ms)
				ProcessInitializeOnLoadMethodAttributes (58ms)
				AfterProcessingInitializeOnLoad (4ms)
				EditorAssembliesLoaded (0ms)
			ExecutionOrderSort2 (0ms)
			AwakeInstancesAfterBackupRestoration (4ms)
Platform modules already initialized, skipping
========================================================================
Worker process is ready to serve import requests
Launched and connected shader compiler UnityShaderCompiler.exe after 0.05 seconds
Refreshing native plugins compatible for Editor in 5.89 ms, found 3 plugins.
Preloading 0 native plugins for Editor in 0.00 ms.
Unloading 5171 Unused Serialized files (Serialized files now loaded: 0)
Unloading 58 unused Assets / (1.8 MB). Loaded Objects now: 5615.
Memory consumption went from 267.5 MB to 265.7 MB.
Total: 3.345600 ms (FindLiveObjects: 0.402300 ms CreateObjectMapping: 0.360100 ms MarkObjects: 2.275900 ms  DeleteObjects: 0.306600 ms)

AssetImportParameters requested are different than current active one (requested -> active):
  custom:video-decoder-ogg-theora: a1e56fd34408186e4bbccfd4996cb3dc -> 
  custom:container-muxer-webm: aa71ff27fc2769a1b78a27578f13a17b -> 
  custom:container-demuxer-webm: 4f35f7cbe854078d1ac9338744f61a02 -> 
  custom:video-encoder-webm-vp8: eb34c28f22e8b96e1ab97ce403110664 -> 
  custom:audio-encoder-webm-vorbis: bf7c407c2cedff20999df2af8eb42d56 -> 
  custom:framework-win-MediaFoundation: 216162199b28c13a410421893ffa2e32 -> 
  custom:container-demuxer-ogg: 62fdf1f143b41e24485cea50d1cbac27 -> 
  custom:video-decoder-webm-vp8: 9c59270c3fd7afecdb556c50c9e8de78 -> 
  custom:audio-decoder-ogg-vorbis: bf7c407c2cedff20999df2af8eb42d56 -> 
========================================================================
Received Prepare
Registering precompiled user dll's ...
Registered in 0.003754 seconds.
Begin MonoManager ReloadAssembly
Symbol file LoadedFromMemory doesn't match image C:\MYWHOLEASSDESKTOP\RealmRush\RealmRush\Library\PackageCache\com.unity.visualscripting@1.7.8\Editor\VisualScripting.Core\Dependencies\YamlDotNet\Unity.VisualScripting.YamlDotNet.dll
Symbol file LoadedFromMemory doesn't match image C:\MYWHOLEASSDESKTOP\RealmRush\RealmRush\Library\PackageCache\com.unity.visualscripting@1.7.8\Editor\VisualScripting.Core\Dependencies\DotNetZip\Unity.VisualScripting.IonicZip.dll
Native extension for UWP target not found
Native extension for LinuxStandalone target not found
Native extension for WindowsStandalone target not found
Native extension for AppleTV target not found
Native extension for iOS target not found
Native extension for Android target not found
Native extension for OSXStandalone target not found
Native extension for WebGL target not found
Refreshing native plugins compatible for Editor in 5.75 ms, found 3 plugins.
Preloading 0 native plugins for Editor in 0.00 ms.
Mono: successfully reloaded assembly
- Completed reload, in  1.520 seconds
Domain Reload Profiling:
	ReloadAssembly (1521ms)
		BeginReloadAssembly (112ms)
			ExecutionOrderSort (0ms)
			DisableScriptedObjects (4ms)
			BackupInstance (0ms)
			ReleaseScriptingObjects (0ms)
			CreateAndSetChildDomain (37ms)
		EndReloadAssembly (1331ms)
			LoadAssemblies (72ms)
			RebuildTransferFunctionScriptingTraits (0ms)
			SetupTypeCache (334ms)
			ReleaseScriptCaches (2ms)
			RebuildScriptCaches (164ms)
			SetupLoadedEditorAssemblies (692ms)
				LogAssemblyErrors (0ms)
				InitializePlatformSupportModulesInManaged (30ms)
				SetLoadedEditorAssemblies (0ms)
				RefreshPlugins (6ms)
				BeforeProcessingInitializeOnLoad (79ms)
				ProcessInitializeOnLoadAttributes (509ms)
				ProcessInitializeOnLoadMethodAttributes (63ms)
				AfterProcessingInitializeOnLoad (4ms)
				EditorAssembliesLoaded (0ms)
			ExecutionOrderSort2 (0ms)
			AwakeInstancesAfterBackupRestoration (4ms)
Platform modules already initialized, skipping
Refreshing native plugins compatible for Editor in 7.24 ms, found 3 plugins.
Preloading 0 native plugins for Editor in 0.00 ms.
Unloading 5051 Unused Serialized files (Serialized files now loaded: 0)
Unloading 39 unused Assets / (1.8 MB). Loaded Objects now: 5630.
Memory consumption went from 271.9 MB to 270.2 MB.
Total: 3.139400 ms (FindLiveObjects: 0.334300 ms CreateObjectMapping: 0.290200 ms MarkObjects: 2.232300 ms  DeleteObjects: 0.281800 ms)

AssetImportParameters requested are different than current active one (requested -> active):
  custom:video-decoder-ogg-theora: a1e56fd34408186e4bbccfd4996cb3dc -> 
  custom:container-muxer-webm: aa71ff27fc2769a1b78a27578f13a17b -> 
  custom:container-demuxer-webm: 4f35f7cbe854078d1ac9338744f61a02 -> 
  custom:video-encoder-webm-vp8: eb34c28f22e8b96e1ab97ce403110664 -> 
  custom:audio-encoder-webm-vorbis: bf7c407c2cedff20999df2af8eb42d56 -> 
  custom:framework-win-MediaFoundation: 216162199b28c13a410421893ffa2e32 -> 
  custom:container-demuxer-ogg: 62fdf1f143b41e24485cea50d1cbac27 -> 
  custom:video-decoder-webm-vp8: 9c59270c3fd7afecdb556c50c9e8de78 -> 
  custom:audio-decoder-ogg-vorbis: bf7c407c2cedff20999df2af8eb42d56 -> 
========================================================================
Received Import Request.
  Time since last request: 508333.412567 seconds.
  path: Assets/StoreAssets/Polygon Packs/PolygonFantasyKingdom/Prefabs/FX_Prefabs/FX_WaterWheel_01.prefab
  artifactKey: Guid(4456b72f334a7f74999eedcee78df4f6) Importer(815301076,1909f56bfc062723c751e8b465ee728b)
Start importing Assets/StoreAssets/Polygon Packs/PolygonFantasyKingdom/Prefabs/FX_Prefabs/FX_WaterWheel_01.prefab using Guid(4456b72f334a7f74999eedcee78df4f6) Importer(815301076,1909f56bfc062723c751e8b465ee728b)  -> (artifact id: 'a373b820f2d78eec74eb1e7357c46d5b') in 0.089137 seconds 
========================================================================
Received Import Request.
  Time since last request: 24.918000 seconds.
  path: Assets/StoreAssets/Polygon Packs/PolygonFantasyKingdom/Models/SM_Env_Ground_Flat_01.fbx
  artifactKey: Guid(72d999f9ddb54a84da869e9eafdcd58b) Importer(815301076,1909f56bfc062723c751e8b465ee728b)
Start importing Assets/StoreAssets/Polygon Packs/PolygonFantasyKingdom/Models/SM_Env_Ground_Flat_01.fbx using Guid(72d999f9ddb54a84da869e9eafdcd58b) Importer(815301076,1909f56bfc062723c751e8b465ee728b)  -> (artifact id: 'da2041d89a5c159ed9e6bf43d697d2b0') in 0.038910 seconds 
========================================================================
Received Import Request.
  Time since last request: 0.000017 seconds.
  path: Assets/StoreAssets/Polygon Packs/PolygonFantasyKingdom/Models/SM_Env_Ground_Raised_02.fbx
  artifactKey: Guid(b854bdbb39c785f4dbd168b1e24eb42a) Importer(815301076,1909f56bfc062723c751e8b465ee728b)
Start importing Assets/StoreAssets/Polygon Packs/PolygonFantasyKingdom/Models/SM_Env_Ground_Raised_02.fbx using Guid(b854bdbb39c785f4dbd168b1e24eb42a) Importer(815301076,1909f56bfc062723c751e8b465ee728b)  -> (artifact id: '3c1a7271e643babb4b3dfdacf474c01d') in 0.023579 seconds 
========================================================================
Received Import Request.
  Time since last request: 0.000015 seconds.
  path: Assets/StoreAssets/Polygon Packs/PolygonFantasyKingdom/Models/SM_Env_Hedge_02.fbx
  artifactKey: Guid(66f2212712ec55447b4ab0a4a43749dd) Importer(815301076,1909f56bfc062723c751e8b465ee728b)
Start importing Assets/StoreAssets/Polygon Packs/PolygonFantasyKingdom/Models/SM_Env_Hedge_02.fbx using Guid(66f2212712ec55447b4ab0a4a43749dd) Importer(815301076,1909f56bfc062723c751e8b465ee728b)  -> (artifact id: '804fa506c4865eabf1d1b5753f508d08') in 0.023568 seconds 
========================================================================
Received Import Request.
  Time since last request: 0.000023 seconds.
  path: Assets/StoreAssets/Polygon Packs/PolygonFantasyKingdom/Models/SM_Env_Ground_Ramp_01.fbx
  artifactKey: Guid(9c673983832a6e642b3764d9cafd5180) Importer(815301076,1909f56bfc062723c751e8b465ee728b)
Start importing Assets/StoreAssets/Polygon Packs/PolygonFantasyKingdom/Models/SM_Env_Ground_Ramp_01.fbx using Guid(9c673983832a6e642b3764d9cafd5180) Importer(815301076,1909f56bfc062723c751e8b465ee728b)  -> (artifact id: '80f319af85657c3e0cbe94d4de0074c7') in 0.023615 seconds 
========================================================================
Received Import Request.
  Time since last request: 35.778694 seconds.
  path: Assets/StoreAssets/Polygon Packs/PolygonFantasyKingdom/Materials/Ground_Mat/PolygonFantasyKingdom_Mat_Ground_Mud_01.mat
  artifactKey: Guid(4fbb203f89f5d67449a7098d4556b9b6) Importer(815301076,1909f56bfc062723c751e8b465ee728b)
Start importing Assets/StoreAssets/Polygon Packs/PolygonFantasyKingdom/Materials/Ground_Mat/PolygonFantasyKingdom_Mat_Ground_Mud_01.mat using Guid(4fbb203f89f5d67449a7098d4556b9b6) Importer(815301076,1909f56bfc062723c751e8b465ee728b)  -> (artifact id: '644e44d43d62a06a1f5fd1c7293cdece') in 0.077363 seconds 
========================================================================
Received Import Request.
  Time since last request: 0.000016 seconds.
  path: Assets/StoreAssets/Polygon Packs/PolygonFantasyKingdom/Materials/Ground_Mat/PolygonFantasyKingdom_Mat_Ground_Sand_02.mat
  artifactKey: Guid(2d642affbdd28134c8977e416f9b1f93) Importer(815301076,1909f56bfc062723c751e8b465ee728b)
Start importing Assets/StoreAssets/Polygon Packs/PolygonFantasyKingdom/Materials/Ground_Mat/PolygonFantasyKingdom_Mat_Ground_Sand_02.mat using Guid(2d642affbdd28134c8977e416f9b1f93) Importer(815301076,1909f56bfc062723c751e8b465ee728b)  -> (artifact id: '143183c34aebcf26ff1d5cf929ec3fdb') in 0.071585 seconds 
Editor requested this worker to shutdown with reason: Scaling down because of idle timeout
AssetImportWorker is now disconnected from the server
Process exiting
Exiting without the bug reporter. Application will terminate with return code 0