Using pre-set license
Built from '2021.3/staging' branch; Version is '2021.3.6f1 (7da38d85baf6) revision 8233869'; Using compiler version '192829333'; Build Type 'Release'
OS: 'Windows 11  (10.0.22000) 64bit Core' Language: 'en' Physical Memory: 32681 MB
BatchMode: 1, IsHumanControllingUs: 0, StartBugReporterOnCrash: 0, Is64bit: 1, IsPro: 1

COMMAND LINE ARGUMENTS:
C:\UnityEditors\2021.3.6f1\Editor\Unity.exe
-adb2
-batchMode
-noUpm
-name
AssetImportWorker6
-projectPath
C:/MYWHOLEASSDESKTOP/RealmRush/RealmRush
-logFile
Logs/AssetImportWorker6.log
-srvPort
58047
Successfully changed project path to: C:/MYWHOLEASSDESKTOP/RealmRush/RealmRush
C:/MYWHOLEASSDESKTOP/RealmRush/RealmRush
[UnityMemory] Configuration Parameters - Can be set up in boot.config
    "memorysetup-bucket-allocator-granularity=16"
    "memorysetup-bucket-allocator-bucket-count=8"
    "memorysetup-bucket-allocator-block-size=33554432"
    "memorysetup-bucket-allocator-block-count=8"
    "memorysetup-main-allocator-block-size=16777216"
    "memorysetup-thread-allocator-block-size=16777216"
    "memorysetup-gfx-main-allocator-block-size=16777216"
    "memorysetup-gfx-thread-allocator-block-size=16777216"
    "memorysetup-cache-allocator-block-size=4194304"
    "memorysetup-typetree-allocator-block-size=2097152"
    "memorysetup-profiler-bucket-allocator-granularity=16"
    "memorysetup-profiler-bucket-allocator-bucket-count=8"
    "memorysetup-profiler-bucket-allocator-block-size=33554432"
    "memorysetup-profiler-bucket-allocator-block-count=8"
    "memorysetup-profiler-allocator-block-size=16777216"
    "memorysetup-profiler-editor-allocator-block-size=1048576"
    "memorysetup-temp-allocator-size-main=16777216"
    "memorysetup-job-temp-allocator-block-size=2097152"
    "memorysetup-job-temp-allocator-block-size-background=1048576"
    "memorysetup-job-temp-allocator-reduction-small-platforms=262144"
    "memorysetup-temp-allocator-size-background-worker=32768"
    "memorysetup-temp-allocator-size-job-worker=262144"
    "memorysetup-temp-allocator-size-preload-manager=33554432"
    "memorysetup-temp-allocator-size-nav-mesh-worker=65536"
    "memorysetup-temp-allocator-size-audio-worker=65536"
    "memorysetup-temp-allocator-size-cloud-worker=32768"
    "memorysetup-temp-allocator-size-gi-baking-worker=262144"
    "memorysetup-temp-allocator-size-gfx=262144"
Refreshing native plugins compatible for Editor in 485.29 ms, found 3 plugins.
Preloading 0 native plugins for Editor in 0.00 ms.
Initialize engine version: 2021.3.6f1 (7da38d85baf6)
[Subsystems] Discovering subsystems at path C:/UnityEditors/2021.3.6f1/Editor/Data/Resources/UnitySubsystems
[Subsystems] Discovering subsystems at path C:/MYWHOLEASSDESKTOP/RealmRush/RealmRush/Assets
GfxDevice: creating device client; threaded=0; jobified=0
Direct3D:
    Version:  Direct3D 11.0 [level 11.1]
    Renderer: NVIDIA GeForce RTX 2080 Ti (ID=0x1e07)
    Vendor:   NVIDIA
    VRAM:     11049 MB
    Driver:   31.0.15.1659
Initialize mono
Mono path[0] = 'C:/UnityEditors/2021.3.6f1/Editor/Data/Managed'
Mono path[1] = 'C:/UnityEditors/2021.3.6f1/Editor/Data/MonoBleedingEdge/lib/mono/unityjit-win32'
Mono config path = 'C:/UnityEditors/2021.3.6f1/Editor/Data/MonoBleedingEdge/etc'
Using monoOptions --debugger-agent=transport=dt_socket,embedding=1,server=y,suspend=n,address=127.0.0.1:56624
Begin MonoManager ReloadAssembly
Registering precompiled unity dll's ...
Register platform support module: C:/UnityEditors/2021.3.6f1/Editor/Data/PlaybackEngines/WebGLSupport/UnityEditor.WebGL.Extensions.dll
Register platform support module: C:/UnityEditors/2021.3.6f1/Editor/Data/PlaybackEngines/MacStandaloneSupport/UnityEditor.OSXStandalone.Extensions.dll
Register platform support module: C:/UnityEditors/2021.3.6f1/Editor/Data/PlaybackEngines/AndroidPlayer/UnityEditor.Android.Extensions.dll
Register platform support module: C:/UnityEditors/2021.3.6f1/Editor/Data/PlaybackEngines/iOSSupport/UnityEditor.iOS.Extensions.dll
Register platform support module: C:/UnityEditors/2021.3.6f1/Editor/Data/PlaybackEngines/AppleTVSupport/UnityEditor.AppleTV.Extensions.dll
Register platform support module: C:/UnityEditors/2021.3.6f1/Editor/Data/PlaybackEngines/WindowsStandaloneSupport/UnityEditor.WindowsStandalone.Extensions.dll
Register platform support module: C:/UnityEditors/2021.3.6f1/Editor/Data/PlaybackEngines/LinuxStandaloneSupport/UnityEditor.LinuxStandalone.Extensions.dll
Register platform support module: C:/UnityEditors/2021.3.6f1/Editor/Data/PlaybackEngines/MetroSupport/UnityEditor.UWP.Extensions.dll
Registered in 0.004956 seconds.
Native extension for UWP target not found
Native extension for LinuxStandalone target not found
Native extension for WindowsStandalone target not found
[usbmuxd] Start listen thread
[usbmuxd] Listen thread started
Native extension for AppleTV target not found
[usbmuxd] Start listen thread
[usbmuxd] Listen thread started
Native extension for iOS target not found
Native extension for Android target not found
Native extension for OSXStandalone target not found
Native extension for WebGL target not found
Refreshing native plugins compatible for Editor in 537.24 ms, found 3 plugins.
Preloading 0 native plugins for Editor in 0.00 ms.
Mono: successfully reloaded assembly
- Completed reload, in  1.054 seconds
Domain Reload Profiling:
	ReloadAssembly (1055ms)
		BeginReloadAssembly (57ms)
			ExecutionOrderSort (0ms)
			DisableScriptedObjects (0ms)
			BackupInstance (0ms)
			ReleaseScriptingObjects (0ms)
			CreateAndSetChildDomain (1ms)
		EndReloadAssembly (910ms)
			LoadAssemblies (56ms)
			RebuildTransferFunctionScriptingTraits (0ms)
			SetupTypeCache (96ms)
			ReleaseScriptCaches (0ms)
			RebuildScriptCaches (26ms)
			SetupLoadedEditorAssemblies (734ms)
				LogAssemblyErrors (0ms)
				InitializePlatformSupportModulesInManaged (71ms)
				SetLoadedEditorAssemblies (0ms)
				RefreshPlugins (537ms)
				BeforeProcessingInitializeOnLoad (1ms)
				ProcessInitializeOnLoadAttributes (84ms)
				ProcessInitializeOnLoadMethodAttributes (40ms)
				AfterProcessingInitializeOnLoad (0ms)
				EditorAssembliesLoaded (0ms)
			ExecutionOrderSort2 (0ms)
			AwakeInstancesAfterBackupRestoration (0ms)
Platform modules already initialized, skipping
Registering precompiled user dll's ...
Registered in 0.005779 seconds.
Begin MonoManager ReloadAssembly
Symbol file LoadedFromMemory doesn't match image C:\MYWHOLEASSDESKTOP\RealmRush\RealmRush\Library\PackageCache\com.unity.visualscripting@1.7.8\Editor\VisualScripting.Core\Dependencies\YamlDotNet\Unity.VisualScripting.YamlDotNet.dll
Symbol file LoadedFromMemory doesn't match image C:\MYWHOLEASSDESKTOP\RealmRush\RealmRush\Library\PackageCache\com.unity.visualscripting@1.7.8\Editor\VisualScripting.Core\Dependencies\DotNetZip\Unity.VisualScripting.IonicZip.dll
Native extension for UWP target not found
Native extension for LinuxStandalone target not found
Native extension for WindowsStandalone target not found
Native extension for AppleTV target not found
Native extension for iOS target not found
Native extension for Android target not found
Native extension for OSXStandalone target not found
Native extension for WebGL target not found
Refreshing native plugins compatible for Editor in 435.89 ms, found 3 plugins.
Preloading 0 native plugins for Editor in 0.00 ms.
Mono: successfully reloaded assembly
- Completed reload, in  1.949 seconds
Domain Reload Profiling:
	ReloadAssembly (1950ms)
		BeginReloadAssembly (203ms)
			ExecutionOrderSort (0ms)
			DisableScriptedObjects (5ms)
			BackupInstance (0ms)
			ReleaseScriptingObjects (0ms)
			CreateAndSetChildDomain (125ms)
		EndReloadAssembly (1648ms)
			LoadAssemblies (77ms)
			RebuildTransferFunctionScriptingTraits (0ms)
			SetupTypeCache (263ms)
			ReleaseScriptCaches (1ms)
			RebuildScriptCaches (52ms)
			SetupLoadedEditorAssemblies (1209ms)
				LogAssemblyErrors (0ms)
				InitializePlatformSupportModulesInManaged (22ms)
				SetLoadedEditorAssemblies (0ms)
				RefreshPlugins (436ms)
				BeforeProcessingInitializeOnLoad (107ms)
				ProcessInitializeOnLoadAttributes (583ms)
				ProcessInitializeOnLoadMethodAttributes (57ms)
				AfterProcessingInitializeOnLoad (4ms)
				EditorAssembliesLoaded (0ms)
			ExecutionOrderSort2 (0ms)
			AwakeInstancesAfterBackupRestoration (4ms)
Platform modules already initialized, skipping
========================================================================
Worker process is ready to serve import requests
Launched and connected shader compiler UnityShaderCompiler.exe after 0.03 seconds
Refreshing native plugins compatible for Editor in 5.64 ms, found 3 plugins.
Preloading 0 native plugins for Editor in 0.00 ms.
Unloading 5164 Unused Serialized files (Serialized files now loaded: 0)
Unloading 58 unused Assets / (1.8 MB). Loaded Objects now: 5607.
Memory consumption went from 267.1 MB to 265.3 MB.
Total: 2.968100 ms (FindLiveObjects: 0.359200 ms CreateObjectMapping: 0.290900 ms MarkObjects: 2.051200 ms  DeleteObjects: 0.266100 ms)

AssetImportParameters requested are different than current active one (requested -> active):
  custom:video-decoder-ogg-theora: a1e56fd34408186e4bbccfd4996cb3dc -> 
  custom:container-muxer-webm: aa71ff27fc2769a1b78a27578f13a17b -> 
  custom:container-demuxer-webm: 4f35f7cbe854078d1ac9338744f61a02 -> 
  custom:video-encoder-webm-vp8: eb34c28f22e8b96e1ab97ce403110664 -> 
  custom:audio-encoder-webm-vorbis: bf7c407c2cedff20999df2af8eb42d56 -> 
  custom:framework-win-MediaFoundation: 216162199b28c13a410421893ffa2e32 -> 
  custom:container-demuxer-ogg: 62fdf1f143b41e24485cea50d1cbac27 -> 
  custom:video-decoder-webm-vp8: 9c59270c3fd7afecdb556c50c9e8de78 -> 
  custom:audio-decoder-ogg-vorbis: bf7c407c2cedff20999df2af8eb42d56 -> 
========================================================================
Received Import Request.
  Time since last request: 357017.839436 seconds.
  path: Assets/StoreAssets/Polygon Packs/PolygonFantasyKingdom/Prefabs/Weapons/SM_Wep_Staff_07.prefab
  artifactKey: Guid(c7cf833ef01777540b5f24bc450e786a) Importer(815301076,1909f56bfc062723c751e8b465ee728b)
Start importing Assets/StoreAssets/Polygon Packs/PolygonFantasyKingdom/Prefabs/Weapons/SM_Wep_Staff_07.prefab using Guid(c7cf833ef01777540b5f24bc450e786a) Importer(815301076,1909f56bfc062723c751e8b465ee728b)  -> (artifact id: '1e138c37f5f69d74af9ecdde96d15c45') in 0.150829 seconds 
========================================================================
Received Import Request.
  Time since last request: 0.006267 seconds.
  path: Assets/StoreAssets/Polygon Packs/PolygonFantasyKingdom/Prefabs/Weapons/SM_Wep_Sword_04.prefab
  artifactKey: Guid(257085a123b302d4dafe4dbbd5f5b391) Importer(815301076,1909f56bfc062723c751e8b465ee728b)
Start importing Assets/StoreAssets/Polygon Packs/PolygonFantasyKingdom/Prefabs/Weapons/SM_Wep_Sword_04.prefab using Guid(257085a123b302d4dafe4dbbd5f5b391) Importer(815301076,1909f56bfc062723c751e8b465ee728b)  -> (artifact id: '0f341624857ad4d85dce4c4282017635') in 0.055497 seconds 
========================================================================
Received Import Request.
  Time since last request: 0.000023 seconds.
  path: Assets/StoreAssets/Polygon Packs/PolygonFantasyKingdom/Prefabs/Weapons/SM_Wep_Sword_08.prefab
  artifactKey: Guid(a5caec3cf905ef9409f3dd8e824ecac7) Importer(815301076,1909f56bfc062723c751e8b465ee728b)
Start importing Assets/StoreAssets/Polygon Packs/PolygonFantasyKingdom/Prefabs/Weapons/SM_Wep_Sword_08.prefab using Guid(a5caec3cf905ef9409f3dd8e824ecac7) Importer(815301076,1909f56bfc062723c751e8b465ee728b)  -> (artifact id: 'b060d50bf0cad919b47369105ee7fbcb') in 0.047379 seconds 
========================================================================
Received Import Request.
  Time since last request: 0.211724 seconds.
  path: Assets/StoreAssets/Polygon Packs/PolygonFantasyKingdom/Prefabs/Weapons/SM_Wep_Sword_13.prefab
  artifactKey: Guid(163a6363aef06904fb7b53415438d261) Importer(815301076,1909f56bfc062723c751e8b465ee728b)
Start importing Assets/StoreAssets/Polygon Packs/PolygonFantasyKingdom/Prefabs/Weapons/SM_Wep_Sword_13.prefab using Guid(163a6363aef06904fb7b53415438d261) Importer(815301076,1909f56bfc062723c751e8b465ee728b)  -> (artifact id: '4dfc251186161e4b6bff99def323c71a') in 0.052286 seconds 
========================================================================
Received Import Request.
  Time since last request: 0.013562 seconds.
  path: Assets/StoreAssets/Polygon Packs/PolygonFantasyKingdom/Prefabs/Weapons/SM_Wep_Sword_17.prefab
  artifactKey: Guid(d97af9500bf6b8643ae184f668c1630c) Importer(815301076,1909f56bfc062723c751e8b465ee728b)
Start importing Assets/StoreAssets/Polygon Packs/PolygonFantasyKingdom/Prefabs/Weapons/SM_Wep_Sword_17.prefab using Guid(d97af9500bf6b8643ae184f668c1630c) Importer(815301076,1909f56bfc062723c751e8b465ee728b)  -> (artifact id: 'a645c1cf596cc0dd9a76850dcc419209') in 0.044578 seconds 
========================================================================
Received Import Request.
  Time since last request: 3.322245 seconds.
  path: Assets/StoreAssets/Polygon Packs/PolygonFantasyKingdom/Prefabs/SiegeEngines/SM_Wep_Ballista_Mobile_Rigged_01.prefab
  artifactKey: Guid(a213d35ae03707c468addac78920d651) Importer(815301076,1909f56bfc062723c751e8b465ee728b)
Start importing Assets/StoreAssets/Polygon Packs/PolygonFantasyKingdom/Prefabs/SiegeEngines/SM_Wep_Ballista_Mobile_Rigged_01.prefab using Guid(a213d35ae03707c468addac78920d651) Importer(815301076,1909f56bfc062723c751e8b465ee728b)  -> (artifact id: '04278e4ba1dc648214ec1dc4621c872a') in 0.048917 seconds 
========================================================================
Received Import Request.
  Time since last request: 0.000026 seconds.
  path: Assets/StoreAssets/Polygon Packs/PolygonFantasyKingdom/Prefabs/SiegeEngines/SM_Wep_Rammer_Alt_Cap_01.prefab
  artifactKey: Guid(157e913edac1e4447b69698fd1d6019c) Importer(815301076,1909f56bfc062723c751e8b465ee728b)
Start importing Assets/StoreAssets/Polygon Packs/PolygonFantasyKingdom/Prefabs/SiegeEngines/SM_Wep_Rammer_Alt_Cap_01.prefab using Guid(157e913edac1e4447b69698fd1d6019c) Importer(815301076,1909f56bfc062723c751e8b465ee728b)  -> (artifact id: '262f11a9634a6b16fd418da6ac1d5aea') in 0.049280 seconds 
========================================================================
Received Import Request.
  Time since last request: 0.000023 seconds.
  path: Assets/StoreAssets/Polygon Packs/PolygonFantasyKingdom/Prefabs/SiegeEngines/SM_Wep_Rammer_01.prefab
  artifactKey: Guid(884c94f6433f70b448e96ce9ad481617) Importer(815301076,1909f56bfc062723c751e8b465ee728b)
Start importing Assets/StoreAssets/Polygon Packs/PolygonFantasyKingdom/Prefabs/SiegeEngines/SM_Wep_Rammer_01.prefab using Guid(884c94f6433f70b448e96ce9ad481617) Importer(815301076,1909f56bfc062723c751e8b465ee728b)  -> (artifact id: 'bd81404530187c28b73b227a1636584c') in 0.066484 seconds 
========================================================================
Received Import Request.
  Time since last request: 0.000022 seconds.
  path: Assets/StoreAssets/Polygon Packs/PolygonFantasyKingdom/Prefabs/SiegeEngines/SM_Wep_Catapult_01.prefab
  artifactKey: Guid(a2ccd4fc468295e488ffde235c567605) Importer(815301076,1909f56bfc062723c751e8b465ee728b)
Start importing Assets/StoreAssets/Polygon Packs/PolygonFantasyKingdom/Prefabs/SiegeEngines/SM_Wep_Catapult_01.prefab using Guid(a2ccd4fc468295e488ffde235c567605) Importer(815301076,1909f56bfc062723c751e8b465ee728b)  -> (artifact id: '5a7a97f530875b8a41c1b3977c0b3f96') in 0.091813 seconds 
========================================================================
Received Import Request.
  Time since last request: 102.817802 seconds.
  path: Assets/MyGame/Prefabs/Defences/SM_Wep_Ballista_Mounted_01.prefab
  artifactKey: Guid(364ff868d1babc24a902217f96d797b7) Importer(815301076,1909f56bfc062723c751e8b465ee728b)
Start importing Assets/MyGame/Prefabs/Defences/SM_Wep_Ballista_Mounted_01.prefab using Guid(364ff868d1babc24a902217f96d797b7) Importer(815301076,1909f56bfc062723c751e8b465ee728b)  -> (artifact id: 'a75f4722c88879ee9cafc51b4fa43f12') in 0.026371 seconds 
========================================================================
Received Import Request.
  Time since last request: 9.547475 seconds.
  path: Assets/MyGame/Prefabs/Defences/SM_Wep_Ballista_Mounted_01.prefab
  artifactKey: Guid(364ff868d1babc24a902217f96d797b7) Importer(815301076,1909f56bfc062723c751e8b465ee728b)
Start importing Assets/MyGame/Prefabs/Defences/SM_Wep_Ballista_Mounted_01.prefab using Guid(364ff868d1babc24a902217f96d797b7) Importer(815301076,1909f56bfc062723c751e8b465ee728b)  -> (artifact id: '505dd771c80b9c34bc9f01d0f79888f0') in 0.023783 seconds 
========================================================================
Received Import Request.
  Time since last request: 7.532722 seconds.
  path: Assets/MyGame/Prefabs/Defences/Ballista.prefab
  artifactKey: Guid(364ff868d1babc24a902217f96d797b7) Importer(815301076,1909f56bfc062723c751e8b465ee728b)
Start importing Assets/MyGame/Prefabs/Defences/Ballista.prefab using Guid(364ff868d1babc24a902217f96d797b7) Importer(815301076,1909f56bfc062723c751e8b465ee728b)  -> (artifact id: 'bca913e69f43cba17a4e6990ed20bfd0') in 0.026472 seconds 
========================================================================
Received Import Request.
  Time since last request: 3453.082014 seconds.
  path: Assets/StoreAssets/Polygon Packs/PolygonFantasyKingdom/Prefabs/Vehicles/SM_Veh_Arrow_Guard_01.prefab
  artifactKey: Guid(043ccd0ddff39c44bb8d783cabbd45f7) Importer(815301076,1909f56bfc062723c751e8b465ee728b)
Start importing Assets/StoreAssets/Polygon Packs/PolygonFantasyKingdom/Prefabs/Vehicles/SM_Veh_Arrow_Guard_01.prefab using Guid(043ccd0ddff39c44bb8d783cabbd45f7) Importer(815301076,1909f56bfc062723c751e8b465ee728b)  -> (artifact id: '527a29b9362a5459c5a7adde9b2f2e7c') in 0.046671 seconds 
========================================================================
Received Import Request.
  Time since last request: 0.000021 seconds.
  path: Assets/StoreAssets/Polygon Packs/PolygonFantasyKingdom/Prefabs/Vehicles/SM_Veh_Cart_Fireworks_01_Preset.prefab
  artifactKey: Guid(86b694ea228204845aa687fa6374b16a) Importer(815301076,1909f56bfc062723c751e8b465ee728b)
Start importing Assets/StoreAssets/Polygon Packs/PolygonFantasyKingdom/Prefabs/Vehicles/SM_Veh_Cart_Fireworks_01_Preset.prefab using Guid(86b694ea228204845aa687fa6374b16a) Importer(815301076,1909f56bfc062723c751e8b465ee728b)  -> (artifact id: '4abadbc52e861226c92d6b4429f2b072') in 0.044816 seconds 
========================================================================
Received Import Request.
  Time since last request: 0.000020 seconds.
  path: Assets/StoreAssets/Polygon Packs/PolygonFantasyKingdom/Prefabs/Vehicles/SM_Veh_Wheelbarrow_01.prefab
  artifactKey: Guid(41e72b04ee6f8b541abd14e375319202) Importer(815301076,1909f56bfc062723c751e8b465ee728b)
Start importing Assets/StoreAssets/Polygon Packs/PolygonFantasyKingdom/Prefabs/Vehicles/SM_Veh_Wheelbarrow_01.prefab using Guid(41e72b04ee6f8b541abd14e375319202) Importer(815301076,1909f56bfc062723c751e8b465ee728b)  -> (artifact id: 'bc06d6af15eeadeb1a9ca5ae0cca3a5c') in 0.037546 seconds 
========================================================================
Received Import Request.
  Time since last request: 0.000024 seconds.
  path: Assets/StoreAssets/Polygon Packs/PolygonFantasyKingdom/Prefabs/Vehicles/SM_Veh_Cart_01.prefab
  artifactKey: Guid(1228021bbaede7f4bb46e7eae9f8c368) Importer(815301076,1909f56bfc062723c751e8b465ee728b)
Start importing Assets/StoreAssets/Polygon Packs/PolygonFantasyKingdom/Prefabs/Vehicles/SM_Veh_Cart_01.prefab using Guid(1228021bbaede7f4bb46e7eae9f8c368) Importer(815301076,1909f56bfc062723c751e8b465ee728b)  -> (artifact id: '2c21013222bd59caf8bc38421cf15bff') in 0.047951 seconds 
========================================================================
Received Import Request.
  Time since last request: 0.000014 seconds.
  path: Assets/StoreAssets/Polygon Packs/PolygonFantasyKingdom/Prefabs/Vehicles/SM_Veh_Cart_02.prefab
  artifactKey: Guid(e3db2661627b1af4a9c8641e808ada6d) Importer(815301076,1909f56bfc062723c751e8b465ee728b)
Start importing Assets/StoreAssets/Polygon Packs/PolygonFantasyKingdom/Prefabs/Vehicles/SM_Veh_Cart_02.prefab using Guid(e3db2661627b1af4a9c8641e808ada6d) Importer(815301076,1909f56bfc062723c751e8b465ee728b)  -> (artifact id: 'c21221a0d3660e4ddc96f4e33bbf305b') in 0.043123 seconds 
========================================================================
Received Import Request.
  Time since last request: 0.000018 seconds.
  path: Assets/StoreAssets/Polygon Packs/PolygonFantasyKingdom/Prefabs/Vehicles/SM_Veh_Cart_03.prefab
  artifactKey: Guid(36ed6aac70c0c7f4590d641d2ebebee9) Importer(815301076,1909f56bfc062723c751e8b465ee728b)
Start importing Assets/StoreAssets/Polygon Packs/PolygonFantasyKingdom/Prefabs/Vehicles/SM_Veh_Cart_03.prefab using Guid(36ed6aac70c0c7f4590d641d2ebebee9) Importer(815301076,1909f56bfc062723c751e8b465ee728b)  -> (artifact id: 'ec8a7a78eaf6b5196bfc846de1794cb7') in 0.036477 seconds 
Editor requested this worker to shutdown with reason: Scaling down because of idle timeout
AssetImportWorker is now disconnected from the server
Process exiting
Exiting without the bug reporter. Application will terminate with return code 0