Using pre-set license
Built from '2021.3/staging' branch; Version is '2021.3.6f1 (7da38d85baf6) revision 8233869'; Using compiler version '192829333'; Build Type 'Release'
OS: 'Windows 11  (10.0.22000) 64bit Core' Language: 'en' Physical Memory: 32681 MB
BatchMode: 1, IsHumanControllingUs: 0, StartBugReporterOnCrash: 0, Is64bit: 1, IsPro: 1

COMMAND LINE ARGUMENTS:
C:\UnityEditors\2021.3.6f1\Editor\Unity.exe
-adb2
-batchMode
-noUpm
-name
AssetImportWorker46
-projectPath
C:/MYWHOLEASSDESKTOP/RealmRush/RealmRush
-logFile
Logs/AssetImportWorker46.log
-srvPort
58047
Successfully changed project path to: C:/MYWHOLEASSDESKTOP/RealmRush/RealmRush
C:/MYWHOLEASSDESKTOP/RealmRush/RealmRush
[UnityMemory] Configuration Parameters - Can be set up in boot.config
    "memorysetup-bucket-allocator-granularity=16"
    "memorysetup-bucket-allocator-bucket-count=8"
    "memorysetup-bucket-allocator-block-size=33554432"
    "memorysetup-bucket-allocator-block-count=8"
    "memorysetup-main-allocator-block-size=16777216"
    "memorysetup-thread-allocator-block-size=16777216"
    "memorysetup-gfx-main-allocator-block-size=16777216"
    "memorysetup-gfx-thread-allocator-block-size=16777216"
    "memorysetup-cache-allocator-block-size=4194304"
    "memorysetup-typetree-allocator-block-size=2097152"
    "memorysetup-profiler-bucket-allocator-granularity=16"
    "memorysetup-profiler-bucket-allocator-bucket-count=8"
    "memorysetup-profiler-bucket-allocator-block-size=33554432"
    "memorysetup-profiler-bucket-allocator-block-count=8"
    "memorysetup-profiler-allocator-block-size=16777216"
    "memorysetup-profiler-editor-allocator-block-size=1048576"
    "memorysetup-temp-allocator-size-main=16777216"
    "memorysetup-job-temp-allocator-block-size=2097152"
    "memorysetup-job-temp-allocator-block-size-background=1048576"
    "memorysetup-job-temp-allocator-reduction-small-platforms=262144"
    "memorysetup-temp-allocator-size-background-worker=32768"
    "memorysetup-temp-allocator-size-job-worker=262144"
    "memorysetup-temp-allocator-size-preload-manager=33554432"
    "memorysetup-temp-allocator-size-nav-mesh-worker=65536"
    "memorysetup-temp-allocator-size-audio-worker=65536"
    "memorysetup-temp-allocator-size-cloud-worker=32768"
    "memorysetup-temp-allocator-size-gi-baking-worker=262144"
    "memorysetup-temp-allocator-size-gfx=262144"
Refreshing native plugins compatible for Editor in 490.35 ms, found 3 plugins.
Preloading 0 native plugins for Editor in 0.00 ms.
Initialize engine version: 2021.3.6f1 (7da38d85baf6)
[Subsystems] Discovering subsystems at path C:/UnityEditors/2021.3.6f1/Editor/Data/Resources/UnitySubsystems
[Subsystems] Discovering subsystems at path C:/MYWHOLEASSDESKTOP/RealmRush/RealmRush/Assets
GfxDevice: creating device client; threaded=0; jobified=0
Direct3D:
    Version:  Direct3D 11.0 [level 11.1]
    Renderer: NVIDIA GeForce RTX 2080 Ti (ID=0x1e07)
    Vendor:   NVIDIA
    VRAM:     11049 MB
    Driver:   31.0.15.1659
Initialize mono
Mono path[0] = 'C:/UnityEditors/2021.3.6f1/Editor/Data/Managed'
Mono path[1] = 'C:/UnityEditors/2021.3.6f1/Editor/Data/MonoBleedingEdge/lib/mono/unityjit-win32'
Mono config path = 'C:/UnityEditors/2021.3.6f1/Editor/Data/MonoBleedingEdge/etc'
Using monoOptions --debugger-agent=transport=dt_socket,embedding=1,server=y,suspend=n,address=127.0.0.1:56120
Begin MonoManager ReloadAssembly
Registering precompiled unity dll's ...
Register platform support module: C:/UnityEditors/2021.3.6f1/Editor/Data/PlaybackEngines/WebGLSupport/UnityEditor.WebGL.Extensions.dll
Register platform support module: C:/UnityEditors/2021.3.6f1/Editor/Data/PlaybackEngines/MacStandaloneSupport/UnityEditor.OSXStandalone.Extensions.dll
Register platform support module: C:/UnityEditors/2021.3.6f1/Editor/Data/PlaybackEngines/AndroidPlayer/UnityEditor.Android.Extensions.dll
Register platform support module: C:/UnityEditors/2021.3.6f1/Editor/Data/PlaybackEngines/iOSSupport/UnityEditor.iOS.Extensions.dll
Register platform support module: C:/UnityEditors/2021.3.6f1/Editor/Data/PlaybackEngines/AppleTVSupport/UnityEditor.AppleTV.Extensions.dll
Register platform support module: C:/UnityEditors/2021.3.6f1/Editor/Data/PlaybackEngines/WindowsStandaloneSupport/UnityEditor.WindowsStandalone.Extensions.dll
Register platform support module: C:/UnityEditors/2021.3.6f1/Editor/Data/PlaybackEngines/LinuxStandaloneSupport/UnityEditor.LinuxStandalone.Extensions.dll
Register platform support module: C:/UnityEditors/2021.3.6f1/Editor/Data/PlaybackEngines/MetroSupport/UnityEditor.UWP.Extensions.dll
Registered in 0.005290 seconds.
Native extension for UWP target not found
Native extension for LinuxStandalone target not found
Native extension for WindowsStandalone target not found
[usbmuxd] Start listen thread
[usbmuxd] Listen thread started
Native extension for AppleTV target not found
[usbmuxd] Start listen thread
[usbmuxd] Listen thread started
Native extension for iOS target not found
Native extension for Android target not found
Native extension for OSXStandalone target not found
Native extension for WebGL target not found
Refreshing native plugins compatible for Editor in 455.37 ms, found 3 plugins.
Preloading 0 native plugins for Editor in 0.00 ms.
Mono: successfully reloaded assembly
- Completed reload, in  0.936 seconds
Domain Reload Profiling:
	ReloadAssembly (937ms)
		BeginReloadAssembly (58ms)
			ExecutionOrderSort (0ms)
			DisableScriptedObjects (0ms)
			BackupInstance (0ms)
			ReleaseScriptingObjects (0ms)
			CreateAndSetChildDomain (1ms)
		EndReloadAssembly (786ms)
			LoadAssemblies (56ms)
			RebuildTransferFunctionScriptingTraits (0ms)
			SetupTypeCache (90ms)
			ReleaseScriptCaches (0ms)
			RebuildScriptCaches (21ms)
			SetupLoadedEditorAssemblies (625ms)
				LogAssemblyErrors (0ms)
				InitializePlatformSupportModulesInManaged (55ms)
				SetLoadedEditorAssemblies (0ms)
				RefreshPlugins (455ms)
				BeforeProcessingInitializeOnLoad (1ms)
				ProcessInitializeOnLoadAttributes (77ms)
				ProcessInitializeOnLoadMethodAttributes (36ms)
				AfterProcessingInitializeOnLoad (0ms)
				EditorAssembliesLoaded (0ms)
			ExecutionOrderSort2 (0ms)
			AwakeInstancesAfterBackupRestoration (0ms)
Platform modules already initialized, skipping
Registering precompiled user dll's ...
Registered in 0.004542 seconds.
Begin MonoManager ReloadAssembly
Symbol file LoadedFromMemory doesn't match image C:\MYWHOLEASSDESKTOP\RealmRush\RealmRush\Library\PackageCache\com.unity.visualscripting@1.7.8\Editor\VisualScripting.Core\Dependencies\YamlDotNet\Unity.VisualScripting.YamlDotNet.dll
Symbol file LoadedFromMemory doesn't match image C:\MYWHOLEASSDESKTOP\RealmRush\RealmRush\Library\PackageCache\com.unity.visualscripting@1.7.8\Editor\VisualScripting.Core\Dependencies\DotNetZip\Unity.VisualScripting.IonicZip.dll
Native extension for UWP target not found
Native extension for LinuxStandalone target not found
Native extension for WindowsStandalone target not found
Native extension for AppleTV target not found
Native extension for iOS target not found
Native extension for Android target not found
Native extension for OSXStandalone target not found
Native extension for WebGL target not found
Refreshing native plugins compatible for Editor in 459.36 ms, found 3 plugins.
Preloading 0 native plugins for Editor in 0.00 ms.
Mono: successfully reloaded assembly
- Completed reload, in  1.943 seconds
Domain Reload Profiling:
	ReloadAssembly (1944ms)
		BeginReloadAssembly (191ms)
			ExecutionOrderSort (0ms)
			DisableScriptedObjects (5ms)
			BackupInstance (0ms)
			ReleaseScriptingObjects (0ms)
			CreateAndSetChildDomain (118ms)
		EndReloadAssembly (1658ms)
			LoadAssemblies (70ms)
			RebuildTransferFunctionScriptingTraits (0ms)
			SetupTypeCache (245ms)
			ReleaseScriptCaches (1ms)
			RebuildScriptCaches (54ms)
			SetupLoadedEditorAssemblies (1244ms)
				LogAssemblyErrors (0ms)
				InitializePlatformSupportModulesInManaged (22ms)
				SetLoadedEditorAssemblies (0ms)
				RefreshPlugins (459ms)
				BeforeProcessingInitializeOnLoad (104ms)
				ProcessInitializeOnLoadAttributes (594ms)
				ProcessInitializeOnLoadMethodAttributes (61ms)
				AfterProcessingInitializeOnLoad (4ms)
				EditorAssembliesLoaded (0ms)
			ExecutionOrderSort2 (0ms)
			AwakeInstancesAfterBackupRestoration (4ms)
Platform modules already initialized, skipping
========================================================================
Worker process is ready to serve import requests
Launched and connected shader compiler UnityShaderCompiler.exe after 0.04 seconds
Refreshing native plugins compatible for Editor in 5.22 ms, found 3 plugins.
Preloading 0 native plugins for Editor in 0.00 ms.
Unloading 5171 Unused Serialized files (Serialized files now loaded: 0)
Unloading 58 unused Assets / (1.8 MB). Loaded Objects now: 5615.
Memory consumption went from 267.5 MB to 265.7 MB.
Total: 3.013100 ms (FindLiveObjects: 0.337400 ms CreateObjectMapping: 0.309300 ms MarkObjects: 2.103400 ms  DeleteObjects: 0.262500 ms)

AssetImportParameters requested are different than current active one (requested -> active):
  custom:video-decoder-ogg-theora: a1e56fd34408186e4bbccfd4996cb3dc -> 
  custom:container-muxer-webm: aa71ff27fc2769a1b78a27578f13a17b -> 
  custom:container-demuxer-webm: 4f35f7cbe854078d1ac9338744f61a02 -> 
  custom:video-encoder-webm-vp8: eb34c28f22e8b96e1ab97ce403110664 -> 
  custom:audio-encoder-webm-vorbis: bf7c407c2cedff20999df2af8eb42d56 -> 
  custom:framework-win-MediaFoundation: 216162199b28c13a410421893ffa2e32 -> 
  custom:container-demuxer-ogg: 62fdf1f143b41e24485cea50d1cbac27 -> 
  custom:video-decoder-webm-vp8: 9c59270c3fd7afecdb556c50c9e8de78 -> 
  custom:audio-decoder-ogg-vorbis: bf7c407c2cedff20999df2af8eb42d56 -> 
========================================================================
Received Import Request.
  Time since last request: 508581.757247 seconds.
  path: Assets/StoreAssets/Polygon Packs/PolygonFantasyKingdom/Prefabs/Castle/SM_Bld_Castle_Roof_S_Corner_Sharp_01.prefab
  artifactKey: Guid(b38ca12dd552c80478c341d2e0a41336) Importer(815301076,1909f56bfc062723c751e8b465ee728b)
Start importing Assets/StoreAssets/Polygon Packs/PolygonFantasyKingdom/Prefabs/Castle/SM_Bld_Castle_Roof_S_Corner_Sharp_01.prefab using Guid(b38ca12dd552c80478c341d2e0a41336) Importer(815301076,1909f56bfc062723c751e8b465ee728b)  -> (artifact id: '43934709cf045375ae81eb533c9196f6') in 0.158282 seconds 
========================================================================
Received Import Request.
  Time since last request: 0.000034 seconds.
  path: Assets/StoreAssets/Polygon Packs/PolygonFantasyKingdom/Prefabs/Castle/SM_Bld_Castle_Roof_S_Curved_01.prefab
  artifactKey: Guid(9c1048b48fd0e7e469c4c3a00f77f7e2) Importer(815301076,1909f56bfc062723c751e8b465ee728b)
Start importing Assets/StoreAssets/Polygon Packs/PolygonFantasyKingdom/Prefabs/Castle/SM_Bld_Castle_Roof_S_Curved_01.prefab using Guid(9c1048b48fd0e7e469c4c3a00f77f7e2) Importer(815301076,1909f56bfc062723c751e8b465ee728b)  -> (artifact id: 'd66238cba55e470a6b75964ba7e1e5d9') in 0.057808 seconds 
========================================================================
Received Import Request.
  Time since last request: 0.000027 seconds.
  path: Assets/StoreAssets/Polygon Packs/PolygonFantasyKingdom/Prefabs/Castle/SM_Bld_Castle_Roof_S_Half_End_Beam_01.prefab
  artifactKey: Guid(851f3bd037fbd8b4fa0f6219ff38bbbd) Importer(815301076,1909f56bfc062723c751e8b465ee728b)
Start importing Assets/StoreAssets/Polygon Packs/PolygonFantasyKingdom/Prefabs/Castle/SM_Bld_Castle_Roof_S_Half_End_Beam_01.prefab using Guid(851f3bd037fbd8b4fa0f6219ff38bbbd) Importer(815301076,1909f56bfc062723c751e8b465ee728b)  -> (artifact id: '4ea7dbe57797cd8828d1194ea9f26bab') in 0.043336 seconds 
========================================================================
Received Import Request.
  Time since last request: 0.000022 seconds.
  path: Assets/StoreAssets/Polygon Packs/PolygonFantasyKingdom/Prefabs/Castle/SM_Bld_Castle_Roof_S_Curved_Corner_01.prefab
  artifactKey: Guid(a2d6368f3f4eea9429d3143282649071) Importer(815301076,1909f56bfc062723c751e8b465ee728b)
Start importing Assets/StoreAssets/Polygon Packs/PolygonFantasyKingdom/Prefabs/Castle/SM_Bld_Castle_Roof_S_Curved_Corner_01.prefab using Guid(a2d6368f3f4eea9429d3143282649071) Importer(815301076,1909f56bfc062723c751e8b465ee728b)  -> (artifact id: '0e5625a28419ced826a70d71c3276d00') in 0.046677 seconds 
========================================================================
Received Import Request.
  Time since last request: 0.000023 seconds.
  path: Assets/StoreAssets/Polygon Packs/PolygonFantasyKingdom/Prefabs/Castle/SM_Bld_Castle_Roof_S_Half_01.prefab
  artifactKey: Guid(b29af00e6e02f7244b6ac6cf0e5a1359) Importer(815301076,1909f56bfc062723c751e8b465ee728b)
Start importing Assets/StoreAssets/Polygon Packs/PolygonFantasyKingdom/Prefabs/Castle/SM_Bld_Castle_Roof_S_Half_01.prefab using Guid(b29af00e6e02f7244b6ac6cf0e5a1359) Importer(815301076,1909f56bfc062723c751e8b465ee728b)  -> (artifact id: '2e3c2a6fe2e2915659782f9b292f59fa') in 0.042842 seconds 
========================================================================
Received Import Request.
  Time since last request: 0.204593 seconds.
  path: Assets/StoreAssets/Polygon Packs/PolygonFantasyKingdom/Prefabs/Characters/SM_Chr_Queen_01.prefab
  artifactKey: Guid(4585a66dfd7209046a39ab9c63600129) Importer(815301076,1909f56bfc062723c751e8b465ee728b)
Start importing Assets/StoreAssets/Polygon Packs/PolygonFantasyKingdom/Prefabs/Characters/SM_Chr_Queen_01.prefab using Guid(4585a66dfd7209046a39ab9c63600129) Importer(815301076,1909f56bfc062723c751e8b465ee728b)  -> (artifact id: 'ccc877b8fcdc88ea053948fa3f3e293f') in 0.057984 seconds 
========================================================================
Received Import Request.
  Time since last request: 0.000027 seconds.
  path: Assets/StoreAssets/Polygon Packs/PolygonFantasyKingdom/Prefabs/Characters/SM_Chr_Soldier_Female_01.prefab
  artifactKey: Guid(128d74125a472834991824f3f72198b5) Importer(815301076,1909f56bfc062723c751e8b465ee728b)
Start importing Assets/StoreAssets/Polygon Packs/PolygonFantasyKingdom/Prefabs/Characters/SM_Chr_Soldier_Female_01.prefab using Guid(128d74125a472834991824f3f72198b5) Importer(815301076,1909f56bfc062723c751e8b465ee728b)  -> (artifact id: '462709f93f17d9230c76baa4b9848249') in 0.046400 seconds 
========================================================================
Received Import Request.
  Time since last request: 0.173526 seconds.
  path: Assets/StoreAssets/Polygon Packs/PolygonFantasyKingdom/Prefabs/Buildings/SM_Bld_Tent_Round_01.prefab
  artifactKey: Guid(3146fbd328567e941b55e6442549ce38) Importer(815301076,1909f56bfc062723c751e8b465ee728b)
Start importing Assets/StoreAssets/Polygon Packs/PolygonFantasyKingdom/Prefabs/Buildings/SM_Bld_Tent_Round_01.prefab using Guid(3146fbd328567e941b55e6442549ce38) Importer(815301076,1909f56bfc062723c751e8b465ee728b)  -> (artifact id: 'd8d4348f0931c76acdc5fd25a1f5a8e1') in 0.040131 seconds 
========================================================================
Received Import Request.
  Time since last request: 0.000037 seconds.
  path: Assets/StoreAssets/Polygon Packs/PolygonFantasyKingdom/Prefabs/Buildings/SM_Bld_Tent_Round_01_Burnt.prefab
  artifactKey: Guid(a24c59603686061439ac5c3dace1bbc6) Importer(815301076,1909f56bfc062723c751e8b465ee728b)
Start importing Assets/StoreAssets/Polygon Packs/PolygonFantasyKingdom/Prefabs/Buildings/SM_Bld_Tent_Round_01_Burnt.prefab using Guid(a24c59603686061439ac5c3dace1bbc6) Importer(815301076,1909f56bfc062723c751e8b465ee728b)  -> (artifact id: 'ea610c5232a9c95378f6c02a3abd3f72') in 0.042509 seconds 
========================================================================
Received Import Request.
  Time since last request: 0.000056 seconds.
  path: Assets/StoreAssets/Polygon Packs/PolygonFantasyKingdom/Prefabs/Buildings/SM_Bld_Tent_Single_01.prefab
  artifactKey: Guid(e0d64ef55673ae34a95e9971018b162e) Importer(815301076,1909f56bfc062723c751e8b465ee728b)
Start importing Assets/StoreAssets/Polygon Packs/PolygonFantasyKingdom/Prefabs/Buildings/SM_Bld_Tent_Single_01.prefab using Guid(e0d64ef55673ae34a95e9971018b162e) Importer(815301076,1909f56bfc062723c751e8b465ee728b)  -> (artifact id: '84b9e65fc92b1da8131e786d2b5ef95e') in 0.042020 seconds 
========================================================================
Received Import Request.
  Time since last request: 0.000031 seconds.
  path: Assets/StoreAssets/Polygon Packs/PolygonFantasyKingdom/Prefabs/Buildings/SM_Bld_Tent_Small_01.prefab
  artifactKey: Guid(59e44e7d751e343459a102574fe92fac) Importer(815301076,1909f56bfc062723c751e8b465ee728b)
Start importing Assets/StoreAssets/Polygon Packs/PolygonFantasyKingdom/Prefabs/Buildings/SM_Bld_Tent_Small_01.prefab using Guid(59e44e7d751e343459a102574fe92fac) Importer(815301076,1909f56bfc062723c751e8b465ee728b)  -> (artifact id: '391440dadcad675b4a969dcaf0943e5e') in 0.069569 seconds 
========================================================================
Received Import Request.
  Time since last request: 0.000027 seconds.
  path: Assets/StoreAssets/Polygon Packs/PolygonFantasyKingdom/Prefabs/Buildings/SM_Prop_Destroyed_House_Piece_03_Burnt.prefab
  artifactKey: Guid(cb50229cab8d58a4baa1060dd36519a2) Importer(815301076,1909f56bfc062723c751e8b465ee728b)
Start importing Assets/StoreAssets/Polygon Packs/PolygonFantasyKingdom/Prefabs/Buildings/SM_Prop_Destroyed_House_Piece_03_Burnt.prefab using Guid(cb50229cab8d58a4baa1060dd36519a2) Importer(815301076,1909f56bfc062723c751e8b465ee728b)  -> (artifact id: '79363e9776b45645533899874e8e4899') in 0.051902 seconds 
Editor requested this worker to shutdown with reason: Scaling down because of idle timeout
AssetImportWorker is now disconnected from the server
Process exiting
Exiting without the bug reporter. Application will terminate with return code 0