Using pre-set license
Built from '2021.3/staging' branch; Version is '2021.3.6f1 (7da38d85baf6) revision 8233869'; Using compiler version '192829333'; Build Type 'Release'
OS: 'Windows 11  (10.0.22000) 64bit Core' Language: 'en' Physical Memory: 32681 MB
BatchMode: 1, IsHumanControllingUs: 0, StartBugReporterOnCrash: 0, Is64bit: 1, IsPro: 1

COMMAND LINE ARGUMENTS:
C:\UnityEditors\2021.3.6f1\Editor\Unity.exe
-adb2
-batchMode
-noUpm
-name
AssetImportWorker12
-projectPath
C:/MYWHOLEASSDESKTOP/RealmRush/RealmRush
-logFile
Logs/AssetImportWorker12.log
-srvPort
58047
Successfully changed project path to: C:/MYWHOLEASSDESKTOP/RealmRush/RealmRush
C:/MYWHOLEASSDESKTOP/RealmRush/RealmRush
[UnityMemory] Configuration Parameters - Can be set up in boot.config
    "memorysetup-bucket-allocator-granularity=16"
    "memorysetup-bucket-allocator-bucket-count=8"
    "memorysetup-bucket-allocator-block-size=33554432"
    "memorysetup-bucket-allocator-block-count=8"
    "memorysetup-main-allocator-block-size=16777216"
    "memorysetup-thread-allocator-block-size=16777216"
    "memorysetup-gfx-main-allocator-block-size=16777216"
    "memorysetup-gfx-thread-allocator-block-size=16777216"
    "memorysetup-cache-allocator-block-size=4194304"
    "memorysetup-typetree-allocator-block-size=2097152"
    "memorysetup-profiler-bucket-allocator-granularity=16"
    "memorysetup-profiler-bucket-allocator-bucket-count=8"
    "memorysetup-profiler-bucket-allocator-block-size=33554432"
    "memorysetup-profiler-bucket-allocator-block-count=8"
    "memorysetup-profiler-allocator-block-size=16777216"
    "memorysetup-profiler-editor-allocator-block-size=1048576"
    "memorysetup-temp-allocator-size-main=16777216"
    "memorysetup-job-temp-allocator-block-size=2097152"
    "memorysetup-job-temp-allocator-block-size-background=1048576"
    "memorysetup-job-temp-allocator-reduction-small-platforms=262144"
    "memorysetup-temp-allocator-size-background-worker=32768"
    "memorysetup-temp-allocator-size-job-worker=262144"
    "memorysetup-temp-allocator-size-preload-manager=33554432"
    "memorysetup-temp-allocator-size-nav-mesh-worker=65536"
    "memorysetup-temp-allocator-size-audio-worker=65536"
    "memorysetup-temp-allocator-size-cloud-worker=32768"
    "memorysetup-temp-allocator-size-gi-baking-worker=262144"
    "memorysetup-temp-allocator-size-gfx=262144"
Refreshing native plugins compatible for Editor in 454.50 ms, found 3 plugins.
Preloading 0 native plugins for Editor in 0.00 ms.
Initialize engine version: 2021.3.6f1 (7da38d85baf6)
[Subsystems] Discovering subsystems at path C:/UnityEditors/2021.3.6f1/Editor/Data/Resources/UnitySubsystems
[Subsystems] Discovering subsystems at path C:/MYWHOLEASSDESKTOP/RealmRush/RealmRush/Assets
GfxDevice: creating device client; threaded=0; jobified=0
Direct3D:
    Version:  Direct3D 11.0 [level 11.1]
    Renderer: NVIDIA GeForce RTX 2080 Ti (ID=0x1e07)
    Vendor:   NVIDIA
    VRAM:     11049 MB
    Driver:   31.0.15.1659
Initialize mono
Mono path[0] = 'C:/UnityEditors/2021.3.6f1/Editor/Data/Managed'
Mono path[1] = 'C:/UnityEditors/2021.3.6f1/Editor/Data/MonoBleedingEdge/lib/mono/unityjit-win32'
Mono config path = 'C:/UnityEditors/2021.3.6f1/Editor/Data/MonoBleedingEdge/etc'
Using monoOptions --debugger-agent=transport=dt_socket,embedding=1,server=y,suspend=n,address=127.0.0.1:56036
Begin MonoManager ReloadAssembly
Registering precompiled unity dll's ...
Register platform support module: C:/UnityEditors/2021.3.6f1/Editor/Data/PlaybackEngines/WebGLSupport/UnityEditor.WebGL.Extensions.dll
Register platform support module: C:/UnityEditors/2021.3.6f1/Editor/Data/PlaybackEngines/MacStandaloneSupport/UnityEditor.OSXStandalone.Extensions.dll
Register platform support module: C:/UnityEditors/2021.3.6f1/Editor/Data/PlaybackEngines/AndroidPlayer/UnityEditor.Android.Extensions.dll
Register platform support module: C:/UnityEditors/2021.3.6f1/Editor/Data/PlaybackEngines/iOSSupport/UnityEditor.iOS.Extensions.dll
Register platform support module: C:/UnityEditors/2021.3.6f1/Editor/Data/PlaybackEngines/AppleTVSupport/UnityEditor.AppleTV.Extensions.dll
Register platform support module: C:/UnityEditors/2021.3.6f1/Editor/Data/PlaybackEngines/WindowsStandaloneSupport/UnityEditor.WindowsStandalone.Extensions.dll
Register platform support module: C:/UnityEditors/2021.3.6f1/Editor/Data/PlaybackEngines/LinuxStandaloneSupport/UnityEditor.LinuxStandalone.Extensions.dll
Register platform support module: C:/UnityEditors/2021.3.6f1/Editor/Data/PlaybackEngines/MetroSupport/UnityEditor.UWP.Extensions.dll
Registered in 0.004801 seconds.
Native extension for UWP target not found
Native extension for LinuxStandalone target not found
Native extension for WindowsStandalone target not found
[usbmuxd] Start listen thread
[usbmuxd] Listen thread started
Native extension for AppleTV target not found
[usbmuxd] Start listen thread
[usbmuxd] Listen thread started
Native extension for iOS target not found
Native extension for Android target not found
Native extension for OSXStandalone target not found
Native extension for WebGL target not found
Refreshing native plugins compatible for Editor in 473.44 ms, found 3 plugins.
Preloading 0 native plugins for Editor in 0.00 ms.
Mono: successfully reloaded assembly
- Completed reload, in  0.959 seconds
Domain Reload Profiling:
	ReloadAssembly (959ms)
		BeginReloadAssembly (53ms)
			ExecutionOrderSort (0ms)
			DisableScriptedObjects (0ms)
			BackupInstance (0ms)
			ReleaseScriptingObjects (0ms)
			CreateAndSetChildDomain (1ms)
		EndReloadAssembly (818ms)
			LoadAssemblies (52ms)
			RebuildTransferFunctionScriptingTraits (0ms)
			SetupTypeCache (91ms)
			ReleaseScriptCaches (0ms)
			RebuildScriptCaches (23ms)
			SetupLoadedEditorAssemblies (654ms)
				LogAssemblyErrors (0ms)
				InitializePlatformSupportModulesInManaged (58ms)
				SetLoadedEditorAssemblies (0ms)
				RefreshPlugins (474ms)
				BeforeProcessingInitializeOnLoad (1ms)
				ProcessInitializeOnLoadAttributes (79ms)
				ProcessInitializeOnLoadMethodAttributes (42ms)
				AfterProcessingInitializeOnLoad (0ms)
				EditorAssembliesLoaded (0ms)
			ExecutionOrderSort2 (0ms)
			AwakeInstancesAfterBackupRestoration (0ms)
Platform modules already initialized, skipping
Registering precompiled user dll's ...
Registered in 0.004110 seconds.
Begin MonoManager ReloadAssembly
Symbol file LoadedFromMemory doesn't match image C:\MYWHOLEASSDESKTOP\RealmRush\RealmRush\Library\PackageCache\com.unity.visualscripting@1.7.8\Editor\VisualScripting.Core\Dependencies\YamlDotNet\Unity.VisualScripting.YamlDotNet.dll
Symbol file LoadedFromMemory doesn't match image C:\MYWHOLEASSDESKTOP\RealmRush\RealmRush\Library\PackageCache\com.unity.visualscripting@1.7.8\Editor\VisualScripting.Core\Dependencies\DotNetZip\Unity.VisualScripting.IonicZip.dll
Native extension for UWP target not found
Native extension for LinuxStandalone target not found
Native extension for WindowsStandalone target not found
Native extension for AppleTV target not found
Native extension for iOS target not found
Native extension for Android target not found
Native extension for OSXStandalone target not found
Native extension for WebGL target not found
Refreshing native plugins compatible for Editor in 472.24 ms, found 3 plugins.
Preloading 0 native plugins for Editor in 0.00 ms.
Mono: successfully reloaded assembly
- Completed reload, in  2.014 seconds
Domain Reload Profiling:
	ReloadAssembly (2014ms)
		BeginReloadAssembly (204ms)
			ExecutionOrderSort (0ms)
			DisableScriptedObjects (5ms)
			BackupInstance (0ms)
			ReleaseScriptingObjects (0ms)
			CreateAndSetChildDomain (131ms)
		EndReloadAssembly (1716ms)
			LoadAssemblies (68ms)
			RebuildTransferFunctionScriptingTraits (0ms)
			SetupTypeCache (258ms)
			ReleaseScriptCaches (1ms)
			RebuildScriptCaches (55ms)
			SetupLoadedEditorAssemblies (1284ms)
				LogAssemblyErrors (0ms)
				InitializePlatformSupportModulesInManaged (22ms)
				SetLoadedEditorAssemblies (0ms)
				RefreshPlugins (472ms)
				BeforeProcessingInitializeOnLoad (105ms)
				ProcessInitializeOnLoadAttributes (620ms)
				ProcessInitializeOnLoadMethodAttributes (61ms)
				AfterProcessingInitializeOnLoad (4ms)
				EditorAssembliesLoaded (0ms)
			ExecutionOrderSort2 (0ms)
			AwakeInstancesAfterBackupRestoration (4ms)
Platform modules already initialized, skipping
========================================================================
Worker process is ready to serve import requests
Launched and connected shader compiler UnityShaderCompiler.exe after 0.03 seconds
Refreshing native plugins compatible for Editor in 5.88 ms, found 3 plugins.
Preloading 0 native plugins for Editor in 0.00 ms.
Unloading 5164 Unused Serialized files (Serialized files now loaded: 0)
Unloading 58 unused Assets / (1.8 MB). Loaded Objects now: 5607.
Memory consumption went from 267.1 MB to 265.3 MB.
Total: 3.098100 ms (FindLiveObjects: 0.356900 ms CreateObjectMapping: 0.324500 ms MarkObjects: 2.112500 ms  DeleteObjects: 0.303300 ms)

AssetImportParameters requested are different than current active one (requested -> active):
  custom:video-decoder-ogg-theora: a1e56fd34408186e4bbccfd4996cb3dc -> 
  custom:container-muxer-webm: aa71ff27fc2769a1b78a27578f13a17b -> 
  custom:container-demuxer-webm: 4f35f7cbe854078d1ac9338744f61a02 -> 
  custom:video-encoder-webm-vp8: eb34c28f22e8b96e1ab97ce403110664 -> 
  custom:audio-encoder-webm-vorbis: bf7c407c2cedff20999df2af8eb42d56 -> 
  custom:framework-win-MediaFoundation: 216162199b28c13a410421893ffa2e32 -> 
  custom:container-demuxer-ogg: 62fdf1f143b41e24485cea50d1cbac27 -> 
  custom:video-decoder-webm-vp8: 9c59270c3fd7afecdb556c50c9e8de78 -> 
  custom:audio-decoder-ogg-vorbis: bf7c407c2cedff20999df2af8eb42d56 -> 
========================================================================
Received Import Request.
  Time since last request: 363136.967369 seconds.
  path: Assets/MyGame/Prefabs/Tile/Tile_Road_Horizontal.prefab
  artifactKey: Guid(15b18d8e50b86bc43bff7d0c820bc88e) Importer(815301076,1909f56bfc062723c751e8b465ee728b)
Start importing Assets/MyGame/Prefabs/Tile/Tile_Road_Horizontal.prefab using Guid(15b18d8e50b86bc43bff7d0c820bc88e) Importer(815301076,1909f56bfc062723c751e8b465ee728b)  -> (artifact id: 'c0411a6746742c2dc4e25756cc7f14d4') in 0.208578 seconds 
========================================================================
Received Import Request.
  Time since last request: 0.000043 seconds.
  path: Assets/MyGame/Prefabs/Tile/Tile_RoadCorner_1.prefab
  artifactKey: Guid(ed2069c876af62a459072582365bc7dd) Importer(815301076,1909f56bfc062723c751e8b465ee728b)
Start importing Assets/MyGame/Prefabs/Tile/Tile_RoadCorner_1.prefab using Guid(ed2069c876af62a459072582365bc7dd) Importer(815301076,1909f56bfc062723c751e8b465ee728b)  -> (artifact id: 'd8d366be521f2db075681cba6607e7ec') in 0.074464 seconds 
========================================================================
Received Import Request.
  Time since last request: 8.878525 seconds.
  path: Assets/MyGame/Prefabs/Tile/Tile_Road_Horizontal.prefab
  artifactKey: Guid(15b18d8e50b86bc43bff7d0c820bc88e) Importer(815301076,1909f56bfc062723c751e8b465ee728b)
Start importing Assets/MyGame/Prefabs/Tile/Tile_Road_Horizontal.prefab using Guid(15b18d8e50b86bc43bff7d0c820bc88e) Importer(815301076,1909f56bfc062723c751e8b465ee728b)  -> (artifact id: 'bed3304f064947e15668c5122f1c79ec') in 0.068068 seconds 
========================================================================
Received Import Request.
  Time since last request: 0.000036 seconds.
  path: Assets/MyGame/Prefabs/Tile/Tile_RoadCorner_3.prefab
  artifactKey: Guid(c1247a8c35b3320428c4e78720626103) Importer(815301076,1909f56bfc062723c751e8b465ee728b)
Start importing Assets/MyGame/Prefabs/Tile/Tile_RoadCorner_3.prefab using Guid(c1247a8c35b3320428c4e78720626103) Importer(815301076,1909f56bfc062723c751e8b465ee728b)  -> (artifact id: '8050eb1faab7df762454f4dde08ba664') in 0.068630 seconds 
========================================================================
Received Import Request.
  Time since last request: 7.095917 seconds.
  path: Assets/MyGame/Prefabs/Tile/Tile_Road_Horizontal.prefab
  artifactKey: Guid(15b18d8e50b86bc43bff7d0c820bc88e) Importer(815301076,1909f56bfc062723c751e8b465ee728b)
Start importing Assets/MyGame/Prefabs/Tile/Tile_Road_Horizontal.prefab using Guid(15b18d8e50b86bc43bff7d0c820bc88e) Importer(815301076,1909f56bfc062723c751e8b465ee728b)  -> (artifact id: 'a6e64041430df247858abb115ff7ddfb') in 0.052374 seconds 
========================================================================
Received Import Request.
  Time since last request: 0.000029 seconds.
  path: Assets/MyGame/Prefabs/Tile/Tile_RoadTJunction_3.prefab
  artifactKey: Guid(83d7b6cfb6d4d8f4f9fbb5fa5521118a) Importer(815301076,1909f56bfc062723c751e8b465ee728b)
Start importing Assets/MyGame/Prefabs/Tile/Tile_RoadTJunction_3.prefab using Guid(83d7b6cfb6d4d8f4f9fbb5fa5521118a) Importer(815301076,1909f56bfc062723c751e8b465ee728b)  -> (artifact id: 'cb2d831d972f68cc95960e95611c57a3') in 0.058259 seconds 
========================================================================
Received Import Request.
  Time since last request: 0.000049 seconds.
  path: Assets/MyGame/Prefabs/Tile/Tile_RoadCorner_1.prefab
  artifactKey: Guid(ed2069c876af62a459072582365bc7dd) Importer(815301076,1909f56bfc062723c751e8b465ee728b)
Start importing Assets/MyGame/Prefabs/Tile/Tile_RoadCorner_1.prefab using Guid(ed2069c876af62a459072582365bc7dd) Importer(815301076,1909f56bfc062723c751e8b465ee728b)  -> (artifact id: '29d209e8a4944e696481ff6fc565c6d5') in 0.053709 seconds 
========================================================================
Received Import Request.
  Time since last request: 5.838553 seconds.
  path: Assets/MyGame/Prefabs/Tile/Tile_Road_Horizontal.prefab
  artifactKey: Guid(15b18d8e50b86bc43bff7d0c820bc88e) Importer(815301076,1909f56bfc062723c751e8b465ee728b)
Start importing Assets/MyGame/Prefabs/Tile/Tile_Road_Horizontal.prefab using Guid(15b18d8e50b86bc43bff7d0c820bc88e) Importer(815301076,1909f56bfc062723c751e8b465ee728b)  -> (artifact id: 'e4da6e20b274704abc0f3be890dd6017') in 0.058453 seconds 
========================================================================
Received Import Request.
  Time since last request: 0.000018 seconds.
  path: Assets/MyGame/Prefabs/Tile/Tile_RoadCorner_2.prefab
  artifactKey: Guid(6faca9d1831cbce42ad73c2f041c0767) Importer(815301076,1909f56bfc062723c751e8b465ee728b)
Start importing Assets/MyGame/Prefabs/Tile/Tile_RoadCorner_2.prefab using Guid(6faca9d1831cbce42ad73c2f041c0767) Importer(815301076,1909f56bfc062723c751e8b465ee728b)  -> (artifact id: 'b523bb54f200264a062c7bfd4fb0b5de') in 0.064330 seconds 
========================================================================
Received Import Request.
  Time since last request: 0.000019 seconds.
  path: Assets/MyGame/Prefabs/Tile/Tile_RoadTJunction_2.prefab
  artifactKey: Guid(a9c47756ef2971a42a50ca70547a040e) Importer(815301076,1909f56bfc062723c751e8b465ee728b)
Start importing Assets/MyGame/Prefabs/Tile/Tile_RoadTJunction_2.prefab using Guid(a9c47756ef2971a42a50ca70547a040e) Importer(815301076,1909f56bfc062723c751e8b465ee728b)  -> (artifact id: 'c82073c2890dff10726432d3bbba8961') in 0.057680 seconds 
========================================================================
Received Import Request.
  Time since last request: 10.937889 seconds.
  path: Assets/MyGame/Prefabs/Tile/Tile_Road_Horizontal.prefab
  artifactKey: Guid(15b18d8e50b86bc43bff7d0c820bc88e) Importer(815301076,1909f56bfc062723c751e8b465ee728b)
Start importing Assets/MyGame/Prefabs/Tile/Tile_Road_Horizontal.prefab using Guid(15b18d8e50b86bc43bff7d0c820bc88e) Importer(815301076,1909f56bfc062723c751e8b465ee728b)  -> (artifact id: '11df6b42347f5ea5139458c3e29989c3') in 0.063818 seconds 
========================================================================
Received Import Request.
  Time since last request: 0.000025 seconds.
  path: Assets/MyGame/Prefabs/Tile/Tile_RoadTJunction_0.prefab
  artifactKey: Guid(bce1355a67c1b0d4985698b005692d95) Importer(815301076,1909f56bfc062723c751e8b465ee728b)
Start importing Assets/MyGame/Prefabs/Tile/Tile_RoadTJunction_0.prefab using Guid(bce1355a67c1b0d4985698b005692d95) Importer(815301076,1909f56bfc062723c751e8b465ee728b)  -> (artifact id: '8165945dd74b5e45ad788d5d53713403') in 0.063494 seconds 
========================================================================
Received Import Request.
  Time since last request: 0.000022 seconds.
  path: Assets/MyGame/Prefabs/Tile/Tile_RoadTJunction_1.prefab
  artifactKey: Guid(1c271d4e01ed46d48b3bec6ecef81279) Importer(815301076,1909f56bfc062723c751e8b465ee728b)
Start importing Assets/MyGame/Prefabs/Tile/Tile_RoadTJunction_1.prefab using Guid(1c271d4e01ed46d48b3bec6ecef81279) Importer(815301076,1909f56bfc062723c751e8b465ee728b)  -> (artifact id: 'a394a4c71046e9a487848e072884004f') in 0.047387 seconds 
========================================================================
Received Import Request.
  Time since last request: 3.142360 seconds.
  path: Assets/MyGame/Prefabs/Tile/Tile_Road_Horizontal.prefab
  artifactKey: Guid(15b18d8e50b86bc43bff7d0c820bc88e) Importer(815301076,1909f56bfc062723c751e8b465ee728b)
Start importing Assets/MyGame/Prefabs/Tile/Tile_Road_Horizontal.prefab using Guid(15b18d8e50b86bc43bff7d0c820bc88e) Importer(815301076,1909f56bfc062723c751e8b465ee728b)  -> (artifact id: 'b3f94eb9d4e14bed1527acabeb038a52') in 0.061954 seconds 
========================================================================
Received Import Request.
  Time since last request: 0.000026 seconds.
  path: Assets/MyGame/Prefabs/Tile/Tile_RoadCorner_3.prefab
  artifactKey: Guid(c1247a8c35b3320428c4e78720626103) Importer(815301076,1909f56bfc062723c751e8b465ee728b)
Start importing Assets/MyGame/Prefabs/Tile/Tile_RoadCorner_3.prefab using Guid(c1247a8c35b3320428c4e78720626103) Importer(815301076,1909f56bfc062723c751e8b465ee728b)  -> (artifact id: '65eab5040f47b75cdb40803da849f352') in 0.064738 seconds 
========================================================================
Received Import Request.
  Time since last request: 10.351532 seconds.
  path: Assets/MyGame/Prefabs/Tile/Tile_Road_Horizontal.prefab
  artifactKey: Guid(15b18d8e50b86bc43bff7d0c820bc88e) Importer(815301076,1909f56bfc062723c751e8b465ee728b)
Start importing Assets/MyGame/Prefabs/Tile/Tile_Road_Horizontal.prefab using Guid(15b18d8e50b86bc43bff7d0c820bc88e) Importer(815301076,1909f56bfc062723c751e8b465ee728b)  -> (artifact id: 'e64e6c13b6024a6d9ae6dcf5423629b1') in 0.061028 seconds 
========================================================================
Received Import Request.
  Time since last request: 0.000043 seconds.
  path: Assets/MyGame/Prefabs/Tile/Tile_RoadCorner_2.prefab
  artifactKey: Guid(6faca9d1831cbce42ad73c2f041c0767) Importer(815301076,1909f56bfc062723c751e8b465ee728b)
Start importing Assets/MyGame/Prefabs/Tile/Tile_RoadCorner_2.prefab using Guid(6faca9d1831cbce42ad73c2f041c0767) Importer(815301076,1909f56bfc062723c751e8b465ee728b)  -> (artifact id: '4962ae7efb566c9491a7bae6179b27ec') in 0.067897 seconds 
========================================================================
Received Import Request.
  Time since last request: 0.000032 seconds.
  path: Assets/MyGame/Prefabs/Tile/Tile_RoadTJunction_1.prefab
  artifactKey: Guid(1c271d4e01ed46d48b3bec6ecef81279) Importer(815301076,1909f56bfc062723c751e8b465ee728b)
Start importing Assets/MyGame/Prefabs/Tile/Tile_RoadTJunction_1.prefab using Guid(1c271d4e01ed46d48b3bec6ecef81279) Importer(815301076,1909f56bfc062723c751e8b465ee728b)  -> (artifact id: '690eb964ee674f8801e9b4cc685dc057') in 0.056589 seconds 
========================================================================
Received Import Request.
  Time since last request: 6.116865 seconds.
  path: Assets/MyGame/Prefabs/Tile/Tile_Road_Horizontal.prefab
  artifactKey: Guid(15b18d8e50b86bc43bff7d0c820bc88e) Importer(815301076,1909f56bfc062723c751e8b465ee728b)
Start importing Assets/MyGame/Prefabs/Tile/Tile_Road_Horizontal.prefab using Guid(15b18d8e50b86bc43bff7d0c820bc88e) Importer(815301076,1909f56bfc062723c751e8b465ee728b)  -> (artifact id: 'acd2308aaac9d11685d6ce2ed7e23d6a') in 0.064431 seconds 
========================================================================
Received Import Request.
  Time since last request: 0.000023 seconds.
  path: Assets/MyGame/Prefabs/Tile/Tile_RoadTJunction_3.prefab
  artifactKey: Guid(83d7b6cfb6d4d8f4f9fbb5fa5521118a) Importer(815301076,1909f56bfc062723c751e8b465ee728b)
Start importing Assets/MyGame/Prefabs/Tile/Tile_RoadTJunction_3.prefab using Guid(83d7b6cfb6d4d8f4f9fbb5fa5521118a) Importer(815301076,1909f56bfc062723c751e8b465ee728b)  -> (artifact id: 'b86b1f62307822df1bfa21fea64f9cee') in 0.062771 seconds 
========================================================================
Received Import Request.
  Time since last request: 0.000024 seconds.
  path: Assets/MyGame/Prefabs/Tile/Tile_RoadCorner_1.prefab
  artifactKey: Guid(ed2069c876af62a459072582365bc7dd) Importer(815301076,1909f56bfc062723c751e8b465ee728b)
Start importing Assets/MyGame/Prefabs/Tile/Tile_RoadCorner_1.prefab using Guid(ed2069c876af62a459072582365bc7dd) Importer(815301076,1909f56bfc062723c751e8b465ee728b)  -> (artifact id: '5ba05899db504deb38933b94e3ef6f61') in 0.055068 seconds 
========================================================================
Received Prepare
Registering precompiled user dll's ...
Registered in 0.004852 seconds.
Begin MonoManager ReloadAssembly
Symbol file LoadedFromMemory doesn't match image C:\MYWHOLEASSDESKTOP\RealmRush\RealmRush\Library\PackageCache\com.unity.visualscripting@1.7.8\Editor\VisualScripting.Core\Dependencies\YamlDotNet\Unity.VisualScripting.YamlDotNet.dll
Symbol file LoadedFromMemory doesn't match image C:\MYWHOLEASSDESKTOP\RealmRush\RealmRush\Library\PackageCache\com.unity.visualscripting@1.7.8\Editor\VisualScripting.Core\Dependencies\DotNetZip\Unity.VisualScripting.IonicZip.dll
Native extension for UWP target not found
Native extension for LinuxStandalone target not found
Native extension for WindowsStandalone target not found
Native extension for AppleTV target not found
Native extension for iOS target not found
Native extension for Android target not found
Native extension for OSXStandalone target not found
Native extension for WebGL target not found
Refreshing native plugins compatible for Editor in 7.25 ms, found 3 plugins.
Preloading 0 native plugins for Editor in 0.00 ms.
Mono: successfully reloaded assembly
- Completed reload, in  1.370 seconds
Domain Reload Profiling:
	ReloadAssembly (1370ms)
		BeginReloadAssembly (119ms)
			ExecutionOrderSort (0ms)
			DisableScriptedObjects (4ms)
			BackupInstance (0ms)
			ReleaseScriptingObjects (0ms)
			CreateAndSetChildDomain (40ms)
		EndReloadAssembly (1146ms)
			LoadAssemblies (73ms)
			RebuildTransferFunctionScriptingTraits (0ms)
			SetupTypeCache (299ms)
			ReleaseScriptCaches (2ms)
			RebuildScriptCaches (45ms)
			SetupLoadedEditorAssemblies (684ms)
				LogAssemblyErrors (0ms)
				InitializePlatformSupportModulesInManaged (31ms)
				SetLoadedEditorAssemblies (0ms)
				RefreshPlugins (7ms)
				BeforeProcessingInitializeOnLoad (82ms)
				ProcessInitializeOnLoadAttributes (499ms)
				ProcessInitializeOnLoadMethodAttributes (60ms)
				AfterProcessingInitializeOnLoad (4ms)
				EditorAssembliesLoaded (0ms)
			ExecutionOrderSort2 (0ms)
			AwakeInstancesAfterBackupRestoration (4ms)
Platform modules already initialized, skipping
Refreshing native plugins compatible for Editor in 8.42 ms, found 3 plugins.
Preloading 0 native plugins for Editor in 0.00 ms.
Unloading 5044 Unused Serialized files (Serialized files now loaded: 0)
Unloading 39 unused Assets / (1.7 MB). Loaded Objects now: 5629.
Memory consumption went from 275.9 MB to 274.2 MB.
Total: 2.808900 ms (FindLiveObjects: 0.309600 ms CreateObjectMapping: 0.255300 ms MarkObjects: 1.990400 ms  DeleteObjects: 0.253100 ms)

AssetImportParameters requested are different than current active one (requested -> active):
  custom:video-decoder-ogg-theora: a1e56fd34408186e4bbccfd4996cb3dc -> 
  custom:container-muxer-webm: aa71ff27fc2769a1b78a27578f13a17b -> 
  custom:container-demuxer-webm: 4f35f7cbe854078d1ac9338744f61a02 -> 
  custom:video-encoder-webm-vp8: eb34c28f22e8b96e1ab97ce403110664 -> 
  custom:audio-encoder-webm-vorbis: bf7c407c2cedff20999df2af8eb42d56 -> 
  custom:framework-win-MediaFoundation: 216162199b28c13a410421893ffa2e32 -> 
  custom:container-demuxer-ogg: 62fdf1f143b41e24485cea50d1cbac27 -> 
  custom:video-decoder-webm-vp8: 9c59270c3fd7afecdb556c50c9e8de78 -> 
  custom:audio-decoder-ogg-vorbis: bf7c407c2cedff20999df2af8eb42d56 -> 
Editor requested this worker to shutdown with reason: Scaling down because of idle timeout
AssetImportWorker is now disconnected from the server
Process exiting
Exiting without the bug reporter. Application will terminate with return code 0