Using pre-set license
Built from '2021.3/staging' branch; Version is '2021.3.6f1 (7da38d85baf6) revision 8233869'; Using compiler version '192829333'; Build Type 'Release'
OS: 'Windows 11  (10.0.22000) 64bit Core' Language: 'en' Physical Memory: 32681 MB
BatchMode: 1, IsHumanControllingUs: 0, StartBugReporterOnCrash: 0, Is64bit: 1, IsPro: 1

COMMAND LINE ARGUMENTS:
C:\UnityEditors\2021.3.6f1\Editor\Unity.exe
-adb2
-batchMode
-noUpm
-name
AssetImportWorker4
-projectPath
C:/MYWHOLEASSDESKTOP/RealmRush/RealmRush
-logFile
Logs/AssetImportWorker4.log
-srvPort
58047
Successfully changed project path to: C:/MYWHOLEASSDESKTOP/RealmRush/RealmRush
C:/MYWHOLEASSDESKTOP/RealmRush/RealmRush
[UnityMemory] Configuration Parameters - Can be set up in boot.config
    "memorysetup-bucket-allocator-granularity=16"
    "memorysetup-bucket-allocator-bucket-count=8"
    "memorysetup-bucket-allocator-block-size=33554432"
    "memorysetup-bucket-allocator-block-count=8"
    "memorysetup-main-allocator-block-size=16777216"
    "memorysetup-thread-allocator-block-size=16777216"
    "memorysetup-gfx-main-allocator-block-size=16777216"
    "memorysetup-gfx-thread-allocator-block-size=16777216"
    "memorysetup-cache-allocator-block-size=4194304"
    "memorysetup-typetree-allocator-block-size=2097152"
    "memorysetup-profiler-bucket-allocator-granularity=16"
    "memorysetup-profiler-bucket-allocator-bucket-count=8"
    "memorysetup-profiler-bucket-allocator-block-size=33554432"
    "memorysetup-profiler-bucket-allocator-block-count=8"
    "memorysetup-profiler-allocator-block-size=16777216"
    "memorysetup-profiler-editor-allocator-block-size=1048576"
    "memorysetup-temp-allocator-size-main=16777216"
    "memorysetup-job-temp-allocator-block-size=2097152"
    "memorysetup-job-temp-allocator-block-size-background=1048576"
    "memorysetup-job-temp-allocator-reduction-small-platforms=262144"
    "memorysetup-temp-allocator-size-background-worker=32768"
    "memorysetup-temp-allocator-size-job-worker=262144"
    "memorysetup-temp-allocator-size-preload-manager=33554432"
    "memorysetup-temp-allocator-size-nav-mesh-worker=65536"
    "memorysetup-temp-allocator-size-audio-worker=65536"
    "memorysetup-temp-allocator-size-cloud-worker=32768"
    "memorysetup-temp-allocator-size-gi-baking-worker=262144"
    "memorysetup-temp-allocator-size-gfx=262144"
Refreshing native plugins compatible for Editor in 411.50 ms, found 3 plugins.
Preloading 0 native plugins for Editor in 0.00 ms.
Initialize engine version: 2021.3.6f1 (7da38d85baf6)
[Subsystems] Discovering subsystems at path C:/UnityEditors/2021.3.6f1/Editor/Data/Resources/UnitySubsystems
[Subsystems] Discovering subsystems at path C:/MYWHOLEASSDESKTOP/RealmRush/RealmRush/Assets
GfxDevice: creating device client; threaded=0; jobified=0
Direct3D:
    Version:  Direct3D 11.0 [level 11.1]
    Renderer: NVIDIA GeForce RTX 2080 Ti (ID=0x1e07)
    Vendor:   NVIDIA
    VRAM:     11049 MB
    Driver:   31.0.15.1659
Initialize mono
Mono path[0] = 'C:/UnityEditors/2021.3.6f1/Editor/Data/Managed'
Mono path[1] = 'C:/UnityEditors/2021.3.6f1/Editor/Data/MonoBleedingEdge/lib/mono/unityjit-win32'
Mono config path = 'C:/UnityEditors/2021.3.6f1/Editor/Data/MonoBleedingEdge/etc'
Using monoOptions --debugger-agent=transport=dt_socket,embedding=1,server=y,suspend=n,address=127.0.0.1:56620
Begin MonoManager ReloadAssembly
Registering precompiled unity dll's ...
Register platform support module: C:/UnityEditors/2021.3.6f1/Editor/Data/PlaybackEngines/WebGLSupport/UnityEditor.WebGL.Extensions.dll
Register platform support module: C:/UnityEditors/2021.3.6f1/Editor/Data/PlaybackEngines/MacStandaloneSupport/UnityEditor.OSXStandalone.Extensions.dll
Register platform support module: C:/UnityEditors/2021.3.6f1/Editor/Data/PlaybackEngines/AndroidPlayer/UnityEditor.Android.Extensions.dll
Register platform support module: C:/UnityEditors/2021.3.6f1/Editor/Data/PlaybackEngines/iOSSupport/UnityEditor.iOS.Extensions.dll
Register platform support module: C:/UnityEditors/2021.3.6f1/Editor/Data/PlaybackEngines/AppleTVSupport/UnityEditor.AppleTV.Extensions.dll
Register platform support module: C:/UnityEditors/2021.3.6f1/Editor/Data/PlaybackEngines/WindowsStandaloneSupport/UnityEditor.WindowsStandalone.Extensions.dll
Register platform support module: C:/UnityEditors/2021.3.6f1/Editor/Data/PlaybackEngines/LinuxStandaloneSupport/UnityEditor.LinuxStandalone.Extensions.dll
Register platform support module: C:/UnityEditors/2021.3.6f1/Editor/Data/PlaybackEngines/MetroSupport/UnityEditor.UWP.Extensions.dll
Registered in 0.004650 seconds.
Native extension for UWP target not found
Native extension for LinuxStandalone target not found
Native extension for WindowsStandalone target not found
[usbmuxd] Start listen thread
[usbmuxd] Listen thread started
Native extension for AppleTV target not found
[usbmuxd] Start listen thread
[usbmuxd] Listen thread started
Native extension for iOS target not found
Native extension for Android target not found
Native extension for OSXStandalone target not found
Native extension for WebGL target not found
Refreshing native plugins compatible for Editor in 452.08 ms, found 3 plugins.
Preloading 0 native plugins for Editor in 0.00 ms.
Mono: successfully reloaded assembly
- Completed reload, in  0.918 seconds
Domain Reload Profiling:
	ReloadAssembly (919ms)
		BeginReloadAssembly (51ms)
			ExecutionOrderSort (0ms)
			DisableScriptedObjects (0ms)
			BackupInstance (0ms)
			ReleaseScriptingObjects (0ms)
			CreateAndSetChildDomain (1ms)
		EndReloadAssembly (785ms)
			LoadAssemblies (50ms)
			RebuildTransferFunctionScriptingTraits (0ms)
			SetupTypeCache (89ms)
			ReleaseScriptCaches (0ms)
			RebuildScriptCaches (23ms)
			SetupLoadedEditorAssemblies (625ms)
				LogAssemblyErrors (0ms)
				InitializePlatformSupportModulesInManaged (54ms)
				SetLoadedEditorAssemblies (0ms)
				RefreshPlugins (452ms)
				BeforeProcessingInitializeOnLoad (1ms)
				ProcessInitializeOnLoadAttributes (82ms)
				ProcessInitializeOnLoadMethodAttributes (36ms)
				AfterProcessingInitializeOnLoad (0ms)
				EditorAssembliesLoaded (0ms)
			ExecutionOrderSort2 (0ms)
			AwakeInstancesAfterBackupRestoration (0ms)
Platform modules already initialized, skipping
Registering precompiled user dll's ...
Registered in 0.004072 seconds.
Begin MonoManager ReloadAssembly
Symbol file LoadedFromMemory doesn't match image C:\MYWHOLEASSDESKTOP\RealmRush\RealmRush\Library\PackageCache\com.unity.visualscripting@1.7.8\Editor\VisualScripting.Core\Dependencies\YamlDotNet\Unity.VisualScripting.YamlDotNet.dll
Symbol file LoadedFromMemory doesn't match image C:\MYWHOLEASSDESKTOP\RealmRush\RealmRush\Library\PackageCache\com.unity.visualscripting@1.7.8\Editor\VisualScripting.Core\Dependencies\DotNetZip\Unity.VisualScripting.IonicZip.dll
Native extension for UWP target not found
Native extension for LinuxStandalone target not found
Native extension for WindowsStandalone target not found
Native extension for AppleTV target not found
Native extension for iOS target not found
Native extension for Android target not found
Native extension for OSXStandalone target not found
Native extension for WebGL target not found
Refreshing native plugins compatible for Editor in 450.13 ms, found 3 plugins.
Preloading 0 native plugins for Editor in 0.00 ms.
Mono: successfully reloaded assembly
- Completed reload, in  1.935 seconds
Domain Reload Profiling:
	ReloadAssembly (1936ms)
		BeginReloadAssembly (192ms)
			ExecutionOrderSort (0ms)
			DisableScriptedObjects (5ms)
			BackupInstance (0ms)
			ReleaseScriptingObjects (0ms)
			CreateAndSetChildDomain (125ms)
		EndReloadAssembly (1652ms)
			LoadAssemblies (65ms)
			RebuildTransferFunctionScriptingTraits (0ms)
			SetupTypeCache (240ms)
			ReleaseScriptCaches (1ms)
			RebuildScriptCaches (52ms)
			SetupLoadedEditorAssemblies (1242ms)
				LogAssemblyErrors (0ms)
				InitializePlatformSupportModulesInManaged (22ms)
				SetLoadedEditorAssemblies (0ms)
				RefreshPlugins (450ms)
				BeforeProcessingInitializeOnLoad (108ms)
				ProcessInitializeOnLoadAttributes (598ms)
				ProcessInitializeOnLoadMethodAttributes (59ms)
				AfterProcessingInitializeOnLoad (4ms)
				EditorAssembliesLoaded (0ms)
			ExecutionOrderSort2 (0ms)
			AwakeInstancesAfterBackupRestoration (4ms)
Platform modules already initialized, skipping
========================================================================
Worker process is ready to serve import requests
Launched and connected shader compiler UnityShaderCompiler.exe after 0.03 seconds
Refreshing native plugins compatible for Editor in 5.32 ms, found 3 plugins.
Preloading 0 native plugins for Editor in 0.00 ms.
Unloading 5164 Unused Serialized files (Serialized files now loaded: 0)
Unloading 58 unused Assets / (1.8 MB). Loaded Objects now: 5607.
Memory consumption went from 267.1 MB to 265.3 MB.
Total: 2.997500 ms (FindLiveObjects: 0.348500 ms CreateObjectMapping: 0.282600 ms MarkObjects: 2.068100 ms  DeleteObjects: 0.297400 ms)

AssetImportParameters requested are different than current active one (requested -> active):
  custom:video-decoder-ogg-theora: a1e56fd34408186e4bbccfd4996cb3dc -> 
  custom:container-muxer-webm: aa71ff27fc2769a1b78a27578f13a17b -> 
  custom:container-demuxer-webm: 4f35f7cbe854078d1ac9338744f61a02 -> 
  custom:video-encoder-webm-vp8: eb34c28f22e8b96e1ab97ce403110664 -> 
  custom:audio-encoder-webm-vorbis: bf7c407c2cedff20999df2af8eb42d56 -> 
  custom:framework-win-MediaFoundation: 216162199b28c13a410421893ffa2e32 -> 
  custom:container-demuxer-ogg: 62fdf1f143b41e24485cea50d1cbac27 -> 
  custom:video-decoder-webm-vp8: 9c59270c3fd7afecdb556c50c9e8de78 -> 
  custom:audio-decoder-ogg-vorbis: bf7c407c2cedff20999df2af8eb42d56 -> 
========================================================================
Received Import Request.
  Time since last request: 355814.121544 seconds.
  path: Assets/MyGame/Prefabs/Tile/Tile_RoadTJunction_0.prefab
  artifactKey: Guid(bce1355a67c1b0d4985698b005692d95) Importer(815301076,1909f56bfc062723c751e8b465ee728b)
Start importing Assets/MyGame/Prefabs/Tile/Tile_RoadTJunction_0.prefab using Guid(bce1355a67c1b0d4985698b005692d95) Importer(815301076,1909f56bfc062723c751e8b465ee728b)  -> (artifact id: '374c537fc8c6be8f0ac944c8b30c124d') in 0.154746 seconds 
========================================================================
Received Import Request.
  Time since last request: 4.081170 seconds.
  path: Assets/MyGame/Prefabs/Tile/Tile_RoadTJunction_0.prefab
  artifactKey: Guid(bce1355a67c1b0d4985698b005692d95) Importer(815301076,1909f56bfc062723c751e8b465ee728b)
Start importing Assets/MyGame/Prefabs/Tile/Tile_RoadTJunction_0.prefab using Guid(bce1355a67c1b0d4985698b005692d95) Importer(815301076,1909f56bfc062723c751e8b465ee728b)  -> (artifact id: '1c168cc98575405de92e7d9ea2d71a76') in 0.049002 seconds 
========================================================================
Received Import Request.
  Time since last request: 3.161233 seconds.
  path: Assets/MyGame/Prefabs/Tile/Tile_RoadTJunction_0.prefab
  artifactKey: Guid(bce1355a67c1b0d4985698b005692d95) Importer(815301076,1909f56bfc062723c751e8b465ee728b)
Start importing Assets/MyGame/Prefabs/Tile/Tile_RoadTJunction_0.prefab using Guid(bce1355a67c1b0d4985698b005692d95) Importer(815301076,1909f56bfc062723c751e8b465ee728b)  -> (artifact id: 'a5355445eecb72cf7ff3a9cc0de5f8c3') in 0.049438 seconds 
========================================================================
Received Import Request.
  Time since last request: 9.439295 seconds.
  path: Assets/MyGame/Prefabs/Tile/Tile_RoadTJunction_0.prefab
  artifactKey: Guid(bce1355a67c1b0d4985698b005692d95) Importer(815301076,1909f56bfc062723c751e8b465ee728b)
Start importing Assets/MyGame/Prefabs/Tile/Tile_RoadTJunction_0.prefab using Guid(bce1355a67c1b0d4985698b005692d95) Importer(815301076,1909f56bfc062723c751e8b465ee728b)  -> (artifact id: '31aa0542711a7f147913e7edd98119c6') in 0.041708 seconds 
========================================================================
Received Import Request.
  Time since last request: 11.032031 seconds.
  path: Assets/MyGame/Prefabs/Tile/Tile_RoadTJunction_1.prefab
  artifactKey: Guid(1c271d4e01ed46d48b3bec6ecef81279) Importer(815301076,1909f56bfc062723c751e8b465ee728b)
Start importing Assets/MyGame/Prefabs/Tile/Tile_RoadTJunction_1.prefab using Guid(1c271d4e01ed46d48b3bec6ecef81279) Importer(815301076,1909f56bfc062723c751e8b465ee728b)  -> (artifact id: '3cc391c0e4ff921911034538fe7065a4') in 0.045559 seconds 
========================================================================
Received Import Request.
  Time since last request: 9.552391 seconds.
  path: Assets/MyGame/Prefabs/Tile/Tile_RoadTJunction_0.prefab
  artifactKey: Guid(bce1355a67c1b0d4985698b005692d95) Importer(815301076,1909f56bfc062723c751e8b465ee728b)
Start importing Assets/MyGame/Prefabs/Tile/Tile_RoadTJunction_0.prefab using Guid(bce1355a67c1b0d4985698b005692d95) Importer(815301076,1909f56bfc062723c751e8b465ee728b)  -> (artifact id: '9df276efa40ae7f237e8c1be71df182c') in 0.047973 seconds 
========================================================================
Received Import Request.
  Time since last request: 18.643348 seconds.
  path: Assets/MyGame/Prefabs/Tile/Tile_RoadTJunction_0.prefab
  artifactKey: Guid(bce1355a67c1b0d4985698b005692d95) Importer(815301076,1909f56bfc062723c751e8b465ee728b)
Start importing Assets/MyGame/Prefabs/Tile/Tile_RoadTJunction_0.prefab using Guid(bce1355a67c1b0d4985698b005692d95) Importer(815301076,1909f56bfc062723c751e8b465ee728b)  -> (artifact id: '4a7a7f5c5820c5019d5aa3c34b148b3c') in 0.046172 seconds 
========================================================================
Received Import Request.
  Time since last request: 18.704871 seconds.
  path: Assets/MyGame/Prefabs/Tile/Tile_RoadTJunction_1.prefab
  artifactKey: Guid(1c271d4e01ed46d48b3bec6ecef81279) Importer(815301076,1909f56bfc062723c751e8b465ee728b)
Start importing Assets/MyGame/Prefabs/Tile/Tile_RoadTJunction_1.prefab using Guid(1c271d4e01ed46d48b3bec6ecef81279) Importer(815301076,1909f56bfc062723c751e8b465ee728b)  -> (artifact id: '450d6aa35cd5a715de19853ba191e2ff') in 0.043977 seconds 
========================================================================
Received Import Request.
  Time since last request: 46.131232 seconds.
  path: Assets/MyGame/Prefabs/Tile/Tile_RoadTJunction_1.prefab
  artifactKey: Guid(1c271d4e01ed46d48b3bec6ecef81279) Importer(815301076,1909f56bfc062723c751e8b465ee728b)
Start importing Assets/MyGame/Prefabs/Tile/Tile_RoadTJunction_1.prefab using Guid(1c271d4e01ed46d48b3bec6ecef81279) Importer(815301076,1909f56bfc062723c751e8b465ee728b)  -> (artifact id: '96f6af0081979da51e46f4f2c35464f6') in 0.046696 seconds 
========================================================================
Received Import Request.
  Time since last request: 17.701299 seconds.
  path: Assets/MyGame/Prefabs/Tile/Tile_RoadTJunction_2.prefab
  artifactKey: Guid(a9c47756ef2971a42a50ca70547a040e) Importer(815301076,1909f56bfc062723c751e8b465ee728b)
Start importing Assets/MyGame/Prefabs/Tile/Tile_RoadTJunction_2.prefab using Guid(a9c47756ef2971a42a50ca70547a040e) Importer(815301076,1909f56bfc062723c751e8b465ee728b)  -> (artifact id: '74966574e069d16823bc64fd191713c0') in 0.044528 seconds 
========================================================================
Received Import Request.
  Time since last request: 25.044163 seconds.
  path: Assets/MyGame/Prefabs/Tile/Tile_RoadTJunction_2.prefab
  artifactKey: Guid(a9c47756ef2971a42a50ca70547a040e) Importer(815301076,1909f56bfc062723c751e8b465ee728b)
Start importing Assets/MyGame/Prefabs/Tile/Tile_RoadTJunction_2.prefab using Guid(a9c47756ef2971a42a50ca70547a040e) Importer(815301076,1909f56bfc062723c751e8b465ee728b)  -> (artifact id: 'e4d0a5699bc964d6a9bd64cfd457544b') in 0.045712 seconds 
========================================================================
Received Import Request.
  Time since last request: 27.225594 seconds.
  path: Assets/MyGame/Prefabs/Tile/Tile_RoadTJunction_2.prefab
  artifactKey: Guid(a9c47756ef2971a42a50ca70547a040e) Importer(815301076,1909f56bfc062723c751e8b465ee728b)
Start importing Assets/MyGame/Prefabs/Tile/Tile_RoadTJunction_2.prefab using Guid(a9c47756ef2971a42a50ca70547a040e) Importer(815301076,1909f56bfc062723c751e8b465ee728b)  -> (artifact id: 'd08c03d37ea66ffbbb006327b5ac9af8') in 0.044800 seconds 
========================================================================
Received Import Request.
  Time since last request: 3.244981 seconds.
  path: Assets/MyGame/Prefabs/Tile/Tile_RoadTJunction_2.prefab
  artifactKey: Guid(a9c47756ef2971a42a50ca70547a040e) Importer(815301076,1909f56bfc062723c751e8b465ee728b)
Start importing Assets/MyGame/Prefabs/Tile/Tile_RoadTJunction_2.prefab using Guid(a9c47756ef2971a42a50ca70547a040e) Importer(815301076,1909f56bfc062723c751e8b465ee728b)  -> (artifact id: '1be4cbd92214463632103ea11514b8aa') in 0.043988 seconds 
========================================================================
Received Import Request.
  Time since last request: 4.196164 seconds.
  path: Assets/MyGame/Prefabs/Tile/Tile_RoadTJunction_2.prefab
  artifactKey: Guid(a9c47756ef2971a42a50ca70547a040e) Importer(815301076,1909f56bfc062723c751e8b465ee728b)
Start importing Assets/MyGame/Prefabs/Tile/Tile_RoadTJunction_2.prefab using Guid(a9c47756ef2971a42a50ca70547a040e) Importer(815301076,1909f56bfc062723c751e8b465ee728b)  -> (artifact id: '1a25b880dffb8a252246aa8cbc43f170') in 0.042510 seconds 
========================================================================
Received Import Request.
  Time since last request: 16.514265 seconds.
  path: Assets/MyGame/Prefabs/Tile/Tile_RoadTJunction_3.prefab
  artifactKey: Guid(83d7b6cfb6d4d8f4f9fbb5fa5521118a) Importer(815301076,1909f56bfc062723c751e8b465ee728b)
Start importing Assets/MyGame/Prefabs/Tile/Tile_RoadTJunction_3.prefab using Guid(83d7b6cfb6d4d8f4f9fbb5fa5521118a) Importer(815301076,1909f56bfc062723c751e8b465ee728b)  -> (artifact id: '5d3b5c2d6f6f1d796519ef9b8d3dfcf3') in 0.044959 seconds 
========================================================================
Received Import Request.
  Time since last request: 7.856746 seconds.
  path: Assets/MyGame/Prefabs/Tile/Tile_RoadTJunction_3.prefab
  artifactKey: Guid(83d7b6cfb6d4d8f4f9fbb5fa5521118a) Importer(815301076,1909f56bfc062723c751e8b465ee728b)
Start importing Assets/MyGame/Prefabs/Tile/Tile_RoadTJunction_3.prefab using Guid(83d7b6cfb6d4d8f4f9fbb5fa5521118a) Importer(815301076,1909f56bfc062723c751e8b465ee728b)  -> (artifact id: '6d83c5906f7875297b156198afe3e430') in 0.043469 seconds 
========================================================================
Received Import Request.
  Time since last request: 96.762948 seconds.
  path: Assets/MyGame/Prefabs/Tile/Tile_RoadTJunction_0.prefab
  artifactKey: Guid(bce1355a67c1b0d4985698b005692d95) Importer(815301076,1909f56bfc062723c751e8b465ee728b)
Start importing Assets/MyGame/Prefabs/Tile/Tile_RoadTJunction_0.prefab using Guid(bce1355a67c1b0d4985698b005692d95) Importer(815301076,1909f56bfc062723c751e8b465ee728b)  -> (artifact id: '88af285d63c71702ba47fb850fe736dc') in 0.050148 seconds 
========================================================================
Received Import Request.
  Time since last request: 0.000016 seconds.
  path: Assets/MyGame/Prefabs/Tile/Tile_RoadTJunction_3.prefab
  artifactKey: Guid(83d7b6cfb6d4d8f4f9fbb5fa5521118a) Importer(815301076,1909f56bfc062723c751e8b465ee728b)
Start importing Assets/MyGame/Prefabs/Tile/Tile_RoadTJunction_3.prefab using Guid(83d7b6cfb6d4d8f4f9fbb5fa5521118a) Importer(815301076,1909f56bfc062723c751e8b465ee728b)  -> (artifact id: '74f50eb11fa10c0c6e876114925cbc39') in 0.044667 seconds 
========================================================================
Received Import Request.
  Time since last request: 4.717466 seconds.
  path: Assets/MyGame/Prefabs/Tile/Tile_RoadTJunction_0.prefab
  artifactKey: Guid(bce1355a67c1b0d4985698b005692d95) Importer(815301076,1909f56bfc062723c751e8b465ee728b)
Start importing Assets/MyGame/Prefabs/Tile/Tile_RoadTJunction_0.prefab using Guid(bce1355a67c1b0d4985698b005692d95) Importer(815301076,1909f56bfc062723c751e8b465ee728b)  -> (artifact id: '46be037801e6b1ae5ec4ce7d912d93f2') in 0.046930 seconds 
========================================================================
Received Import Request.
  Time since last request: 0.000017 seconds.
  path: Assets/MyGame/Prefabs/Tile/Tile_RoadTJunction_3.prefab
  artifactKey: Guid(83d7b6cfb6d4d8f4f9fbb5fa5521118a) Importer(815301076,1909f56bfc062723c751e8b465ee728b)
Start importing Assets/MyGame/Prefabs/Tile/Tile_RoadTJunction_3.prefab using Guid(83d7b6cfb6d4d8f4f9fbb5fa5521118a) Importer(815301076,1909f56bfc062723c751e8b465ee728b)  -> (artifact id: '70d1107015cf2ac22739b534289dc455') in 0.051975 seconds 
========================================================================
Received Import Request.
  Time since last request: 2.070045 seconds.
  path: Assets/MyGame/Prefabs/Tile/Tile_RoadTJunction_0.prefab
  artifactKey: Guid(bce1355a67c1b0d4985698b005692d95) Importer(815301076,1909f56bfc062723c751e8b465ee728b)
Start importing Assets/MyGame/Prefabs/Tile/Tile_RoadTJunction_0.prefab using Guid(bce1355a67c1b0d4985698b005692d95) Importer(815301076,1909f56bfc062723c751e8b465ee728b)  -> (artifact id: '3c816fb2e220b6ee99deb0d4b7b4d0b5') in 0.049974 seconds 
========================================================================
Received Import Request.
  Time since last request: 0.000019 seconds.
  path: Assets/MyGame/Prefabs/Tile/Tile_RoadTJunction_3.prefab
  artifactKey: Guid(83d7b6cfb6d4d8f4f9fbb5fa5521118a) Importer(815301076,1909f56bfc062723c751e8b465ee728b)
Start importing Assets/MyGame/Prefabs/Tile/Tile_RoadTJunction_3.prefab using Guid(83d7b6cfb6d4d8f4f9fbb5fa5521118a) Importer(815301076,1909f56bfc062723c751e8b465ee728b)  -> (artifact id: 'c7d4eff1ca0f0b52d081874713348b7f') in 0.047877 seconds 
========================================================================
Received Import Request.
  Time since last request: 5.025025 seconds.
  path: Assets/MyGame/Prefabs/Tile/Tile_RoadTJunction_0.prefab
  artifactKey: Guid(bce1355a67c1b0d4985698b005692d95) Importer(815301076,1909f56bfc062723c751e8b465ee728b)
Start importing Assets/MyGame/Prefabs/Tile/Tile_RoadTJunction_0.prefab using Guid(bce1355a67c1b0d4985698b005692d95) Importer(815301076,1909f56bfc062723c751e8b465ee728b)  -> (artifact id: '8fda28c96427938617189da9f99a11bf') in 0.049515 seconds 
========================================================================
Received Import Request.
  Time since last request: 0.000016 seconds.
  path: Assets/MyGame/Prefabs/Tile/Tile_RoadTJunction_3.prefab
  artifactKey: Guid(83d7b6cfb6d4d8f4f9fbb5fa5521118a) Importer(815301076,1909f56bfc062723c751e8b465ee728b)
Start importing Assets/MyGame/Prefabs/Tile/Tile_RoadTJunction_3.prefab using Guid(83d7b6cfb6d4d8f4f9fbb5fa5521118a) Importer(815301076,1909f56bfc062723c751e8b465ee728b)  -> (artifact id: 'b69bf234132d2ae010f2d711daac6892') in 0.049996 seconds 
========================================================================
Received Import Request.
  Time since last request: 6.918878 seconds.
  path: Assets/MyGame/Prefabs/Tile/Tile_RoadTJunction_0.prefab
  artifactKey: Guid(bce1355a67c1b0d4985698b005692d95) Importer(815301076,1909f56bfc062723c751e8b465ee728b)
Start importing Assets/MyGame/Prefabs/Tile/Tile_RoadTJunction_0.prefab using Guid(bce1355a67c1b0d4985698b005692d95) Importer(815301076,1909f56bfc062723c751e8b465ee728b)  -> (artifact id: '3d6bd23f9c1bf852c3bb72a8670200d2') in 0.048329 seconds 
========================================================================
Received Import Request.
  Time since last request: 0.000018 seconds.
  path: Assets/MyGame/Prefabs/Tile/Tile_RoadTJunction_3.prefab
  artifactKey: Guid(83d7b6cfb6d4d8f4f9fbb5fa5521118a) Importer(815301076,1909f56bfc062723c751e8b465ee728b)
Start importing Assets/MyGame/Prefabs/Tile/Tile_RoadTJunction_3.prefab using Guid(83d7b6cfb6d4d8f4f9fbb5fa5521118a) Importer(815301076,1909f56bfc062723c751e8b465ee728b)  -> (artifact id: '99d1baed305f2ef33cea125b4b6c7294') in 0.047051 seconds 
========================================================================
Received Import Request.
  Time since last request: 4.316067 seconds.
  path: Assets/MyGame/Prefabs/Tile/Tile_RoadTJunction_0.prefab
  artifactKey: Guid(bce1355a67c1b0d4985698b005692d95) Importer(815301076,1909f56bfc062723c751e8b465ee728b)
Start importing Assets/MyGame/Prefabs/Tile/Tile_RoadTJunction_0.prefab using Guid(bce1355a67c1b0d4985698b005692d95) Importer(815301076,1909f56bfc062723c751e8b465ee728b)  -> (artifact id: '83710974c6c86c2572990f6a00b2b544') in 0.048772 seconds 
========================================================================
Received Import Request.
  Time since last request: 0.000015 seconds.
  path: Assets/MyGame/Prefabs/Tile/Tile_RoadTJunction_3.prefab
  artifactKey: Guid(83d7b6cfb6d4d8f4f9fbb5fa5521118a) Importer(815301076,1909f56bfc062723c751e8b465ee728b)
Start importing Assets/MyGame/Prefabs/Tile/Tile_RoadTJunction_3.prefab using Guid(83d7b6cfb6d4d8f4f9fbb5fa5521118a) Importer(815301076,1909f56bfc062723c751e8b465ee728b)  -> (artifact id: 'a8a2b3d937d4766321396a2c7f8f3c47') in 0.056055 seconds 
========================================================================
Received Import Request.
  Time since last request: 5.812189 seconds.
  path: Assets/MyGame/Prefabs/Tile/Tile_RoadTJunction_0.prefab
  artifactKey: Guid(bce1355a67c1b0d4985698b005692d95) Importer(815301076,1909f56bfc062723c751e8b465ee728b)
Start importing Assets/MyGame/Prefabs/Tile/Tile_RoadTJunction_0.prefab using Guid(bce1355a67c1b0d4985698b005692d95) Importer(815301076,1909f56bfc062723c751e8b465ee728b)  -> (artifact id: '0f92b07eba7a296a6f4d4aa6145bb185') in 0.051678 seconds 
========================================================================
Received Import Request.
  Time since last request: 0.000013 seconds.
  path: Assets/MyGame/Prefabs/Tile/Tile_RoadTJunction_2.prefab
  artifactKey: Guid(a9c47756ef2971a42a50ca70547a040e) Importer(815301076,1909f56bfc062723c751e8b465ee728b)
Start importing Assets/MyGame/Prefabs/Tile/Tile_RoadTJunction_2.prefab using Guid(a9c47756ef2971a42a50ca70547a040e) Importer(815301076,1909f56bfc062723c751e8b465ee728b)  -> (artifact id: '20985220b7bb4ab27607be1a7ced34cc') in 0.045101 seconds 
========================================================================
Received Import Request.
  Time since last request: 3.522513 seconds.
  path: Assets/MyGame/Prefabs/Tile/Tile_RoadTJunction_0.prefab
  artifactKey: Guid(bce1355a67c1b0d4985698b005692d95) Importer(815301076,1909f56bfc062723c751e8b465ee728b)
Start importing Assets/MyGame/Prefabs/Tile/Tile_RoadTJunction_0.prefab using Guid(bce1355a67c1b0d4985698b005692d95) Importer(815301076,1909f56bfc062723c751e8b465ee728b)  -> (artifact id: 'd992458506b06a8c7805d814cf5d1d65') in 0.051314 seconds 
========================================================================
Received Import Request.
  Time since last request: 0.000017 seconds.
  path: Assets/MyGame/Prefabs/Tile/Tile_RoadTJunction_3.prefab
  artifactKey: Guid(83d7b6cfb6d4d8f4f9fbb5fa5521118a) Importer(815301076,1909f56bfc062723c751e8b465ee728b)
Start importing Assets/MyGame/Prefabs/Tile/Tile_RoadTJunction_3.prefab using Guid(83d7b6cfb6d4d8f4f9fbb5fa5521118a) Importer(815301076,1909f56bfc062723c751e8b465ee728b)  -> (artifact id: '0914a6e350510e12b6219c511968d383') in 0.048220 seconds 
========================================================================
Received Import Request.
  Time since last request: 3.687474 seconds.
  path: Assets/MyGame/Prefabs/Tile/Tile_RoadTJunction_0.prefab
  artifactKey: Guid(bce1355a67c1b0d4985698b005692d95) Importer(815301076,1909f56bfc062723c751e8b465ee728b)
Start importing Assets/MyGame/Prefabs/Tile/Tile_RoadTJunction_0.prefab using Guid(bce1355a67c1b0d4985698b005692d95) Importer(815301076,1909f56bfc062723c751e8b465ee728b)  -> (artifact id: '3b820c065d6f9b38441e4f9dd5cc634f') in 0.045873 seconds 
========================================================================
Received Import Request.
  Time since last request: 0.000016 seconds.
  path: Assets/MyGame/Prefabs/Tile/Tile_RoadTJunction_3.prefab
  artifactKey: Guid(83d7b6cfb6d4d8f4f9fbb5fa5521118a) Importer(815301076,1909f56bfc062723c751e8b465ee728b)
Start importing Assets/MyGame/Prefabs/Tile/Tile_RoadTJunction_3.prefab using Guid(83d7b6cfb6d4d8f4f9fbb5fa5521118a) Importer(815301076,1909f56bfc062723c751e8b465ee728b)  -> (artifact id: '611e85d1e0d5bbfd6da92d08422a96fc') in 0.045275 seconds 
========================================================================
Received Import Request.
  Time since last request: 827.137936 seconds.
  path: Assets/MyGame/Prefabs/Defences
  artifactKey: Guid(be652801b729a084c82418d09220c25f) Importer(815301076,1909f56bfc062723c751e8b465ee728b)
Start importing Assets/MyGame/Prefabs/Defences using Guid(be652801b729a084c82418d09220c25f) Importer(815301076,1909f56bfc062723c751e8b465ee728b)  -> (artifact id: '2c76d518177ec65d57fc0b431d2f4102') in 0.004438 seconds 
========================================================================
Received Import Request.
  Time since last request: 11.560229 seconds.
  path: Assets/StoreAssets/Polygon Packs/PolygonFantasyKingdom/Prefabs/Weapons
  artifactKey: Guid(a195684975f764947a43bf1101902b80) Importer(815301076,1909f56bfc062723c751e8b465ee728b)
Start importing Assets/StoreAssets/Polygon Packs/PolygonFantasyKingdom/Prefabs/Weapons using Guid(a195684975f764947a43bf1101902b80) Importer(815301076,1909f56bfc062723c751e8b465ee728b)  -> (artifact id: 'bb783a3852e639d19ff7c1f7312c5ad1') in 0.004651 seconds 
========================================================================
Received Import Request.
  Time since last request: 0.353093 seconds.
  path: Assets/StoreAssets/Polygon Packs/PolygonFantasyKingdom/Prefabs/Weapons/SM_Prop_Arrow_01.prefab
  artifactKey: Guid(67c60fa84a9c4854c8d4a1c85873e21d) Importer(815301076,1909f56bfc062723c751e8b465ee728b)
Start importing Assets/StoreAssets/Polygon Packs/PolygonFantasyKingdom/Prefabs/Weapons/SM_Prop_Arrow_01.prefab using Guid(67c60fa84a9c4854c8d4a1c85873e21d) Importer(815301076,1909f56bfc062723c751e8b465ee728b)  -> (artifact id: 'cdba204e383d705de7385d5b80dfae81') in 0.041061 seconds 
========================================================================
Received Import Request.
  Time since last request: 0.000018 seconds.
  path: Assets/StoreAssets/Polygon Packs/PolygonFantasyKingdom/Prefabs/Weapons/SM_Prop_Arrow_02_Headless.prefab
  artifactKey: Guid(47c724e93a0669549854547b140f39f5) Importer(815301076,1909f56bfc062723c751e8b465ee728b)
Start importing Assets/StoreAssets/Polygon Packs/PolygonFantasyKingdom/Prefabs/Weapons/SM_Prop_Arrow_02_Headless.prefab using Guid(47c724e93a0669549854547b140f39f5) Importer(815301076,1909f56bfc062723c751e8b465ee728b)  -> (artifact id: 'd0e47101c66f97105454490e31dcc44f') in 0.038274 seconds 
========================================================================
Received Import Request.
  Time since last request: 0.000022 seconds.
  path: Assets/StoreAssets/Polygon Packs/PolygonFantasyKingdom/Prefabs/Weapons/SM_Wep_Axe_01.prefab
  artifactKey: Guid(4b6fcb8e3035f79438ac1e8d590423f0) Importer(815301076,1909f56bfc062723c751e8b465ee728b)
Start importing Assets/StoreAssets/Polygon Packs/PolygonFantasyKingdom/Prefabs/Weapons/SM_Wep_Axe_01.prefab using Guid(4b6fcb8e3035f79438ac1e8d590423f0) Importer(815301076,1909f56bfc062723c751e8b465ee728b)  -> (artifact id: 'f7bab4797f1a5c5a3c6a9f8e173e8090') in 0.035134 seconds 
========================================================================
Received Import Request.
  Time since last request: 0.000021 seconds.
  path: Assets/StoreAssets/Polygon Packs/PolygonFantasyKingdom/Prefabs/Weapons/SM_Wep_Axe_02.prefab
  artifactKey: Guid(36c00758ce7625d448aca0b6502dde82) Importer(815301076,1909f56bfc062723c751e8b465ee728b)
Start importing Assets/StoreAssets/Polygon Packs/PolygonFantasyKingdom/Prefabs/Weapons/SM_Wep_Axe_02.prefab using Guid(36c00758ce7625d448aca0b6502dde82) Importer(815301076,1909f56bfc062723c751e8b465ee728b)  -> (artifact id: 'beb848249c4b44fdcb32cdf34b0fa97f') in 0.043256 seconds 
========================================================================
Received Import Request.
  Time since last request: 0.000018 seconds.
  path: Assets/StoreAssets/Polygon Packs/PolygonFantasyKingdom/Prefabs/Weapons/SM_Prop_Bow_Rigged_02.prefab
  artifactKey: Guid(010effb2630c6cb4a8bec43beb694183) Importer(815301076,1909f56bfc062723c751e8b465ee728b)
Start importing Assets/StoreAssets/Polygon Packs/PolygonFantasyKingdom/Prefabs/Weapons/SM_Prop_Bow_Rigged_02.prefab using Guid(010effb2630c6cb4a8bec43beb694183) Importer(815301076,1909f56bfc062723c751e8b465ee728b)  -> (artifact id: 'ab0fcd139d7b174f975ecc4d4b7900af') in 0.035894 seconds 
========================================================================
Received Import Request.
  Time since last request: 0.000026 seconds.
  path: Assets/StoreAssets/Polygon Packs/PolygonFantasyKingdom/Prefabs/Weapons/SM_Prop_Bow_Rigged_01.prefab
  artifactKey: Guid(cb6232a083cec354face1959a8bfa209) Importer(815301076,1909f56bfc062723c751e8b465ee728b)
Start importing Assets/StoreAssets/Polygon Packs/PolygonFantasyKingdom/Prefabs/Weapons/SM_Prop_Bow_Rigged_01.prefab using Guid(cb6232a083cec354face1959a8bfa209) Importer(815301076,1909f56bfc062723c751e8b465ee728b)  -> (artifact id: '032d29c1d33979cbec92312f9d6192a9') in 0.032600 seconds 
========================================================================
Received Import Request.
  Time since last request: 0.000022 seconds.
  path: Assets/StoreAssets/Polygon Packs/PolygonFantasyKingdom/Prefabs/Weapons/SM_Prop_Quiver_02.prefab
  artifactKey: Guid(6d619a50f1ad4e942867350bacc9e900) Importer(815301076,1909f56bfc062723c751e8b465ee728b)
Start importing Assets/StoreAssets/Polygon Packs/PolygonFantasyKingdom/Prefabs/Weapons/SM_Prop_Quiver_02.prefab using Guid(6d619a50f1ad4e942867350bacc9e900) Importer(815301076,1909f56bfc062723c751e8b465ee728b)  -> (artifact id: 'b7fd3229be747e0ad344d21a88b3d9a1') in 0.043470 seconds 
========================================================================
Received Import Request.
  Time since last request: 0.000019 seconds.
  path: Assets/StoreAssets/Polygon Packs/PolygonFantasyKingdom/Prefabs/Weapons/SM_Prop_Arrow_01_Optimized.prefab
  artifactKey: Guid(f4bb853f1e3cbf44c8cd670bdd02b3b4) Importer(815301076,1909f56bfc062723c751e8b465ee728b)
Start importing Assets/StoreAssets/Polygon Packs/PolygonFantasyKingdom/Prefabs/Weapons/SM_Prop_Arrow_01_Optimized.prefab using Guid(f4bb853f1e3cbf44c8cd670bdd02b3b4) Importer(815301076,1909f56bfc062723c751e8b465ee728b)  -> (artifact id: '5e024d2c716d1bd00f08f37c125beb1e') in 0.038621 seconds 
========================================================================
Received Import Request.
  Time since last request: 0.328434 seconds.
  path: Assets/StoreAssets/Polygon Packs/PolygonFantasyKingdom/Prefabs/Weapons/SM_Wep_Axe_05.prefab
  artifactKey: Guid(ba0c920c66150f14991eb3302717ea37) Importer(815301076,1909f56bfc062723c751e8b465ee728b)
Start importing Assets/StoreAssets/Polygon Packs/PolygonFantasyKingdom/Prefabs/Weapons/SM_Wep_Axe_05.prefab using Guid(ba0c920c66150f14991eb3302717ea37) Importer(815301076,1909f56bfc062723c751e8b465ee728b)  -> (artifact id: 'cdd8d6decf67228e831142daffd325e0') in 0.040009 seconds 
========================================================================
Received Import Request.
  Time since last request: 0.000018 seconds.
  path: Assets/StoreAssets/Polygon Packs/PolygonFantasyKingdom/Prefabs/Weapons/SM_Wep_Axe_09.prefab
  artifactKey: Guid(7cd2b3efce714454cb1e4edbb26258a4) Importer(815301076,1909f56bfc062723c751e8b465ee728b)
Start importing Assets/StoreAssets/Polygon Packs/PolygonFantasyKingdom/Prefabs/Weapons/SM_Wep_Axe_09.prefab using Guid(7cd2b3efce714454cb1e4edbb26258a4) Importer(815301076,1909f56bfc062723c751e8b465ee728b)  -> (artifact id: '0d35d70e7afc80b47f2f352bbab3f961') in 0.041265 seconds 
========================================================================
Received Import Request.
  Time since last request: 0.000014 seconds.
  path: Assets/StoreAssets/Polygon Packs/PolygonFantasyKingdom/Prefabs/Weapons/SM_Wep_Axe_10.prefab
  artifactKey: Guid(43b1bad21e17ccf4ca8cd01cdb6ae93e) Importer(815301076,1909f56bfc062723c751e8b465ee728b)
Start importing Assets/StoreAssets/Polygon Packs/PolygonFantasyKingdom/Prefabs/Weapons/SM_Wep_Axe_10.prefab using Guid(43b1bad21e17ccf4ca8cd01cdb6ae93e) Importer(815301076,1909f56bfc062723c751e8b465ee728b)  -> (artifact id: 'c41dab09c675a435a12e959e4f76d477') in 0.036393 seconds 
========================================================================
Received Import Request.
  Time since last request: 0.000017 seconds.
  path: Assets/StoreAssets/Polygon Packs/PolygonFantasyKingdom/Prefabs/Weapons/SM_Wep_Axe_11.prefab
  artifactKey: Guid(5de4b1db53f2e654bab1e0448b16741e) Importer(815301076,1909f56bfc062723c751e8b465ee728b)
Start importing Assets/StoreAssets/Polygon Packs/PolygonFantasyKingdom/Prefabs/Weapons/SM_Wep_Axe_11.prefab using Guid(5de4b1db53f2e654bab1e0448b16741e) Importer(815301076,1909f56bfc062723c751e8b465ee728b)  -> (artifact id: '9e2034a55f4f583bb95806ec1ea86cbc') in 0.039357 seconds 
========================================================================
Received Import Request.
  Time since last request: 0.204229 seconds.
  path: Assets/StoreAssets/Polygon Packs/PolygonFantasyKingdom/Prefabs/Weapons/SM_Wep_Dagger_01.prefab
  artifactKey: Guid(507a40406fcf0d24d806435dea69f538) Importer(815301076,1909f56bfc062723c751e8b465ee728b)
Start importing Assets/StoreAssets/Polygon Packs/PolygonFantasyKingdom/Prefabs/Weapons/SM_Wep_Dagger_01.prefab using Guid(507a40406fcf0d24d806435dea69f538) Importer(815301076,1909f56bfc062723c751e8b465ee728b)  -> (artifact id: 'dd847d2882107a336bda24fc07decffd') in 0.038203 seconds 
========================================================================
Received Import Request.
  Time since last request: 0.000020 seconds.
  path: Assets/StoreAssets/Polygon Packs/PolygonFantasyKingdom/Prefabs/Weapons/SM_Wep_Dagger_03.prefab
  artifactKey: Guid(cc8e62a8f8ce5194faf0a937db835cf6) Importer(815301076,1909f56bfc062723c751e8b465ee728b)
Start importing Assets/StoreAssets/Polygon Packs/PolygonFantasyKingdom/Prefabs/Weapons/SM_Wep_Dagger_03.prefab using Guid(cc8e62a8f8ce5194faf0a937db835cf6) Importer(815301076,1909f56bfc062723c751e8b465ee728b)  -> (artifact id: 'd185f379c785814e90130eceffa98944') in 0.043462 seconds 
========================================================================
Received Import Request.
  Time since last request: 0.000024 seconds.
  path: Assets/StoreAssets/Polygon Packs/PolygonFantasyKingdom/Prefabs/Weapons/SM_Wep_Dagger_06.prefab
  artifactKey: Guid(7bc977ffb915da94b9fda3919d561229) Importer(815301076,1909f56bfc062723c751e8b465ee728b)
Start importing Assets/StoreAssets/Polygon Packs/PolygonFantasyKingdom/Prefabs/Weapons/SM_Wep_Dagger_06.prefab using Guid(7bc977ffb915da94b9fda3919d561229) Importer(815301076,1909f56bfc062723c751e8b465ee728b)  -> (artifact id: 'ad2a7192d59b07d0c56b3aa9ef577cff') in 0.041016 seconds 
========================================================================
Received Import Request.
  Time since last request: 0.000016 seconds.
  path: Assets/StoreAssets/Polygon Packs/PolygonFantasyKingdom/Prefabs/Weapons/SM_Wep_Hammer_03.prefab
  artifactKey: Guid(77b65a682fc825d4eb633f6c73894338) Importer(815301076,1909f56bfc062723c751e8b465ee728b)
Start importing Assets/StoreAssets/Polygon Packs/PolygonFantasyKingdom/Prefabs/Weapons/SM_Wep_Hammer_03.prefab using Guid(77b65a682fc825d4eb633f6c73894338) Importer(815301076,1909f56bfc062723c751e8b465ee728b)  -> (artifact id: 'd3847b8ce3e813f6d5445b17862f6567') in 0.039014 seconds 
========================================================================
Received Import Request.
  Time since last request: 0.000014 seconds.
  path: Assets/StoreAssets/Polygon Packs/PolygonFantasyKingdom/Prefabs/Weapons/SM_Wep_Elephant_Gun_02.prefab
  artifactKey: Guid(60e3fbb6578eae747aa8b5321474e75d) Importer(815301076,1909f56bfc062723c751e8b465ee728b)
Start importing Assets/StoreAssets/Polygon Packs/PolygonFantasyKingdom/Prefabs/Weapons/SM_Wep_Elephant_Gun_02.prefab using Guid(60e3fbb6578eae747aa8b5321474e75d) Importer(815301076,1909f56bfc062723c751e8b465ee728b)  -> (artifact id: '32a276d121613f61da51cabad3228eaf') in 0.034257 seconds 
========================================================================
Received Import Request.
  Time since last request: 0.000017 seconds.
  path: Assets/StoreAssets/Polygon Packs/PolygonFantasyKingdom/Prefabs/Weapons/SM_Wep_Dagger_07.prefab
  artifactKey: Guid(5e6397d9339a99b438cb7326b1e5dac7) Importer(815301076,1909f56bfc062723c751e8b465ee728b)
Start importing Assets/StoreAssets/Polygon Packs/PolygonFantasyKingdom/Prefabs/Weapons/SM_Wep_Dagger_07.prefab using Guid(5e6397d9339a99b438cb7326b1e5dac7) Importer(815301076,1909f56bfc062723c751e8b465ee728b)  -> (artifact id: 'f66b424bc898f6486ff3267f5517b81a') in 0.039877 seconds 
========================================================================
Received Import Request.
  Time since last request: 0.087818 seconds.
  path: Assets/StoreAssets/Polygon Packs/PolygonFantasyKingdom/Prefabs/Weapons/SM_Wep_Hammer_04.prefab
  artifactKey: Guid(3bff2d365f4e16843b4f7305d49075f5) Importer(815301076,1909f56bfc062723c751e8b465ee728b)
Start importing Assets/StoreAssets/Polygon Packs/PolygonFantasyKingdom/Prefabs/Weapons/SM_Wep_Hammer_04.prefab using Guid(3bff2d365f4e16843b4f7305d49075f5) Importer(815301076,1909f56bfc062723c751e8b465ee728b)  -> (artifact id: '50cd4571c4e00b39bf9574d23eb35b45') in 0.033969 seconds 
========================================================================
Received Import Request.
  Time since last request: 0.000015 seconds.
  path: Assets/StoreAssets/Polygon Packs/PolygonFantasyKingdom/Prefabs/Weapons/SM_Wep_IcePick_01.prefab
  artifactKey: Guid(26091cf6cdfdf0b4b9616d6701805c77) Importer(815301076,1909f56bfc062723c751e8b465ee728b)
Start importing Assets/StoreAssets/Polygon Packs/PolygonFantasyKingdom/Prefabs/Weapons/SM_Wep_IcePick_01.prefab using Guid(26091cf6cdfdf0b4b9616d6701805c77) Importer(815301076,1909f56bfc062723c751e8b465ee728b)  -> (artifact id: '9e5ca99e3fc16dc4eca27d40782baba3') in 0.046133 seconds 
========================================================================
Received Import Request.
  Time since last request: 0.000019 seconds.
  path: Assets/StoreAssets/Polygon Packs/PolygonFantasyKingdom/Prefabs/Weapons/SM_Wep_Knife_02.prefab
  artifactKey: Guid(afd1345fc1f833043a856c36a6b5da2e) Importer(815301076,1909f56bfc062723c751e8b465ee728b)
Start importing Assets/StoreAssets/Polygon Packs/PolygonFantasyKingdom/Prefabs/Weapons/SM_Wep_Knife_02.prefab using Guid(afd1345fc1f833043a856c36a6b5da2e) Importer(815301076,1909f56bfc062723c751e8b465ee728b)  -> (artifact id: '8f23fcfa6a1b77bad7a85320437891e5') in 0.041088 seconds 
========================================================================
Received Import Request.
  Time since last request: 0.000021 seconds.
  path: Assets/StoreAssets/Polygon Packs/PolygonFantasyKingdom/Prefabs/Weapons/SM_Wep_IcePick_02.prefab
  artifactKey: Guid(a0bde88e4f6d53249b99121677821072) Importer(815301076,1909f56bfc062723c751e8b465ee728b)
Start importing Assets/StoreAssets/Polygon Packs/PolygonFantasyKingdom/Prefabs/Weapons/SM_Wep_IcePick_02.prefab using Guid(a0bde88e4f6d53249b99121677821072) Importer(815301076,1909f56bfc062723c751e8b465ee728b)  -> (artifact id: 'd6d684c9a7b9c75b5063b69932457fda') in 0.038542 seconds 
========================================================================
Received Import Request.
  Time since last request: 0.163794 seconds.
  path: Assets/StoreAssets/Polygon Packs/PolygonFantasyKingdom/Prefabs/Weapons/SM_Wep_Knife_04.prefab
  artifactKey: Guid(7c2b4de056174ed499e0881bf2d69242) Importer(815301076,1909f56bfc062723c751e8b465ee728b)
Start importing Assets/StoreAssets/Polygon Packs/PolygonFantasyKingdom/Prefabs/Weapons/SM_Wep_Knife_04.prefab using Guid(7c2b4de056174ed499e0881bf2d69242) Importer(815301076,1909f56bfc062723c751e8b465ee728b)  -> (artifact id: 'bf9854b5b8d753cc78239c92a77f717c') in 0.036306 seconds 
========================================================================
Received Import Request.
  Time since last request: 0.000018 seconds.
  path: Assets/StoreAssets/Polygon Packs/PolygonFantasyKingdom/Prefabs/Weapons/SM_Wep_Mace_01.prefab
  artifactKey: Guid(6f3863215fb2a2742b86223d07dfc298) Importer(815301076,1909f56bfc062723c751e8b465ee728b)
Start importing Assets/StoreAssets/Polygon Packs/PolygonFantasyKingdom/Prefabs/Weapons/SM_Wep_Mace_01.prefab using Guid(6f3863215fb2a2742b86223d07dfc298) Importer(815301076,1909f56bfc062723c751e8b465ee728b)  -> (artifact id: '4461951010eefb55bacd298c9fa79e0b') in 0.043426 seconds 
========================================================================
Received Import Request.
  Time since last request: 0.000023 seconds.
  path: Assets/StoreAssets/Polygon Packs/PolygonFantasyKingdom/Prefabs/Weapons/SM_Wep_Mace_04.prefab
  artifactKey: Guid(eae3c73b7754a1449a67c050cad45f41) Importer(815301076,1909f56bfc062723c751e8b465ee728b)
Start importing Assets/StoreAssets/Polygon Packs/PolygonFantasyKingdom/Prefabs/Weapons/SM_Wep_Mace_04.prefab using Guid(eae3c73b7754a1449a67c050cad45f41) Importer(815301076,1909f56bfc062723c751e8b465ee728b)  -> (artifact id: 'eda2c2661a1a0d88fd7ab6f23730b3e8') in 0.040113 seconds 
========================================================================
Received Import Request.
  Time since last request: 0.000024 seconds.
  path: Assets/StoreAssets/Polygon Packs/PolygonFantasyKingdom/Prefabs/Weapons/SM_Wep_Mace_03.prefab
  artifactKey: Guid(d6c49010b560d8c4dbc68216b4d7fa25) Importer(815301076,1909f56bfc062723c751e8b465ee728b)
Start importing Assets/StoreAssets/Polygon Packs/PolygonFantasyKingdom/Prefabs/Weapons/SM_Wep_Mace_03.prefab using Guid(d6c49010b560d8c4dbc68216b4d7fa25) Importer(815301076,1909f56bfc062723c751e8b465ee728b)  -> (artifact id: '63e4404191f165da486cd60c4e02df59') in 0.040011 seconds 
========================================================================
Received Import Request.
  Time since last request: 0.098502 seconds.
  path: Assets/StoreAssets/Polygon Packs/PolygonFantasyKingdom/Prefabs/Weapons/SM_Wep_Sceptre_01.prefab
  artifactKey: Guid(b2b33693823efd747aefbec6df5cd442) Importer(815301076,1909f56bfc062723c751e8b465ee728b)
Start importing Assets/StoreAssets/Polygon Packs/PolygonFantasyKingdom/Prefabs/Weapons/SM_Wep_Sceptre_01.prefab using Guid(b2b33693823efd747aefbec6df5cd442) Importer(815301076,1909f56bfc062723c751e8b465ee728b)  -> (artifact id: 'a65b6a3464d27a5689da659057a2eced') in 0.036954 seconds 
========================================================================
Received Import Request.
  Time since last request: 0.000016 seconds.
  path: Assets/StoreAssets/Polygon Packs/PolygonFantasyKingdom/Prefabs/Weapons/SM_Wep_Sceptre_05.prefab
  artifactKey: Guid(35350a69b5005d14a93eff4b360c1209) Importer(815301076,1909f56bfc062723c751e8b465ee728b)
Start importing Assets/StoreAssets/Polygon Packs/PolygonFantasyKingdom/Prefabs/Weapons/SM_Wep_Sceptre_05.prefab using Guid(35350a69b5005d14a93eff4b360c1209) Importer(815301076,1909f56bfc062723c751e8b465ee728b)  -> (artifact id: '76f57edd418cd900277c29c9573f543e') in 0.041022 seconds 
========================================================================
Received Import Request.
  Time since last request: 0.000018 seconds.
  path: Assets/StoreAssets/Polygon Packs/PolygonFantasyKingdom/Prefabs/Weapons/SM_Wep_Sceptre_08.prefab
  artifactKey: Guid(325d2ac0da6143b4aa9187f436ecec55) Importer(815301076,1909f56bfc062723c751e8b465ee728b)
Start importing Assets/StoreAssets/Polygon Packs/PolygonFantasyKingdom/Prefabs/Weapons/SM_Wep_Sceptre_08.prefab using Guid(325d2ac0da6143b4aa9187f436ecec55) Importer(815301076,1909f56bfc062723c751e8b465ee728b)  -> (artifact id: 'b5359692434250e734e4b4b569c3a05f') in 0.045348 seconds 
========================================================================
Received Import Request.
  Time since last request: 0.000025 seconds.
  path: Assets/StoreAssets/Polygon Packs/PolygonFantasyKingdom/Prefabs/Weapons/SM_Wep_Shield_03.prefab
  artifactKey: Guid(56359a0b63e0cfa4787dc3ce3cd41229) Importer(815301076,1909f56bfc062723c751e8b465ee728b)
Start importing Assets/StoreAssets/Polygon Packs/PolygonFantasyKingdom/Prefabs/Weapons/SM_Wep_Shield_03.prefab using Guid(56359a0b63e0cfa4787dc3ce3cd41229) Importer(815301076,1909f56bfc062723c751e8b465ee728b)  -> (artifact id: '98b4e29fa65262ad1fc04e4ebb7f2d02') in 0.049740 seconds 
========================================================================
Received Import Request.
  Time since last request: 0.000024 seconds.
  path: Assets/StoreAssets/Polygon Packs/PolygonFantasyKingdom/Prefabs/Weapons/SM_Wep_Shield_01.prefab
  artifactKey: Guid(691193207fb498347995d8573572685a) Importer(815301076,1909f56bfc062723c751e8b465ee728b)
Start importing Assets/StoreAssets/Polygon Packs/PolygonFantasyKingdom/Prefabs/Weapons/SM_Wep_Shield_01.prefab using Guid(691193207fb498347995d8573572685a) Importer(815301076,1909f56bfc062723c751e8b465ee728b)  -> (artifact id: '53163ba725b40e7141a0bf678d048e00') in 0.046594 seconds 
========================================================================
Received Import Request.
  Time since last request: 0.000020 seconds.
  path: Assets/StoreAssets/Polygon Packs/PolygonFantasyKingdom/Prefabs/Weapons/SM_Wep_Sceptre_09.prefab
  artifactKey: Guid(2414d91944a82d74dbe9abd3e6402300) Importer(815301076,1909f56bfc062723c751e8b465ee728b)
Start importing Assets/StoreAssets/Polygon Packs/PolygonFantasyKingdom/Prefabs/Weapons/SM_Wep_Sceptre_09.prefab using Guid(2414d91944a82d74dbe9abd3e6402300) Importer(815301076,1909f56bfc062723c751e8b465ee728b)  -> (artifact id: '3f64e2bf4ca2e863072f522e38017bdf') in 0.051738 seconds 
========================================================================
Received Import Request.
  Time since last request: 0.055599 seconds.
  path: Assets/StoreAssets/Polygon Packs/PolygonFantasyKingdom/Prefabs/Weapons/SM_Wep_Shield_04.prefab
  artifactKey: Guid(bae653b83f13cb34181154cde714a39c) Importer(815301076,1909f56bfc062723c751e8b465ee728b)
Start importing Assets/StoreAssets/Polygon Packs/PolygonFantasyKingdom/Prefabs/Weapons/SM_Wep_Shield_04.prefab using Guid(bae653b83f13cb34181154cde714a39c) Importer(815301076,1909f56bfc062723c751e8b465ee728b)  -> (artifact id: '1e46b07adb2c82ac041cf72ecdaab2c1') in 0.035168 seconds 
========================================================================
Received Import Request.
  Time since last request: 0.000017 seconds.
  path: Assets/StoreAssets/Polygon Packs/PolygonFantasyKingdom/Prefabs/Weapons/SM_Wep_Shield_06.prefab
  artifactKey: Guid(19ad29e8f6d41e9459f7a20da317f313) Importer(815301076,1909f56bfc062723c751e8b465ee728b)
Start importing Assets/StoreAssets/Polygon Packs/PolygonFantasyKingdom/Prefabs/Weapons/SM_Wep_Shield_06.prefab using Guid(19ad29e8f6d41e9459f7a20da317f313) Importer(815301076,1909f56bfc062723c751e8b465ee728b)  -> (artifact id: 'e4394b405eab56121d4537f4960c276d') in 0.038682 seconds 
========================================================================
Received Import Request.
  Time since last request: 0.000015 seconds.
  path: Assets/StoreAssets/Polygon Packs/PolygonFantasyKingdom/Prefabs/Weapons/SM_Wep_Shield_10.prefab
  artifactKey: Guid(3e934459b9ca9e54f9b7068951b6ff77) Importer(815301076,1909f56bfc062723c751e8b465ee728b)
Start importing Assets/StoreAssets/Polygon Packs/PolygonFantasyKingdom/Prefabs/Weapons/SM_Wep_Shield_10.prefab using Guid(3e934459b9ca9e54f9b7068951b6ff77) Importer(815301076,1909f56bfc062723c751e8b465ee728b)  -> (artifact id: 'f3cee64b1bd5a5cb3997d583aa58c5f5') in 0.040562 seconds 
========================================================================
Received Import Request.
  Time since last request: 0.000019 seconds.
  path: Assets/StoreAssets/Polygon Packs/PolygonFantasyKingdom/Prefabs/Weapons/SM_Wep_Shield_08.prefab
  artifactKey: Guid(3e5b956849e5aea44bd2455cd53102b5) Importer(815301076,1909f56bfc062723c751e8b465ee728b)
Start importing Assets/StoreAssets/Polygon Packs/PolygonFantasyKingdom/Prefabs/Weapons/SM_Wep_Shield_08.prefab using Guid(3e5b956849e5aea44bd2455cd53102b5) Importer(815301076,1909f56bfc062723c751e8b465ee728b)  -> (artifact id: '45121c29eadf3112d28f4eb5797a589b') in 0.050211 seconds 
========================================================================
Received Import Request.
  Time since last request: 0.134335 seconds.
  path: Assets/StoreAssets/Polygon Packs/PolygonFantasyKingdom/Prefabs/Weapons/SM_Wep_Spear_02.prefab
  artifactKey: Guid(d0a72705882da8547959d521e1cbf1a2) Importer(815301076,1909f56bfc062723c751e8b465ee728b)
Start importing Assets/StoreAssets/Polygon Packs/PolygonFantasyKingdom/Prefabs/Weapons/SM_Wep_Spear_02.prefab using Guid(d0a72705882da8547959d521e1cbf1a2) Importer(815301076,1909f56bfc062723c751e8b465ee728b)  -> (artifact id: 'c96e8ebe1380728f0e98a39561492f4d') in 0.037134 seconds 
========================================================================
Received Import Request.
  Time since last request: 0.000016 seconds.
  path: Assets/StoreAssets/Polygon Packs/PolygonFantasyKingdom/Prefabs/Weapons/SM_Wep_Spear_04.prefab
  artifactKey: Guid(a18eacac843138243964273ae0f18e8b) Importer(815301076,1909f56bfc062723c751e8b465ee728b)
Start importing Assets/StoreAssets/Polygon Packs/PolygonFantasyKingdom/Prefabs/Weapons/SM_Wep_Spear_04.prefab using Guid(a18eacac843138243964273ae0f18e8b) Importer(815301076,1909f56bfc062723c751e8b465ee728b)  -> (artifact id: 'e7fa2417980265ba5f656e403b7dd920') in 0.035008 seconds 
========================================================================
Received Import Request.
  Time since last request: 0.000020 seconds.
  path: Assets/StoreAssets/Polygon Packs/PolygonFantasyKingdom/Prefabs/Weapons/SM_Wep_Spear_07.prefab
  artifactKey: Guid(582bf6a9e98f49b45ab001b684b0729e) Importer(815301076,1909f56bfc062723c751e8b465ee728b)
Start importing Assets/StoreAssets/Polygon Packs/PolygonFantasyKingdom/Prefabs/Weapons/SM_Wep_Spear_07.prefab using Guid(582bf6a9e98f49b45ab001b684b0729e) Importer(815301076,1909f56bfc062723c751e8b465ee728b)  -> (artifact id: '198fb0ebb9b4f6398f5ad85a7309ef2d') in 0.040940 seconds 
========================================================================
Received Import Request.
  Time since last request: 0.000029 seconds.
  path: Assets/StoreAssets/Polygon Packs/PolygonFantasyKingdom/Prefabs/Weapons/SM_Wep_Spear_11.prefab
  artifactKey: Guid(c2932925f2b7b2a4c9ba729e3f548532) Importer(815301076,1909f56bfc062723c751e8b465ee728b)
Start importing Assets/StoreAssets/Polygon Packs/PolygonFantasyKingdom/Prefabs/Weapons/SM_Wep_Spear_11.prefab using Guid(c2932925f2b7b2a4c9ba729e3f548532) Importer(815301076,1909f56bfc062723c751e8b465ee728b)  -> (artifact id: '041fb7527e2287761c1b97bd42c70636') in 0.038337 seconds 
========================================================================
Received Import Request.
  Time since last request: 0.000016 seconds.
  path: Assets/StoreAssets/Polygon Packs/PolygonFantasyKingdom/Prefabs/Weapons/SM_Wep_Spear_05.prefab
  artifactKey: Guid(ed3c1bce9753f4b42a88d436306d502a) Importer(815301076,1909f56bfc062723c751e8b465ee728b)
Start importing Assets/StoreAssets/Polygon Packs/PolygonFantasyKingdom/Prefabs/Weapons/SM_Wep_Spear_05.prefab using Guid(ed3c1bce9753f4b42a88d436306d502a) Importer(815301076,1909f56bfc062723c751e8b465ee728b)  -> (artifact id: '1b48b4335985f346596c6e8228234892') in 0.041036 seconds 
========================================================================
Received Import Request.
  Time since last request: 0.000016 seconds.
  path: Assets/StoreAssets/Polygon Packs/PolygonFantasyKingdom/Prefabs/Weapons/SM_Wep_Spear_10.prefab
  artifactKey: Guid(eeeee4c8e7e6fac4d9221610c1d24ed6) Importer(815301076,1909f56bfc062723c751e8b465ee728b)
Start importing Assets/StoreAssets/Polygon Packs/PolygonFantasyKingdom/Prefabs/Weapons/SM_Wep_Spear_10.prefab using Guid(eeeee4c8e7e6fac4d9221610c1d24ed6) Importer(815301076,1909f56bfc062723c751e8b465ee728b)  -> (artifact id: '6bc1371e6b7e6b046c4d7077147bc894') in 0.089029 seconds 
========================================================================
Received Import Request.
  Time since last request: 0.044495 seconds.
  path: Assets/StoreAssets/Polygon Packs/PolygonFantasyKingdom/Prefabs/Weapons/SM_Wep_Staff_02.prefab
  artifactKey: Guid(c2dd40164096b6e4580abdd7d7679766) Importer(815301076,1909f56bfc062723c751e8b465ee728b)
Start importing Assets/StoreAssets/Polygon Packs/PolygonFantasyKingdom/Prefabs/Weapons/SM_Wep_Staff_02.prefab using Guid(c2dd40164096b6e4580abdd7d7679766) Importer(815301076,1909f56bfc062723c751e8b465ee728b)  -> (artifact id: 'c7496c1ee52425f9b86a2be0fb2dcf08') in 0.096376 seconds 
========================================================================
Received Import Request.
  Time since last request: 0.000017 seconds.
  path: Assets/StoreAssets/Polygon Packs/PolygonFantasyKingdom/Prefabs/Weapons/SM_Wep_Staff_05.prefab
  artifactKey: Guid(4c9c3be58f7bf504b8d46553bf4c66cc) Importer(815301076,1909f56bfc062723c751e8b465ee728b)
Start importing Assets/StoreAssets/Polygon Packs/PolygonFantasyKingdom/Prefabs/Weapons/SM_Wep_Staff_05.prefab using Guid(4c9c3be58f7bf504b8d46553bf4c66cc) Importer(815301076,1909f56bfc062723c751e8b465ee728b)  -> (artifact id: '95a370653e73cff750c1ab2ff5acfde2') in 0.056677 seconds 
========================================================================
Received Import Request.
  Time since last request: 3.525690 seconds.
  path: Assets/StoreAssets/Polygon Packs/PolygonFantasyKingdom/Prefabs/Weapons/SM_Wep_Staff_06.prefab
  artifactKey: Guid(efefb8d909ea1a744b15126aa57d76a1) Importer(815301076,1909f56bfc062723c751e8b465ee728b)
Start importing Assets/StoreAssets/Polygon Packs/PolygonFantasyKingdom/Prefabs/Weapons/SM_Wep_Staff_06.prefab using Guid(efefb8d909ea1a744b15126aa57d76a1) Importer(815301076,1909f56bfc062723c751e8b465ee728b)  -> (artifact id: '6c1ee033db8c2857398404fd497a337e') in 0.039039 seconds 
========================================================================
Received Import Request.
  Time since last request: 0.050271 seconds.
  path: Assets/StoreAssets/Polygon Packs/PolygonFantasyKingdom/Prefabs/Weapons/SM_Wep_Staff_10.prefab
  artifactKey: Guid(eee4a194e73e46f49b6854e0fc1c88b3) Importer(815301076,1909f56bfc062723c751e8b465ee728b)
Start importing Assets/StoreAssets/Polygon Packs/PolygonFantasyKingdom/Prefabs/Weapons/SM_Wep_Staff_10.prefab using Guid(eee4a194e73e46f49b6854e0fc1c88b3) Importer(815301076,1909f56bfc062723c751e8b465ee728b)  -> (artifact id: 'ebb1ecbbba8213bbdb21757f020f2281') in 0.045334 seconds 
========================================================================
Received Import Request.
  Time since last request: 0.000024 seconds.
  path: Assets/StoreAssets/Polygon Packs/PolygonFantasyKingdom/Prefabs/Weapons/SM_Wep_Sword_03.prefab
  artifactKey: Guid(f31ae95d248e8854bb5499cf38303350) Importer(815301076,1909f56bfc062723c751e8b465ee728b)
Start importing Assets/StoreAssets/Polygon Packs/PolygonFantasyKingdom/Prefabs/Weapons/SM_Wep_Sword_03.prefab using Guid(f31ae95d248e8854bb5499cf38303350) Importer(815301076,1909f56bfc062723c751e8b465ee728b)  -> (artifact id: 'e61af6e8f1505442c66ce1d39dbf0602') in 0.050511 seconds 
========================================================================
Received Import Request.
  Time since last request: 0.000034 seconds.
  path: Assets/StoreAssets/Polygon Packs/PolygonFantasyKingdom/Prefabs/Weapons/SM_Wep_Sword_06.prefab
  artifactKey: Guid(ea2dbfa1557b6db49960715184f8470e) Importer(815301076,1909f56bfc062723c751e8b465ee728b)
Start importing Assets/StoreAssets/Polygon Packs/PolygonFantasyKingdom/Prefabs/Weapons/SM_Wep_Sword_06.prefab using Guid(ea2dbfa1557b6db49960715184f8470e) Importer(815301076,1909f56bfc062723c751e8b465ee728b)  -> (artifact id: 'b89d07765446be1d3532d17eb26d2b45') in 0.046933 seconds 
========================================================================
Received Import Request.
  Time since last request: 0.000032 seconds.
  path: Assets/StoreAssets/Polygon Packs/PolygonFantasyKingdom/Prefabs/Weapons/SM_Wep_Sword_10.prefab
  artifactKey: Guid(2d9a0557564d9ec499844a9500116dd1) Importer(815301076,1909f56bfc062723c751e8b465ee728b)
Start importing Assets/StoreAssets/Polygon Packs/PolygonFantasyKingdom/Prefabs/Weapons/SM_Wep_Sword_10.prefab using Guid(2d9a0557564d9ec499844a9500116dd1) Importer(815301076,1909f56bfc062723c751e8b465ee728b)  -> (artifact id: '7dbf826585b9dfc8452df3bbe54f9d77') in 0.037639 seconds 
========================================================================
Received Import Request.
  Time since last request: 0.169606 seconds.
  path: Assets/StoreAssets/Polygon Packs/PolygonFantasyKingdom/Prefabs/Weapons/SM_Wep_Sword_12.prefab
  artifactKey: Guid(0e2c93b26f53b644ab3b9fbeb0bbbbce) Importer(815301076,1909f56bfc062723c751e8b465ee728b)
Start importing Assets/StoreAssets/Polygon Packs/PolygonFantasyKingdom/Prefabs/Weapons/SM_Wep_Sword_12.prefab using Guid(0e2c93b26f53b644ab3b9fbeb0bbbbce) Importer(815301076,1909f56bfc062723c751e8b465ee728b)  -> (artifact id: '4b9aec66d8d89b8ed0f1b531333e8051') in 0.047676 seconds 
========================================================================
Received Import Request.
  Time since last request: 0.017633 seconds.
  path: Assets/StoreAssets/Polygon Packs/PolygonFantasyKingdom/Prefabs/Weapons/SM_Wep_Sword_16.prefab
  artifactKey: Guid(000ba31fdb0111d4584775b384f6efac) Importer(815301076,1909f56bfc062723c751e8b465ee728b)
Start importing Assets/StoreAssets/Polygon Packs/PolygonFantasyKingdom/Prefabs/Weapons/SM_Wep_Sword_16.prefab using Guid(000ba31fdb0111d4584775b384f6efac) Importer(815301076,1909f56bfc062723c751e8b465ee728b)  -> (artifact id: '3a201196dd5b0c82a047d8fa41e03424') in 0.038020 seconds 
========================================================================
Received Import Request.
  Time since last request: 3.261810 seconds.
  path: Assets/StoreAssets/Polygon Packs/PolygonFantasyKingdom/Prefabs/SiegeEngines
  artifactKey: Guid(893627ee2efbd294d8d373cbcd86c2f7) Importer(815301076,1909f56bfc062723c751e8b465ee728b)
Start importing Assets/StoreAssets/Polygon Packs/PolygonFantasyKingdom/Prefabs/SiegeEngines using Guid(893627ee2efbd294d8d373cbcd86c2f7) Importer(815301076,1909f56bfc062723c751e8b465ee728b)  -> (artifact id: '004337968ede05fcac34e479030f6339') in 0.004144 seconds 
========================================================================
Received Import Request.
  Time since last request: 0.053655 seconds.
  path: Assets/StoreAssets/Polygon Packs/PolygonFantasyKingdom/Prefabs/SiegeEngines/SM_Wep_Ballista_Mobile_01.prefab
  artifactKey: Guid(51339d6107dc96a469e865d4642a8641) Importer(815301076,1909f56bfc062723c751e8b465ee728b)
Start importing Assets/StoreAssets/Polygon Packs/PolygonFantasyKingdom/Prefabs/SiegeEngines/SM_Wep_Ballista_Mobile_01.prefab using Guid(51339d6107dc96a469e865d4642a8641) Importer(815301076,1909f56bfc062723c751e8b465ee728b)  -> (artifact id: '91242fa5f37305d23b994516be8aaa17') in 0.045881 seconds 
========================================================================
Received Import Request.
  Time since last request: 0.000023 seconds.
  path: Assets/StoreAssets/Polygon Packs/PolygonFantasyKingdom/Prefabs/SiegeEngines/SM_Wep_Ballista_Projectile_01.prefab
  artifactKey: Guid(e26f9de15e27b7b4da91c1c4b01ce212) Importer(815301076,1909f56bfc062723c751e8b465ee728b)
Start importing Assets/StoreAssets/Polygon Packs/PolygonFantasyKingdom/Prefabs/SiegeEngines/SM_Wep_Ballista_Projectile_01.prefab using Guid(e26f9de15e27b7b4da91c1c4b01ce212) Importer(815301076,1909f56bfc062723c751e8b465ee728b)  -> (artifact id: '29abf0b759135fafdc8662158482f6dc') in 0.046173 seconds 
========================================================================
Received Import Request.
  Time since last request: 0.000032 seconds.
  path: Assets/StoreAssets/Polygon Packs/PolygonFantasyKingdom/Prefabs/SiegeEngines/SM_Wep_Mortar_01.prefab
  artifactKey: Guid(7a67199c460763c43a005506acc1dde2) Importer(815301076,1909f56bfc062723c751e8b465ee728b)
Start importing Assets/StoreAssets/Polygon Packs/PolygonFantasyKingdom/Prefabs/SiegeEngines/SM_Wep_Mortar_01.prefab using Guid(7a67199c460763c43a005506acc1dde2) Importer(815301076,1909f56bfc062723c751e8b465ee728b)  -> (artifact id: '1c1c4212ffbfb3f71b1f4de2fe7e6406') in 0.049605 seconds 
========================================================================
Received Import Request.
  Time since last request: 0.000027 seconds.
  path: Assets/StoreAssets/Polygon Packs/PolygonFantasyKingdom/Prefabs/SiegeEngines/SM_Wep_Cannon_01.prefab
  artifactKey: Guid(3da9fd16f2d6c67468ca9222d4abf72f) Importer(815301076,1909f56bfc062723c751e8b465ee728b)
Start importing Assets/StoreAssets/Polygon Packs/PolygonFantasyKingdom/Prefabs/SiegeEngines/SM_Wep_Cannon_01.prefab using Guid(3da9fd16f2d6c67468ca9222d4abf72f) Importer(815301076,1909f56bfc062723c751e8b465ee728b)  -> (artifact id: 'a9004a161f9d0ef48a1d44246269cba7') in 0.057647 seconds 
Editor requested this worker to shutdown with reason: Scaling down because of idle timeout
AssetImportWorker is now disconnected from the server
Process exiting
Exiting without the bug reporter. Application will terminate with return code 0